[2022-09-09T12:20:48.885] [ERROR] archivoError - probando error file
[2022-09-09T12:21:44.120] [ERROR] archivoError - probando error file

[2022-09-09T12:26:25.345] [ERROR] archivoError - Error: Cannot find module 'es'
Require stack:
- C:\Users\abogc\OneDrive\Desktop\Backend\Desafio_CompresionLog\node_modules\express\lib\view.js
- C:\Users\abogc\OneDrive\Desktop\Backend\Desafio_CompresionLog\node_modules\express\lib\application.js
- C:\Users\abogc\OneDrive\Desktop\Backend\Desafio_CompresionLog\node_modules\express\lib\express.js
    at Function.Module._resolveFilename (node:internal/modules/cjs/loader:933:15)
    at Function.Module._load (node:internal/modules/cjs/loader:778:27)
    at Module.require (node:internal/modules/cjs/loader:1005:19)
    at require (node:internal/modules/cjs/helpers:102:18)
    at new View (C:\Users\abogc\OneDrive\Desktop\Backend\Desafio_CompresionLog\node_modules\express\lib\view.js:81:14)
    at Function.render (C:\Users\abogc\OneDrive\Desktop\Backend\Desafio_CompresionLog\node_modules\express\lib\application.js:587:12)
    at ServerResponse.render (C:\Users\abogc\OneDrive\Desktop\Backend\Desafio_CompresionLog\node_modules\express\lib\response.js:1039:7)
    at getInfo (file:///C:/Users/abogc/OneDrive/Desktop/Backend/Desafio_CompresionLog/routes/index.js:74:21)
    at Layer.handle [as handle_request] (C:\Users\abogc\OneDrive\Desktop\Backend\Desafio_CompresionLog\node_modules\express\lib\router\layer.js:95:5)
    at next (C:\Users\abogc\OneDrive\Desktop\Backend\Desafio_CompresionLog\node_modules\express\lib\router\route.js:144:13) {
  code: 'MODULE_NOT_FOUND',
  requireStack: [
    'C:\\Users\\abogc\\OneDrive\\Desktop\\Backend\\Desafio_CompresionLog\\node_modules\\express\\lib\\view.js',
    'C:\\Users\\abogc\\OneDrive\\Desktop\\Backend\\Desafio_CompresionLog\\node_modules\\express\\lib\\application.js',
    'C:\\Users\\abogc\\OneDrive\\Desktop\\Backend\\Desafio_CompresionLog\\node_modules\\express\\lib\\express.js'
  ]
}
[2022-09-09T12:37:56.427] [ERROR] archivoError - TypeError: Cannot read properties of undefined (reading 'url')
    at getNotImplementedRoute (file:///C:/Users/abogc/OneDrive/Desktop/Backend/Desafio_CompresionLog/routes/index.js:162:38)
    at file:///C:/Users/abogc/OneDrive/Desktop/Backend/Desafio_CompresionLog/server.js:92:16
    at ModuleJob.run (node:internal/modules/esm/module_job:195:25)
    at async Promise.all (index 0)
    at async ESMLoader.import (node:internal/modules/esm/loader:337:24)
    at async loadESM (node:internal/process/esm_loader:88:5)
    at async handleMainPromise (node:internal/modules/run_main:61:12)
[2022-09-09T12:37:56.425] [ERROR] archivoError - TypeError: Cannot read properties of undefined (reading 'url')
    at getNotImplementedRoute (file:///C:/Users/abogc/OneDrive/Desktop/Backend/Desafio_CompresionLog/routes/index.js:162:38)
    at file:///C:/Users/abogc/OneDrive/Desktop/Backend/Desafio_CompresionLog/server.js:92:16
    at ModuleJob.run (node:internal/modules/esm/module_job:195:25)
    at async Promise.all (index 0)
    at async ESMLoader.import (node:internal/modules/esm/loader:337:24)
    at async loadESM (node:internal/process/esm_loader:88:5)
    at async handleMainPromise (node:internal/modules/run_main:61:12)
[2022-09-09T12:37:56.439] [ERROR] archivoError - TypeError: Cannot read properties of undefined (reading 'url')
    at getNotImplementedRoute (file:///C:/Users/abogc/OneDrive/Desktop/Backend/Desafio_CompresionLog/routes/index.js:162:38)
    at file:///C:/Users/abogc/OneDrive/Desktop/Backend/Desafio_CompresionLog/server.js:92:16
    at ModuleJob.run (node:internal/modules/esm/module_job:195:25)
    at async Promise.all (index 0)
    at async ESMLoader.import (node:internal/modules/esm/loader:337:24)
    at async loadESM (node:internal/process/esm_loader:88:5)
    at async handleMainPromise (node:internal/modules/run_main:61:12)
[2022-09-09T12:38:49.003] [ERROR] archivoError - TypeError: Cannot read properties of undefined (reading 'url')
    at getNotImplementedRoute (file:///C:/Users/abogc/OneDrive/Desktop/Backend/Desafio_CompresionLog/routes/index.js:162:38)
    at file:///C:/Users/abogc/OneDrive/Desktop/Backend/Desafio_CompresionLog/server.js:92:16
    at ModuleJob.run (node:internal/modules/esm/module_job:195:25)
    at async Promise.all (index 0)
    at async ESMLoader.import (node:internal/modules/esm/loader:337:24)
    at async loadESM (node:internal/process/esm_loader:88:5)
    at async handleMainPromise (node:internal/modules/run_main:61:12)
[2022-09-09T12:38:48.998] [ERROR] archivoError - TypeError: Cannot read properties of undefined (reading 'url')
    at getNotImplementedRoute (file:///C:/Users/abogc/OneDrive/Desktop/Backend/Desafio_CompresionLog/routes/index.js:162:38)
    at file:///C:/Users/abogc/OneDrive/Desktop/Backend/Desafio_CompresionLog/server.js:92:16
    at ModuleJob.run (node:internal/modules/esm/module_job:195:25)
    at async Promise.all (index 0)
    at async ESMLoader.import (node:internal/modules/esm/loader:337:24)
    at async loadESM (node:internal/process/esm_loader:88:5)
    at async handleMainPromise (node:internal/modules/run_main:61:12)
[2022-09-09T12:38:49.016] [ERROR] archivoError - TypeError: Cannot read properties of undefined (reading 'url')
    at getNotImplementedRoute (file:///C:/Users/abogc/OneDrive/Desktop/Backend/Desafio_CompresionLog/routes/index.js:162:38)
    at file:///C:/Users/abogc/OneDrive/Desktop/Backend/Desafio_CompresionLog/server.js:92:16
    at ModuleJob.run (node:internal/modules/esm/module_job:195:25)
    at async Promise.all (index 0)
    at async ESMLoader.import (node:internal/modules/esm/loader:337:24)
    at async loadESM (node:internal/process/esm_loader:88:5)
    at async handleMainPromise (node:internal/modules/run_main:61:12)
[2022-09-09T12:40:43.421] [ERROR] archivoError - TypeError: Cannot read properties of undefined (reading 'url')
    at getNotImplementedRoute (file:///C:/Users/abogc/OneDrive/Desktop/Backend/Desafio_CompresionLog/routes/index.js:162:38)
    at file:///C:/Users/abogc/OneDrive/Desktop/Backend/Desafio_CompresionLog/server.js:92:16
    at ModuleJob.run (node:internal/modules/esm/module_job:195:25)
    at async Promise.all (index 0)
    at async ESMLoader.import (node:internal/modules/esm/loader:337:24)
    at async loadESM (node:internal/process/esm_loader:88:5)
    at async handleMainPromise (node:internal/modules/run_main:61:12)
[2022-09-09T12:40:43.415] [ERROR] archivoError - TypeError: Cannot read properties of undefined (reading 'url')
    at getNotImplementedRoute (file:///C:/Users/abogc/OneDrive/Desktop/Backend/Desafio_CompresionLog/routes/index.js:162:38)
    at file:///C:/Users/abogc/OneDrive/Desktop/Backend/Desafio_CompresionLog/server.js:92:16
    at ModuleJob.run (node:internal/modules/esm/module_job:195:25)
    at async Promise.all (index 0)
    at async ESMLoader.import (node:internal/modules/esm/loader:337:24)
    at async loadESM (node:internal/process/esm_loader:88:5)
    at async handleMainPromise (node:internal/modules/run_main:61:12)
[2022-09-09T12:40:43.437] [ERROR] archivoError - TypeError: Cannot read properties of undefined (reading 'url')
    at getNotImplementedRoute (file:///C:/Users/abogc/OneDrive/Desktop/Backend/Desafio_CompresionLog/routes/index.js:162:38)
    at file:///C:/Users/abogc/OneDrive/Desktop/Backend/Desafio_CompresionLog/server.js:92:16
    at ModuleJob.run (node:internal/modules/esm/module_job:195:25)
    at async Promise.all (index 0)
    at async ESMLoader.import (node:internal/modules/esm/loader:337:24)
    at async loadESM (node:internal/process/esm_loader:88:5)
    at async handleMainPromise (node:internal/modules/run_main:61:12)
[2022-09-09T12:41:23.197] [ERROR] archivoError - TypeError: Cannot read properties of undefined (reading 'url')
    at getNotImplementedRoute (file:///C:/Users/abogc/OneDrive/Desktop/Backend/Desafio_CompresionLog/routes/index.js:162:38)
    at file:///C:/Users/abogc/OneDrive/Desktop/Backend/Desafio_CompresionLog/server.js:92:16
    at ModuleJob.run (node:internal/modules/esm/module_job:195:25)
    at async Promise.all (index 0)
    at async ESMLoader.import (node:internal/modules/esm/loader:337:24)
    at async loadESM (node:internal/process/esm_loader:88:5)
    at async handleMainPromise (node:internal/modules/run_main:61:12)
[2022-09-09T12:41:23.216] [ERROR] archivoError - TypeError: Cannot read properties of undefined (reading 'url')
    at getNotImplementedRoute (file:///C:/Users/abogc/OneDrive/Desktop/Backend/Desafio_CompresionLog/routes/index.js:162:38)
    at file:///C:/Users/abogc/OneDrive/Desktop/Backend/Desafio_CompresionLog/server.js:92:16
    at ModuleJob.run (node:internal/modules/esm/module_job:195:25)
    at async Promise.all (index 0)
    at async ESMLoader.import (node:internal/modules/esm/loader:337:24)
    at async loadESM (node:internal/process/esm_loader:88:5)
    at async handleMainPromise (node:internal/modules/run_main:61:12)
[2022-09-09T12:41:23.228] [ERROR] archivoError - TypeError: Cannot read properties of undefined (reading 'url')
    at getNotImplementedRoute (file:///C:/Users/abogc/OneDrive/Desktop/Backend/Desafio_CompresionLog/routes/index.js:162:38)
    at file:///C:/Users/abogc/OneDrive/Desktop/Backend/Desafio_CompresionLog/server.js:92:16
    at ModuleJob.run (node:internal/modules/esm/module_job:195:25)
    at async Promise.all (index 0)
    at async ESMLoader.import (node:internal/modules/esm/loader:337:24)
    at async loadESM (node:internal/process/esm_loader:88:5)
    at async handleMainPromise (node:internal/modules/run_main:61:12)
[2022-09-09T12:41:23.321] [ERROR] archivoError - TypeError: Cannot read properties of undefined (reading 'url')
    at getNotImplementedRoute (file:///C:/Users/abogc/OneDrive/Desktop/Backend/Desafio_CompresionLog/routes/index.js:162:38)
    at file:///C:/Users/abogc/OneDrive/Desktop/Backend/Desafio_CompresionLog/server.js:92:16
    at ModuleJob.run (node:internal/modules/esm/module_job:195:25)
    at async Promise.all (index 0)
    at async ESMLoader.import (node:internal/modules/esm/loader:337:24)
    at async loadESM (node:internal/process/esm_loader:88:5)
    at async handleMainPromise (node:internal/modules/run_main:61:12)
[2022-09-09T12:41:24.474] [ERROR] archivoError - TypeError: Cannot read properties of undefined (reading 'url')
    at getNotImplementedRoute (file:///C:/Users/abogc/OneDrive/Desktop/Backend/Desafio_CompresionLog/routes/index.js:162:38)
    at file:///C:/Users/abogc/OneDrive/Desktop/Backend/Desafio_CompresionLog/server.js:92:16
    at ModuleJob.run (node:internal/modules/esm/module_job:195:25)
    at async Promise.all (index 0)
    at async ESMLoader.import (node:internal/modules/esm/loader:337:24)
    at async loadESM (node:internal/process/esm_loader:88:5)
    at async handleMainPromise (node:internal/modules/run_main:61:12)
[2022-09-09T12:41:24.499] [ERROR] archivoError - TypeError: Cannot read properties of undefined (reading 'url')
    at getNotImplementedRoute (file:///C:/Users/abogc/OneDrive/Desktop/Backend/Desafio_CompresionLog/routes/index.js:162:38)
    at file:///C:/Users/abogc/OneDrive/Desktop/Backend/Desafio_CompresionLog/server.js:92:16
    at ModuleJob.run (node:internal/modules/esm/module_job:195:25)
    at async Promise.all (index 0)
    at async ESMLoader.import (node:internal/modules/esm/loader:337:24)
    at async loadESM (node:internal/process/esm_loader:88:5)
    at async handleMainPromise (node:internal/modules/run_main:61:12)
[2022-09-09T12:41:24.528] [ERROR] archivoError - TypeError: Cannot read properties of undefined (reading 'url')
    at getNotImplementedRoute (file:///C:/Users/abogc/OneDrive/Desktop/Backend/Desafio_CompresionLog/routes/index.js:162:38)
    at file:///C:/Users/abogc/OneDrive/Desktop/Backend/Desafio_CompresionLog/server.js:92:16
    at ModuleJob.run (node:internal/modules/esm/module_job:195:25)
    at async Promise.all (index 0)
    at async ESMLoader.import (node:internal/modules/esm/loader:337:24)
    at async loadESM (node:internal/process/esm_loader:88:5)
    at async handleMainPromise (node:internal/modules/run_main:61:12)
[2022-09-09T12:41:24.650] [ERROR] archivoError - TypeError: Cannot read properties of undefined (reading 'url')
    at getNotImplementedRoute (file:///C:/Users/abogc/OneDrive/Desktop/Backend/Desafio_CompresionLog/routes/index.js:162:38)
    at file:///C:/Users/abogc/OneDrive/Desktop/Backend/Desafio_CompresionLog/server.js:92:16
    at ModuleJob.run (node:internal/modules/esm/module_job:195:25)
    at async Promise.all (index 0)
    at async ESMLoader.import (node:internal/modules/esm/loader:337:24)
    at async loadESM (node:internal/process/esm_loader:88:5)
    at async handleMainPromise (node:internal/modules/run_main:61:12)
[2022-09-09T12:41:25.804] [ERROR] archivoError - TypeError: Cannot read properties of undefined (reading 'url')
    at getNotImplementedRoute (file:///C:/Users/abogc/OneDrive/Desktop/Backend/Desafio_CompresionLog/routes/index.js:162:38)
    at file:///C:/Users/abogc/OneDrive/Desktop/Backend/Desafio_CompresionLog/server.js:92:16
    at ModuleJob.run (node:internal/modules/esm/module_job:195:25)
    at async Promise.all (index 0)
    at async ESMLoader.import (node:internal/modules/esm/loader:337:24)
    at async loadESM (node:internal/process/esm_loader:88:5)
    at async handleMainPromise (node:internal/modules/run_main:61:12)
[2022-09-09T12:41:25.826] [ERROR] archivoError - TypeError: Cannot read properties of undefined (reading 'url')
    at getNotImplementedRoute (file:///C:/Users/abogc/OneDrive/Desktop/Backend/Desafio_CompresionLog/routes/index.js:162:38)
    at file:///C:/Users/abogc/OneDrive/Desktop/Backend/Desafio_CompresionLog/server.js:92:16
    at ModuleJob.run (node:internal/modules/esm/module_job:195:25)
    at async Promise.all (index 0)
    at async ESMLoader.import (node:internal/modules/esm/loader:337:24)
    at async loadESM (node:internal/process/esm_loader:88:5)
    at async handleMainPromise (node:internal/modules/run_main:61:12)
[2022-09-09T12:41:25.941] [ERROR] archivoError - TypeError: Cannot read properties of undefined (reading 'url')
    at getNotImplementedRoute (file:///C:/Users/abogc/OneDrive/Desktop/Backend/Desafio_CompresionLog/routes/index.js:162:38)
    at file:///C:/Users/abogc/OneDrive/Desktop/Backend/Desafio_CompresionLog/server.js:92:16
    at ModuleJob.run (node:internal/modules/esm/module_job:195:25)
    at async Promise.all (index 0)
    at async ESMLoader.import (node:internal/modules/esm/loader:337:24)
    at async loadESM (node:internal/process/esm_loader:88:5)
    at async handleMainPromise (node:internal/modules/run_main:61:12)
[2022-09-09T12:41:26.074] [ERROR] archivoError - TypeError: Cannot read properties of undefined (reading 'url')
    at getNotImplementedRoute (file:///C:/Users/abogc/OneDrive/Desktop/Backend/Desafio_CompresionLog/routes/index.js:162:38)
    at file:///C:/Users/abogc/OneDrive/Desktop/Backend/Desafio_CompresionLog/server.js:92:16
    at ModuleJob.run (node:internal/modules/esm/module_job:195:25)
    at async Promise.all (index 0)
    at async ESMLoader.import (node:internal/modules/esm/loader:337:24)
    at async loadESM (node:internal/process/esm_loader:88:5)
    at async handleMainPromise (node:internal/modules/run_main:61:12)
[2022-09-09T12:41:27.250] [ERROR] archivoError - TypeError: Cannot read properties of undefined (reading 'url')
    at getNotImplementedRoute (file:///C:/Users/abogc/OneDrive/Desktop/Backend/Desafio_CompresionLog/routes/index.js:162:38)
    at file:///C:/Users/abogc/OneDrive/Desktop/Backend/Desafio_CompresionLog/server.js:92:16
    at ModuleJob.run (node:internal/modules/esm/module_job:195:25)
    at async Promise.all (index 0)
    at async ESMLoader.import (node:internal/modules/esm/loader:337:24)
    at async loadESM (node:internal/process/esm_loader:88:5)
    at async handleMainPromise (node:internal/modules/run_main:61:12)
[2022-09-09T12:41:27.249] [ERROR] archivoError - TypeError: Cannot read properties of undefined (reading 'url')
    at getNotImplementedRoute (file:///C:/Users/abogc/OneDrive/Desktop/Backend/Desafio_CompresionLog/routes/index.js:162:38)
    at file:///C:/Users/abogc/OneDrive/Desktop/Backend/Desafio_CompresionLog/server.js:92:16
    at ModuleJob.run (node:internal/modules/esm/module_job:195:25)
    at async Promise.all (index 0)
    at async ESMLoader.import (node:internal/modules/esm/loader:337:24)
    at async loadESM (node:internal/process/esm_loader:88:5)
    at async handleMainPromise (node:internal/modules/run_main:61:12)
[2022-09-09T12:41:27.431] [ERROR] archivoError - TypeError: Cannot read properties of undefined (reading 'url')
    at getNotImplementedRoute (file:///C:/Users/abogc/OneDrive/Desktop/Backend/Desafio_CompresionLog/routes/index.js:162:38)
    at file:///C:/Users/abogc/OneDrive/Desktop/Backend/Desafio_CompresionLog/server.js:92:16
    at ModuleJob.run (node:internal/modules/esm/module_job:195:25)
    at async Promise.all (index 0)
    at async ESMLoader.import (node:internal/modules/esm/loader:337:24)
    at async loadESM (node:internal/process/esm_loader:88:5)
    at async handleMainPromise (node:internal/modules/run_main:61:12)
[2022-09-09T12:41:27.629] [ERROR] archivoError - TypeError: Cannot read properties of undefined (reading 'url')
    at getNotImplementedRoute (file:///C:/Users/abogc/OneDrive/Desktop/Backend/Desafio_CompresionLog/routes/index.js:162:38)
    at file:///C:/Users/abogc/OneDrive/Desktop/Backend/Desafio_CompresionLog/server.js:92:16
    at ModuleJob.run (node:internal/modules/esm/module_job:195:25)
    at async Promise.all (index 0)
    at async ESMLoader.import (node:internal/modules/esm/loader:337:24)
    at async loadESM (node:internal/process/esm_loader:88:5)
    at async handleMainPromise (node:internal/modules/run_main:61:12)
[2022-09-09T12:41:28.611] [ERROR] archivoError - TypeError: Cannot read properties of undefined (reading 'url')
    at getNotImplementedRoute (file:///C:/Users/abogc/OneDrive/Desktop/Backend/Desafio_CompresionLog/routes/index.js:162:38)
    at file:///C:/Users/abogc/OneDrive/Desktop/Backend/Desafio_CompresionLog/server.js:92:16
    at ModuleJob.run (node:internal/modules/esm/module_job:195:25)
    at async Promise.all (index 0)
    at async ESMLoader.import (node:internal/modules/esm/loader:337:24)
    at async loadESM (node:internal/process/esm_loader:88:5)
    at async handleMainPromise (node:internal/modules/run_main:61:12)
[2022-09-09T12:41:28.640] [ERROR] archivoError - TypeError: Cannot read properties of undefined (reading 'url')
    at getNotImplementedRoute (file:///C:/Users/abogc/OneDrive/Desktop/Backend/Desafio_CompresionLog/routes/index.js:162:38)
    at file:///C:/Users/abogc/OneDrive/Desktop/Backend/Desafio_CompresionLog/server.js:92:16
    at ModuleJob.run (node:internal/modules/esm/module_job:195:25)
    at async Promise.all (index 0)
    at async ESMLoader.import (node:internal/modules/esm/loader:337:24)
    at async loadESM (node:internal/process/esm_loader:88:5)
    at async handleMainPromise (node:internal/modules/run_main:61:12)
[2022-09-09T12:41:28.808] [ERROR] archivoError - TypeError: Cannot read properties of undefined (reading 'url')
    at getNotImplementedRoute (file:///C:/Users/abogc/OneDrive/Desktop/Backend/Desafio_CompresionLog/routes/index.js:162:38)
    at file:///C:/Users/abogc/OneDrive/Desktop/Backend/Desafio_CompresionLog/server.js:92:16
    at ModuleJob.run (node:internal/modules/esm/module_job:195:25)
    at async Promise.all (index 0)
    at async ESMLoader.import (node:internal/modules/esm/loader:337:24)
    at async loadESM (node:internal/process/esm_loader:88:5)
    at async handleMainPromise (node:internal/modules/run_main:61:12)
[2022-09-09T12:41:28.988] [ERROR] archivoError - TypeError: Cannot read properties of undefined (reading 'url')
    at getNotImplementedRoute (file:///C:/Users/abogc/OneDrive/Desktop/Backend/Desafio_CompresionLog/routes/index.js:162:38)
    at file:///C:/Users/abogc/OneDrive/Desktop/Backend/Desafio_CompresionLog/server.js:92:16
    at ModuleJob.run (node:internal/modules/esm/module_job:195:25)
    at async Promise.all (index 0)
    at async ESMLoader.import (node:internal/modules/esm/loader:337:24)
    at async loadESM (node:internal/process/esm_loader:88:5)
    at async handleMainPromise (node:internal/modules/run_main:61:12)
[2022-09-09T12:41:30.128] [ERROR] archivoError - TypeError: Cannot read properties of undefined (reading 'url')
    at getNotImplementedRoute (file:///C:/Users/abogc/OneDrive/Desktop/Backend/Desafio_CompresionLog/routes/index.js:162:38)
    at file:///C:/Users/abogc/OneDrive/Desktop/Backend/Desafio_CompresionLog/server.js:92:16
    at ModuleJob.run (node:internal/modules/esm/module_job:195:25)
    at async Promise.all (index 0)
    at async ESMLoader.import (node:internal/modules/esm/loader:337:24)
    at async loadESM (node:internal/process/esm_loader:88:5)
    at async handleMainPromise (node:internal/modules/run_main:61:12)
[2022-09-09T12:41:30.171] [ERROR] archivoError - TypeError: Cannot read properties of undefined (reading 'url')
    at getNotImplementedRoute (file:///C:/Users/abogc/OneDrive/Desktop/Backend/Desafio_CompresionLog/routes/index.js:162:38)
    at file:///C:/Users/abogc/OneDrive/Desktop/Backend/Desafio_CompresionLog/server.js:92:16
    at ModuleJob.run (node:internal/modules/esm/module_job:195:25)
    at async Promise.all (index 0)
    at async ESMLoader.import (node:internal/modules/esm/loader:337:24)
    at async loadESM (node:internal/process/esm_loader:88:5)
    at async handleMainPromise (node:internal/modules/run_main:61:12)
[2022-09-09T12:41:30.335] [ERROR] archivoError - TypeError: Cannot read properties of undefined (reading 'url')
    at getNotImplementedRoute (file:///C:/Users/abogc/OneDrive/Desktop/Backend/Desafio_CompresionLog/routes/index.js:162:38)
    at file:///C:/Users/abogc/OneDrive/Desktop/Backend/Desafio_CompresionLog/server.js:92:16
    at ModuleJob.run (node:internal/modules/esm/module_job:195:25)
    at async Promise.all (index 0)
    at async ESMLoader.import (node:internal/modules/esm/loader:337:24)
    at async loadESM (node:internal/process/esm_loader:88:5)
    at async handleMainPromise (node:internal/modules/run_main:61:12)
[2022-09-09T12:41:30.563] [ERROR] archivoError - TypeError: Cannot read properties of undefined (reading 'url')
    at getNotImplementedRoute (file:///C:/Users/abogc/OneDrive/Desktop/Backend/Desafio_CompresionLog/routes/index.js:162:38)
    at file:///C:/Users/abogc/OneDrive/Desktop/Backend/Desafio_CompresionLog/server.js:92:16
    at ModuleJob.run (node:internal/modules/esm/module_job:195:25)
    at async Promise.all (index 0)
    at async ESMLoader.import (node:internal/modules/esm/loader:337:24)
    at async loadESM (node:internal/process/esm_loader:88:5)
    at async handleMainPromise (node:internal/modules/run_main:61:12)
[2022-09-09T12:41:31.648] [ERROR] archivoError - TypeError: Cannot read properties of undefined (reading 'url')
    at getNotImplementedRoute (file:///C:/Users/abogc/OneDrive/Desktop/Backend/Desafio_CompresionLog/routes/index.js:162:38)
    at file:///C:/Users/abogc/OneDrive/Desktop/Backend/Desafio_CompresionLog/server.js:92:16
    at ModuleJob.run (node:internal/modules/esm/module_job:195:25)
    at async Promise.all (index 0)
    at async ESMLoader.import (node:internal/modules/esm/loader:337:24)
    at async loadESM (node:internal/process/esm_loader:88:5)
    at async handleMainPromise (node:internal/modules/run_main:61:12)
[2022-09-09T12:41:31.753] [ERROR] archivoError - TypeError: Cannot read properties of undefined (reading 'url')
    at getNotImplementedRoute (file:///C:/Users/abogc/OneDrive/Desktop/Backend/Desafio_CompresionLog/routes/index.js:162:38)
    at file:///C:/Users/abogc/OneDrive/Desktop/Backend/Desafio_CompresionLog/server.js:92:16
    at ModuleJob.run (node:internal/modules/esm/module_job:195:25)
    at async Promise.all (index 0)
    at async ESMLoader.import (node:internal/modules/esm/loader:337:24)
    at async loadESM (node:internal/process/esm_loader:88:5)
    at async handleMainPromise (node:internal/modules/run_main:61:12)
[2022-09-09T12:41:31.867] [ERROR] archivoError - TypeError: Cannot read properties of undefined (reading 'url')
    at getNotImplementedRoute (file:///C:/Users/abogc/OneDrive/Desktop/Backend/Desafio_CompresionLog/routes/index.js:162:38)
    at file:///C:/Users/abogc/OneDrive/Desktop/Backend/Desafio_CompresionLog/server.js:92:16
    at ModuleJob.run (node:internal/modules/esm/module_job:195:25)
    at async Promise.all (index 0)
    at async ESMLoader.import (node:internal/modules/esm/loader:337:24)
    at async loadESM (node:internal/process/esm_loader:88:5)
    at async handleMainPromise (node:internal/modules/run_main:61:12)
[2022-09-09T12:41:32.004] [ERROR] archivoError - TypeError: Cannot read properties of undefined (reading 'url')
    at getNotImplementedRoute (file:///C:/Users/abogc/OneDrive/Desktop/Backend/Desafio_CompresionLog/routes/index.js:162:38)
    at file:///C:/Users/abogc/OneDrive/Desktop/Backend/Desafio_CompresionLog/server.js:92:16
    at ModuleJob.run (node:internal/modules/esm/module_job:195:25)
    at async Promise.all (index 0)
    at async ESMLoader.import (node:internal/modules/esm/loader:337:24)
    at async loadESM (node:internal/process/esm_loader:88:5)
    at async handleMainPromise (node:internal/modules/run_main:61:12)
[2022-09-09T12:41:33.144] [ERROR] archivoError - TypeError: Cannot read properties of undefined (reading 'url')
    at getNotImplementedRoute (file:///C:/Users/abogc/OneDrive/Desktop/Backend/Desafio_CompresionLog/routes/index.js:162:38)
    at file:///C:/Users/abogc/OneDrive/Desktop/Backend/Desafio_CompresionLog/server.js:92:16
    at ModuleJob.run (node:internal/modules/esm/module_job:195:25)
    at async Promise.all (index 0)
    at async ESMLoader.import (node:internal/modules/esm/loader:337:24)
    at async loadESM (node:internal/process/esm_loader:88:5)
    at async handleMainPromise (node:internal/modules/run_main:61:12)
[2022-09-09T12:41:33.251] [ERROR] archivoError - TypeError: Cannot read properties of undefined (reading 'url')
    at getNotImplementedRoute (file:///C:/Users/abogc/OneDrive/Desktop/Backend/Desafio_CompresionLog/routes/index.js:162:38)
    at file:///C:/Users/abogc/OneDrive/Desktop/Backend/Desafio_CompresionLog/server.js:92:16
    at ModuleJob.run (node:internal/modules/esm/module_job:195:25)
    at async Promise.all (index 0)
    at async ESMLoader.import (node:internal/modules/esm/loader:337:24)
    at async loadESM (node:internal/process/esm_loader:88:5)
    at async handleMainPromise (node:internal/modules/run_main:61:12)
[2022-09-09T12:41:33.330] [ERROR] archivoError - TypeError: Cannot read properties of undefined (reading 'url')
    at getNotImplementedRoute (file:///C:/Users/abogc/OneDrive/Desktop/Backend/Desafio_CompresionLog/routes/index.js:162:38)
    at file:///C:/Users/abogc/OneDrive/Desktop/Backend/Desafio_CompresionLog/server.js:92:16
    at ModuleJob.run (node:internal/modules/esm/module_job:195:25)
    at async Promise.all (index 0)
    at async ESMLoader.import (node:internal/modules/esm/loader:337:24)
    at async loadESM (node:internal/process/esm_loader:88:5)
    at async handleMainPromise (node:internal/modules/run_main:61:12)
[2022-09-09T12:41:33.590] [ERROR] archivoError - TypeError: Cannot read properties of undefined (reading 'url')
    at getNotImplementedRoute (file:///C:/Users/abogc/OneDrive/Desktop/Backend/Desafio_CompresionLog/routes/index.js:162:38)
    at file:///C:/Users/abogc/OneDrive/Desktop/Backend/Desafio_CompresionLog/server.js:92:16
    at ModuleJob.run (node:internal/modules/esm/module_job:195:25)
    at async Promise.all (index 0)
    at async ESMLoader.import (node:internal/modules/esm/loader:337:24)
    at async loadESM (node:internal/process/esm_loader:88:5)
    at async handleMainPromise (node:internal/modules/run_main:61:12)
[2022-09-09T12:41:34.868] [ERROR] archivoError - TypeError: Cannot read properties of undefined (reading 'url')
    at getNotImplementedRoute (file:///C:/Users/abogc/OneDrive/Desktop/Backend/Desafio_CompresionLog/routes/index.js:162:38)
    at file:///C:/Users/abogc/OneDrive/Desktop/Backend/Desafio_CompresionLog/server.js:92:16
    at ModuleJob.run (node:internal/modules/esm/module_job:195:25)
    at async Promise.all (index 0)
    at async ESMLoader.import (node:internal/modules/esm/loader:337:24)
    at async loadESM (node:internal/process/esm_loader:88:5)
    at async handleMainPromise (node:internal/modules/run_main:61:12)
[2022-09-09T12:41:34.902] [ERROR] archivoError - TypeError: Cannot read properties of undefined (reading 'url')
    at getNotImplementedRoute (file:///C:/Users/abogc/OneDrive/Desktop/Backend/Desafio_CompresionLog/routes/index.js:162:38)
    at file:///C:/Users/abogc/OneDrive/Desktop/Backend/Desafio_CompresionLog/server.js:92:16
    at ModuleJob.run (node:internal/modules/esm/module_job:195:25)
    at async Promise.all (index 0)
    at async ESMLoader.import (node:internal/modules/esm/loader:337:24)
    at async loadESM (node:internal/process/esm_loader:88:5)
    at async handleMainPromise (node:internal/modules/run_main:61:12)
[2022-09-09T12:41:35.032] [ERROR] archivoError - TypeError: Cannot read properties of undefined (reading 'url')
    at getNotImplementedRoute (file:///C:/Users/abogc/OneDrive/Desktop/Backend/Desafio_CompresionLog/routes/index.js:162:38)
    at file:///C:/Users/abogc/OneDrive/Desktop/Backend/Desafio_CompresionLog/server.js:92:16
    at ModuleJob.run (node:internal/modules/esm/module_job:195:25)
    at async Promise.all (index 0)
    at async ESMLoader.import (node:internal/modules/esm/loader:337:24)
    at async loadESM (node:internal/process/esm_loader:88:5)
    at async handleMainPromise (node:internal/modules/run_main:61:12)
[2022-09-09T12:41:35.278] [ERROR] archivoError - TypeError: Cannot read properties of undefined (reading 'url')
    at getNotImplementedRoute (file:///C:/Users/abogc/OneDrive/Desktop/Backend/Desafio_CompresionLog/routes/index.js:162:38)
    at file:///C:/Users/abogc/OneDrive/Desktop/Backend/Desafio_CompresionLog/server.js:92:16
    at ModuleJob.run (node:internal/modules/esm/module_job:195:25)
    at async Promise.all (index 0)
    at async ESMLoader.import (node:internal/modules/esm/loader:337:24)
    at async loadESM (node:internal/process/esm_loader:88:5)
    at async handleMainPromise (node:internal/modules/run_main:61:12)
[2022-09-09T12:41:36.412] [ERROR] archivoError - TypeError: Cannot read properties of undefined (reading 'url')
    at getNotImplementedRoute (file:///C:/Users/abogc/OneDrive/Desktop/Backend/Desafio_CompresionLog/routes/index.js:162:38)
    at file:///C:/Users/abogc/OneDrive/Desktop/Backend/Desafio_CompresionLog/server.js:92:16
    at ModuleJob.run (node:internal/modules/esm/module_job:195:25)
    at async Promise.all (index 0)
    at async ESMLoader.import (node:internal/modules/esm/loader:337:24)
    at async loadESM (node:internal/process/esm_loader:88:5)
    at async handleMainPromise (node:internal/modules/run_main:61:12)
[2022-09-09T12:41:36.491] [ERROR] archivoError - TypeError: Cannot read properties of undefined (reading 'url')
    at getNotImplementedRoute (file:///C:/Users/abogc/OneDrive/Desktop/Backend/Desafio_CompresionLog/routes/index.js:162:38)
    at file:///C:/Users/abogc/OneDrive/Desktop/Backend/Desafio_CompresionLog/server.js:92:16
    at ModuleJob.run (node:internal/modules/esm/module_job:195:25)
    at async Promise.all (index 0)
    at async ESMLoader.import (node:internal/modules/esm/loader:337:24)
    at async loadESM (node:internal/process/esm_loader:88:5)
    at async handleMainPromise (node:internal/modules/run_main:61:12)
[2022-09-09T12:41:36.580] [ERROR] archivoError - TypeError: Cannot read properties of undefined (reading 'url')
    at getNotImplementedRoute (file:///C:/Users/abogc/OneDrive/Desktop/Backend/Desafio_CompresionLog/routes/index.js:162:38)
    at file:///C:/Users/abogc/OneDrive/Desktop/Backend/Desafio_CompresionLog/server.js:92:16
    at ModuleJob.run (node:internal/modules/esm/module_job:195:25)
    at async Promise.all (index 0)
    at async ESMLoader.import (node:internal/modules/esm/loader:337:24)
    at async loadESM (node:internal/process/esm_loader:88:5)
    at async handleMainPromise (node:internal/modules/run_main:61:12)
[2022-09-09T12:41:36.860] [ERROR] archivoError - TypeError: Cannot read properties of undefined (reading 'url')
    at getNotImplementedRoute (file:///C:/Users/abogc/OneDrive/Desktop/Backend/Desafio_CompresionLog/routes/index.js:162:38)
    at file:///C:/Users/abogc/OneDrive/Desktop/Backend/Desafio_CompresionLog/server.js:92:16
    at ModuleJob.run (node:internal/modules/esm/module_job:195:25)
    at async Promise.all (index 0)
    at async ESMLoader.import (node:internal/modules/esm/loader:337:24)
    at async loadESM (node:internal/process/esm_loader:88:5)
    at async handleMainPromise (node:internal/modules/run_main:61:12)
[2022-09-09T12:41:37.930] [ERROR] archivoError - TypeError: Cannot read properties of undefined (reading 'url')
    at getNotImplementedRoute (file:///C:/Users/abogc/OneDrive/Desktop/Backend/Desafio_CompresionLog/routes/index.js:162:38)
    at file:///C:/Users/abogc/OneDrive/Desktop/Backend/Desafio_CompresionLog/server.js:92:16
    at ModuleJob.run (node:internal/modules/esm/module_job:195:25)
    at async Promise.all (index 0)
    at async ESMLoader.import (node:internal/modules/esm/loader:337:24)
    at async loadESM (node:internal/process/esm_loader:88:5)
    at async handleMainPromise (node:internal/modules/run_main:61:12)
[2022-09-09T12:41:37.952] [ERROR] archivoError - TypeError: Cannot read properties of undefined (reading 'url')
    at getNotImplementedRoute (file:///C:/Users/abogc/OneDrive/Desktop/Backend/Desafio_CompresionLog/routes/index.js:162:38)
    at file:///C:/Users/abogc/OneDrive/Desktop/Backend/Desafio_CompresionLog/server.js:92:16
    at ModuleJob.run (node:internal/modules/esm/module_job:195:25)
    at async Promise.all (index 0)
    at async ESMLoader.import (node:internal/modules/esm/loader:337:24)
    at async loadESM (node:internal/process/esm_loader:88:5)
    at async handleMainPromise (node:internal/modules/run_main:61:12)
[2022-09-09T12:41:38.124] [ERROR] archivoError - TypeError: Cannot read properties of undefined (reading 'url')
    at getNotImplementedRoute (file:///C:/Users/abogc/OneDrive/Desktop/Backend/Desafio_CompresionLog/routes/index.js:162:38)
    at file:///C:/Users/abogc/OneDrive/Desktop/Backend/Desafio_CompresionLog/server.js:92:16
    at ModuleJob.run (node:internal/modules/esm/module_job:195:25)
    at async Promise.all (index 0)
    at async ESMLoader.import (node:internal/modules/esm/loader:337:24)
    at async loadESM (node:internal/process/esm_loader:88:5)
    at async handleMainPromise (node:internal/modules/run_main:61:12)
[2022-09-09T12:41:38.347] [ERROR] archivoError - TypeError: Cannot read properties of undefined (reading 'url')
    at getNotImplementedRoute (file:///C:/Users/abogc/OneDrive/Desktop/Backend/Desafio_CompresionLog/routes/index.js:162:38)
    at file:///C:/Users/abogc/OneDrive/Desktop/Backend/Desafio_CompresionLog/server.js:92:16
    at ModuleJob.run (node:internal/modules/esm/module_job:195:25)
    at async Promise.all (index 0)
    at async ESMLoader.import (node:internal/modules/esm/loader:337:24)
    at async loadESM (node:internal/process/esm_loader:88:5)
    at async handleMainPromise (node:internal/modules/run_main:61:12)
[2022-09-09T12:41:39.385] [ERROR] archivoError - TypeError: Cannot read properties of undefined (reading 'url')
    at getNotImplementedRoute (file:///C:/Users/abogc/OneDrive/Desktop/Backend/Desafio_CompresionLog/routes/index.js:162:38)
    at file:///C:/Users/abogc/OneDrive/Desktop/Backend/Desafio_CompresionLog/server.js:92:16
    at ModuleJob.run (node:internal/modules/esm/module_job:195:25)
    at async Promise.all (index 0)
    at async ESMLoader.import (node:internal/modules/esm/loader:337:24)
    at async loadESM (node:internal/process/esm_loader:88:5)
    at async handleMainPromise (node:internal/modules/run_main:61:12)
[2022-09-09T12:41:39.455] [ERROR] archivoError - TypeError: Cannot read properties of undefined (reading 'url')
    at getNotImplementedRoute (file:///C:/Users/abogc/OneDrive/Desktop/Backend/Desafio_CompresionLog/routes/index.js:162:38)
    at file:///C:/Users/abogc/OneDrive/Desktop/Backend/Desafio_CompresionLog/server.js:92:16
    at ModuleJob.run (node:internal/modules/esm/module_job:195:25)
    at async Promise.all (index 0)
    at async ESMLoader.import (node:internal/modules/esm/loader:337:24)
    at async loadESM (node:internal/process/esm_loader:88:5)
    at async handleMainPromise (node:internal/modules/run_main:61:12)
[2022-09-09T12:41:39.531] [ERROR] archivoError - TypeError: Cannot read properties of undefined (reading 'url')
    at getNotImplementedRoute (file:///C:/Users/abogc/OneDrive/Desktop/Backend/Desafio_CompresionLog/routes/index.js:162:38)
    at file:///C:/Users/abogc/OneDrive/Desktop/Backend/Desafio_CompresionLog/server.js:92:16
    at ModuleJob.run (node:internal/modules/esm/module_job:195:25)
    at async Promise.all (index 0)
    at async ESMLoader.import (node:internal/modules/esm/loader:337:24)
    at async loadESM (node:internal/process/esm_loader:88:5)
    at async handleMainPromise (node:internal/modules/run_main:61:12)
[2022-09-09T12:41:39.769] [ERROR] archivoError - TypeError: Cannot read properties of undefined (reading 'url')
    at getNotImplementedRoute (file:///C:/Users/abogc/OneDrive/Desktop/Backend/Desafio_CompresionLog/routes/index.js:162:38)
    at file:///C:/Users/abogc/OneDrive/Desktop/Backend/Desafio_CompresionLog/server.js:92:16
    at ModuleJob.run (node:internal/modules/esm/module_job:195:25)
    at async Promise.all (index 0)
    at async ESMLoader.import (node:internal/modules/esm/loader:337:24)
    at async loadESM (node:internal/process/esm_loader:88:5)
    at async handleMainPromise (node:internal/modules/run_main:61:12)
[2022-09-09T12:41:40.784] [ERROR] archivoError - TypeError: Cannot read properties of undefined (reading 'url')
    at getNotImplementedRoute (file:///C:/Users/abogc/OneDrive/Desktop/Backend/Desafio_CompresionLog/routes/index.js:162:38)
    at file:///C:/Users/abogc/OneDrive/Desktop/Backend/Desafio_CompresionLog/server.js:92:16
    at ModuleJob.run (node:internal/modules/esm/module_job:195:25)
    at async Promise.all (index 0)
    at async ESMLoader.import (node:internal/modules/esm/loader:337:24)
    at async loadESM (node:internal/process/esm_loader:88:5)
    at async handleMainPromise (node:internal/modules/run_main:61:12)
[2022-09-09T12:41:40.862] [ERROR] archivoError - TypeError: Cannot read properties of undefined (reading 'url')
    at getNotImplementedRoute (file:///C:/Users/abogc/OneDrive/Desktop/Backend/Desafio_CompresionLog/routes/index.js:162:38)
    at file:///C:/Users/abogc/OneDrive/Desktop/Backend/Desafio_CompresionLog/server.js:92:16
    at ModuleJob.run (node:internal/modules/esm/module_job:195:25)
    at async Promise.all (index 0)
    at async ESMLoader.import (node:internal/modules/esm/loader:337:24)
    at async loadESM (node:internal/process/esm_loader:88:5)
    at async handleMainPromise (node:internal/modules/run_main:61:12)
[2022-09-09T12:41:40.978] [ERROR] archivoError - TypeError: Cannot read properties of undefined (reading 'url')
    at getNotImplementedRoute (file:///C:/Users/abogc/OneDrive/Desktop/Backend/Desafio_CompresionLog/routes/index.js:162:38)
    at file:///C:/Users/abogc/OneDrive/Desktop/Backend/Desafio_CompresionLog/server.js:92:16
    at ModuleJob.run (node:internal/modules/esm/module_job:195:25)
    at async Promise.all (index 0)
    at async ESMLoader.import (node:internal/modules/esm/loader:337:24)
    at async loadESM (node:internal/process/esm_loader:88:5)
    at async handleMainPromise (node:internal/modules/run_main:61:12)
[2022-09-09T12:41:41.248] [ERROR] archivoError - TypeError: Cannot read properties of undefined (reading 'url')
    at getNotImplementedRoute (file:///C:/Users/abogc/OneDrive/Desktop/Backend/Desafio_CompresionLog/routes/index.js:162:38)
    at file:///C:/Users/abogc/OneDrive/Desktop/Backend/Desafio_CompresionLog/server.js:92:16
    at ModuleJob.run (node:internal/modules/esm/module_job:195:25)
    at async Promise.all (index 0)
    at async ESMLoader.import (node:internal/modules/esm/loader:337:24)
    at async loadESM (node:internal/process/esm_loader:88:5)
    at async handleMainPromise (node:internal/modules/run_main:61:12)
[2022-09-09T12:41:42.331] [ERROR] archivoError - TypeError: Cannot read properties of undefined (reading 'url')
    at getNotImplementedRoute (file:///C:/Users/abogc/OneDrive/Desktop/Backend/Desafio_CompresionLog/routes/index.js:162:38)
    at file:///C:/Users/abogc/OneDrive/Desktop/Backend/Desafio_CompresionLog/server.js:92:16
    at ModuleJob.run (node:internal/modules/esm/module_job:195:25)
    at async Promise.all (index 0)
    at async ESMLoader.import (node:internal/modules/esm/loader:337:24)
    at async loadESM (node:internal/process/esm_loader:88:5)
    at async handleMainPromise (node:internal/modules/run_main:61:12)
[2022-09-09T12:41:42.329] [ERROR] archivoError - TypeError: Cannot read properties of undefined (reading 'url')
    at getNotImplementedRoute (file:///C:/Users/abogc/OneDrive/Desktop/Backend/Desafio_CompresionLog/routes/index.js:162:38)
    at file:///C:/Users/abogc/OneDrive/Desktop/Backend/Desafio_CompresionLog/server.js:92:16
    at ModuleJob.run (node:internal/modules/esm/module_job:195:25)
    at async Promise.all (index 0)
    at async ESMLoader.import (node:internal/modules/esm/loader:337:24)
    at async loadESM (node:internal/process/esm_loader:88:5)
    at async handleMainPromise (node:internal/modules/run_main:61:12)
[2022-09-09T12:41:42.558] [ERROR] archivoError - TypeError: Cannot read properties of undefined (reading 'url')
    at getNotImplementedRoute (file:///C:/Users/abogc/OneDrive/Desktop/Backend/Desafio_CompresionLog/routes/index.js:162:38)
    at file:///C:/Users/abogc/OneDrive/Desktop/Backend/Desafio_CompresionLog/server.js:92:16
    at ModuleJob.run (node:internal/modules/esm/module_job:195:25)
    at async Promise.all (index 0)
    at async ESMLoader.import (node:internal/modules/esm/loader:337:24)
    at async loadESM (node:internal/process/esm_loader:88:5)
    at async handleMainPromise (node:internal/modules/run_main:61:12)
[2022-09-09T12:41:42.761] [ERROR] archivoError - TypeError: Cannot read properties of undefined (reading 'url')
    at getNotImplementedRoute (file:///C:/Users/abogc/OneDrive/Desktop/Backend/Desafio_CompresionLog/routes/index.js:162:38)
    at file:///C:/Users/abogc/OneDrive/Desktop/Backend/Desafio_CompresionLog/server.js:92:16
    at ModuleJob.run (node:internal/modules/esm/module_job:195:25)
    at async Promise.all (index 0)
    at async ESMLoader.import (node:internal/modules/esm/loader:337:24)
    at async loadESM (node:internal/process/esm_loader:88:5)
    at async handleMainPromise (node:internal/modules/run_main:61:12)
[2022-09-09T12:41:43.841] [ERROR] archivoError - TypeError: Cannot read properties of undefined (reading 'url')
    at getNotImplementedRoute (file:///C:/Users/abogc/OneDrive/Desktop/Backend/Desafio_CompresionLog/routes/index.js:162:38)
    at file:///C:/Users/abogc/OneDrive/Desktop/Backend/Desafio_CompresionLog/server.js:92:16
    at ModuleJob.run (node:internal/modules/esm/module_job:195:25)
    at async Promise.all (index 0)
    at async ESMLoader.import (node:internal/modules/esm/loader:337:24)
    at async loadESM (node:internal/process/esm_loader:88:5)
    at async handleMainPromise (node:internal/modules/run_main:61:12)
[2022-09-09T12:41:43.859] [ERROR] archivoError - TypeError: Cannot read properties of undefined (reading 'url')
    at getNotImplementedRoute (file:///C:/Users/abogc/OneDrive/Desktop/Backend/Desafio_CompresionLog/routes/index.js:162:38)
    at file:///C:/Users/abogc/OneDrive/Desktop/Backend/Desafio_CompresionLog/server.js:92:16
    at ModuleJob.run (node:internal/modules/esm/module_job:195:25)
    at async Promise.all (index 0)
    at async ESMLoader.import (node:internal/modules/esm/loader:337:24)
    at async loadESM (node:internal/process/esm_loader:88:5)
    at async handleMainPromise (node:internal/modules/run_main:61:12)
[2022-09-09T12:41:44.134] [ERROR] archivoError - TypeError: Cannot read properties of undefined (reading 'url')
    at getNotImplementedRoute (file:///C:/Users/abogc/OneDrive/Desktop/Backend/Desafio_CompresionLog/routes/index.js:162:38)
    at file:///C:/Users/abogc/OneDrive/Desktop/Backend/Desafio_CompresionLog/server.js:92:16
    at ModuleJob.run (node:internal/modules/esm/module_job:195:25)
    at async Promise.all (index 0)
    at async ESMLoader.import (node:internal/modules/esm/loader:337:24)
    at async loadESM (node:internal/process/esm_loader:88:5)
    at async handleMainPromise (node:internal/modules/run_main:61:12)
[2022-09-09T12:41:44.339] [ERROR] archivoError - TypeError: Cannot read properties of undefined (reading 'url')
    at getNotImplementedRoute (file:///C:/Users/abogc/OneDrive/Desktop/Backend/Desafio_CompresionLog/routes/index.js:162:38)
    at file:///C:/Users/abogc/OneDrive/Desktop/Backend/Desafio_CompresionLog/server.js:92:16
    at ModuleJob.run (node:internal/modules/esm/module_job:195:25)
    at async Promise.all (index 0)
    at async ESMLoader.import (node:internal/modules/esm/loader:337:24)
    at async loadESM (node:internal/process/esm_loader:88:5)
    at async handleMainPromise (node:internal/modules/run_main:61:12)
[2022-09-09T12:41:45.233] [ERROR] archivoError - TypeError: Cannot read properties of undefined (reading 'url')
    at getNotImplementedRoute (file:///C:/Users/abogc/OneDrive/Desktop/Backend/Desafio_CompresionLog/routes/index.js:162:38)
    at file:///C:/Users/abogc/OneDrive/Desktop/Backend/Desafio_CompresionLog/server.js:92:16
    at ModuleJob.run (node:internal/modules/esm/module_job:195:25)
    at async Promise.all (index 0)
    at async ESMLoader.import (node:internal/modules/esm/loader:337:24)
    at async loadESM (node:internal/process/esm_loader:88:5)
    at async handleMainPromise (node:internal/modules/run_main:61:12)
[2022-09-09T12:41:45.258] [ERROR] archivoError - TypeError: Cannot read properties of undefined (reading 'url')
    at getNotImplementedRoute (file:///C:/Users/abogc/OneDrive/Desktop/Backend/Desafio_CompresionLog/routes/index.js:162:38)
    at file:///C:/Users/abogc/OneDrive/Desktop/Backend/Desafio_CompresionLog/server.js:92:16
    at ModuleJob.run (node:internal/modules/esm/module_job:195:25)
    at async Promise.all (index 0)
    at async ESMLoader.import (node:internal/modules/esm/loader:337:24)
    at async loadESM (node:internal/process/esm_loader:88:5)
    at async handleMainPromise (node:internal/modules/run_main:61:12)
[2022-09-09T12:41:45.505] [ERROR] archivoError - TypeError: Cannot read properties of undefined (reading 'url')
    at getNotImplementedRoute (file:///C:/Users/abogc/OneDrive/Desktop/Backend/Desafio_CompresionLog/routes/index.js:162:38)
    at file:///C:/Users/abogc/OneDrive/Desktop/Backend/Desafio_CompresionLog/server.js:92:16
    at ModuleJob.run (node:internal/modules/esm/module_job:195:25)
    at async Promise.all (index 0)
    at async ESMLoader.import (node:internal/modules/esm/loader:337:24)
    at async loadESM (node:internal/process/esm_loader:88:5)
    at async handleMainPromise (node:internal/modules/run_main:61:12)
[2022-09-09T12:41:45.758] [ERROR] archivoError - TypeError: Cannot read properties of undefined (reading 'url')
    at getNotImplementedRoute (file:///C:/Users/abogc/OneDrive/Desktop/Backend/Desafio_CompresionLog/routes/index.js:162:38)
    at file:///C:/Users/abogc/OneDrive/Desktop/Backend/Desafio_CompresionLog/server.js:92:16
    at ModuleJob.run (node:internal/modules/esm/module_job:195:25)
    at async Promise.all (index 0)
    at async ESMLoader.import (node:internal/modules/esm/loader:337:24)
    at async loadESM (node:internal/process/esm_loader:88:5)
    at async handleMainPromise (node:internal/modules/run_main:61:12)
[2022-09-09T12:41:46.722] [ERROR] archivoError - TypeError: Cannot read properties of undefined (reading 'url')
    at getNotImplementedRoute (file:///C:/Users/abogc/OneDrive/Desktop/Backend/Desafio_CompresionLog/routes/index.js:162:38)
    at file:///C:/Users/abogc/OneDrive/Desktop/Backend/Desafio_CompresionLog/server.js:92:16
    at ModuleJob.run (node:internal/modules/esm/module_job:195:25)
    at async Promise.all (index 0)
    at async ESMLoader.import (node:internal/modules/esm/loader:337:24)
    at async loadESM (node:internal/process/esm_loader:88:5)
    at async handleMainPromise (node:internal/modules/run_main:61:12)
[2022-09-09T12:41:46.719] [ERROR] archivoError - TypeError: Cannot read properties of undefined (reading 'url')
    at getNotImplementedRoute (file:///C:/Users/abogc/OneDrive/Desktop/Backend/Desafio_CompresionLog/routes/index.js:162:38)
    at file:///C:/Users/abogc/OneDrive/Desktop/Backend/Desafio_CompresionLog/server.js:92:16
    at ModuleJob.run (node:internal/modules/esm/module_job:195:25)
    at async Promise.all (index 0)
    at async ESMLoader.import (node:internal/modules/esm/loader:337:24)
    at async loadESM (node:internal/process/esm_loader:88:5)
    at async handleMainPromise (node:internal/modules/run_main:61:12)
[2022-09-09T12:41:47.073] [ERROR] archivoError - TypeError: Cannot read properties of undefined (reading 'url')
    at getNotImplementedRoute (file:///C:/Users/abogc/OneDrive/Desktop/Backend/Desafio_CompresionLog/routes/index.js:162:38)
    at file:///C:/Users/abogc/OneDrive/Desktop/Backend/Desafio_CompresionLog/server.js:92:16
    at ModuleJob.run (node:internal/modules/esm/module_job:195:25)
    at async Promise.all (index 0)
    at async ESMLoader.import (node:internal/modules/esm/loader:337:24)
    at async loadESM (node:internal/process/esm_loader:88:5)
    at async handleMainPromise (node:internal/modules/run_main:61:12)
[2022-09-09T12:41:47.251] [ERROR] archivoError - TypeError: Cannot read properties of undefined (reading 'url')
    at getNotImplementedRoute (file:///C:/Users/abogc/OneDrive/Desktop/Backend/Desafio_CompresionLog/routes/index.js:162:38)
    at file:///C:/Users/abogc/OneDrive/Desktop/Backend/Desafio_CompresionLog/server.js:92:16
    at ModuleJob.run (node:internal/modules/esm/module_job:195:25)
    at async Promise.all (index 0)
    at async ESMLoader.import (node:internal/modules/esm/loader:337:24)
    at async loadESM (node:internal/process/esm_loader:88:5)
    at async handleMainPromise (node:internal/modules/run_main:61:12)
[2022-09-09T12:41:48.185] [ERROR] archivoError - TypeError: Cannot read properties of undefined (reading 'url')
    at getNotImplementedRoute (file:///C:/Users/abogc/OneDrive/Desktop/Backend/Desafio_CompresionLog/routes/index.js:162:38)
    at file:///C:/Users/abogc/OneDrive/Desktop/Backend/Desafio_CompresionLog/server.js:92:16
    at ModuleJob.run (node:internal/modules/esm/module_job:195:25)
    at async Promise.all (index 0)
    at async ESMLoader.import (node:internal/modules/esm/loader:337:24)
    at async loadESM (node:internal/process/esm_loader:88:5)
    at async handleMainPromise (node:internal/modules/run_main:61:12)
[2022-09-09T12:41:48.266] [ERROR] archivoError - TypeError: Cannot read properties of undefined (reading 'url')
    at getNotImplementedRoute (file:///C:/Users/abogc/OneDrive/Desktop/Backend/Desafio_CompresionLog/routes/index.js:162:38)
    at file:///C:/Users/abogc/OneDrive/Desktop/Backend/Desafio_CompresionLog/server.js:92:16
    at ModuleJob.run (node:internal/modules/esm/module_job:195:25)
    at async Promise.all (index 0)
    at async ESMLoader.import (node:internal/modules/esm/loader:337:24)
    at async loadESM (node:internal/process/esm_loader:88:5)
    at async handleMainPromise (node:internal/modules/run_main:61:12)
[2022-09-09T12:41:48.507] [ERROR] archivoError - TypeError: Cannot read properties of undefined (reading 'url')
    at getNotImplementedRoute (file:///C:/Users/abogc/OneDrive/Desktop/Backend/Desafio_CompresionLog/routes/index.js:162:38)
    at file:///C:/Users/abogc/OneDrive/Desktop/Backend/Desafio_CompresionLog/server.js:92:16
    at ModuleJob.run (node:internal/modules/esm/module_job:195:25)
    at async Promise.all (index 0)
    at async ESMLoader.import (node:internal/modules/esm/loader:337:24)
    at async loadESM (node:internal/process/esm_loader:88:5)
    at async handleMainPromise (node:internal/modules/run_main:61:12)
[2022-09-09T12:41:48.724] [ERROR] archivoError - TypeError: Cannot read properties of undefined (reading 'url')
    at getNotImplementedRoute (file:///C:/Users/abogc/OneDrive/Desktop/Backend/Desafio_CompresionLog/routes/index.js:162:38)
    at file:///C:/Users/abogc/OneDrive/Desktop/Backend/Desafio_CompresionLog/server.js:92:16
    at ModuleJob.run (node:internal/modules/esm/module_job:195:25)
    at async Promise.all (index 0)
    at async ESMLoader.import (node:internal/modules/esm/loader:337:24)
    at async loadESM (node:internal/process/esm_loader:88:5)
    at async handleMainPromise (node:internal/modules/run_main:61:12)
[2022-09-09T12:41:49.685] [ERROR] archivoError - TypeError: Cannot read properties of undefined (reading 'url')
    at getNotImplementedRoute (file:///C:/Users/abogc/OneDrive/Desktop/Backend/Desafio_CompresionLog/routes/index.js:162:38)
    at file:///C:/Users/abogc/OneDrive/Desktop/Backend/Desafio_CompresionLog/server.js:92:16
    at ModuleJob.run (node:internal/modules/esm/module_job:195:25)
    at async Promise.all (index 0)
    at async ESMLoader.import (node:internal/modules/esm/loader:337:24)
    at async loadESM (node:internal/process/esm_loader:88:5)
    at async handleMainPromise (node:internal/modules/run_main:61:12)
[2022-09-09T12:41:49.733] [ERROR] archivoError - TypeError: Cannot read properties of undefined (reading 'url')
    at getNotImplementedRoute (file:///C:/Users/abogc/OneDrive/Desktop/Backend/Desafio_CompresionLog/routes/index.js:162:38)
    at file:///C:/Users/abogc/OneDrive/Desktop/Backend/Desafio_CompresionLog/server.js:92:16
    at ModuleJob.run (node:internal/modules/esm/module_job:195:25)
    at async Promise.all (index 0)
    at async ESMLoader.import (node:internal/modules/esm/loader:337:24)
    at async loadESM (node:internal/process/esm_loader:88:5)
    at async handleMainPromise (node:internal/modules/run_main:61:12)
[2022-09-09T12:41:50.016] [ERROR] archivoError - TypeError: Cannot read properties of undefined (reading 'url')
    at getNotImplementedRoute (file:///C:/Users/abogc/OneDrive/Desktop/Backend/Desafio_CompresionLog/routes/index.js:162:38)
    at file:///C:/Users/abogc/OneDrive/Desktop/Backend/Desafio_CompresionLog/server.js:92:16
    at ModuleJob.run (node:internal/modules/esm/module_job:195:25)
    at async Promise.all (index 0)
    at async ESMLoader.import (node:internal/modules/esm/loader:337:24)
    at async loadESM (node:internal/process/esm_loader:88:5)
    at async handleMainPromise (node:internal/modules/run_main:61:12)
[2022-09-09T12:41:50.125] [ERROR] archivoError - TypeError: Cannot read properties of undefined (reading 'url')
    at getNotImplementedRoute (file:///C:/Users/abogc/OneDrive/Desktop/Backend/Desafio_CompresionLog/routes/index.js:162:38)
    at file:///C:/Users/abogc/OneDrive/Desktop/Backend/Desafio_CompresionLog/server.js:92:16
    at ModuleJob.run (node:internal/modules/esm/module_job:195:25)
    at async Promise.all (index 0)
    at async ESMLoader.import (node:internal/modules/esm/loader:337:24)
    at async loadESM (node:internal/process/esm_loader:88:5)
    at async handleMainPromise (node:internal/modules/run_main:61:12)
[2022-09-09T12:41:51.142] [ERROR] archivoError - TypeError: Cannot read properties of undefined (reading 'url')
    at getNotImplementedRoute (file:///C:/Users/abogc/OneDrive/Desktop/Backend/Desafio_CompresionLog/routes/index.js:162:38)
    at file:///C:/Users/abogc/OneDrive/Desktop/Backend/Desafio_CompresionLog/server.js:92:16
    at ModuleJob.run (node:internal/modules/esm/module_job:195:25)
    at async Promise.all (index 0)
    at async ESMLoader.import (node:internal/modules/esm/loader:337:24)
    at async loadESM (node:internal/process/esm_loader:88:5)
    at async handleMainPromise (node:internal/modules/run_main:61:12)
[2022-09-09T12:41:51.211] [ERROR] archivoError - TypeError: Cannot read properties of undefined (reading 'url')
    at getNotImplementedRoute (file:///C:/Users/abogc/OneDrive/Desktop/Backend/Desafio_CompresionLog/routes/index.js:162:38)
    at file:///C:/Users/abogc/OneDrive/Desktop/Backend/Desafio_CompresionLog/server.js:92:16
    at ModuleJob.run (node:internal/modules/esm/module_job:195:25)
    at async Promise.all (index 0)
    at async ESMLoader.import (node:internal/modules/esm/loader:337:24)
    at async loadESM (node:internal/process/esm_loader:88:5)
    at async handleMainPromise (node:internal/modules/run_main:61:12)
[2022-09-09T12:41:51.399] [ERROR] archivoError - TypeError: Cannot read properties of undefined (reading 'url')
    at getNotImplementedRoute (file:///C:/Users/abogc/OneDrive/Desktop/Backend/Desafio_CompresionLog/routes/index.js:162:38)
    at file:///C:/Users/abogc/OneDrive/Desktop/Backend/Desafio_CompresionLog/server.js:92:16
    at ModuleJob.run (node:internal/modules/esm/module_job:195:25)
    at async Promise.all (index 0)
    at async ESMLoader.import (node:internal/modules/esm/loader:337:24)
    at async loadESM (node:internal/process/esm_loader:88:5)
    at async handleMainPromise (node:internal/modules/run_main:61:12)
[2022-09-09T12:41:51.519] [ERROR] archivoError - TypeError: Cannot read properties of undefined (reading 'url')
    at getNotImplementedRoute (file:///C:/Users/abogc/OneDrive/Desktop/Backend/Desafio_CompresionLog/routes/index.js:162:38)
    at file:///C:/Users/abogc/OneDrive/Desktop/Backend/Desafio_CompresionLog/server.js:92:16
    at ModuleJob.run (node:internal/modules/esm/module_job:195:25)
    at async Promise.all (index 0)
    at async ESMLoader.import (node:internal/modules/esm/loader:337:24)
    at async loadESM (node:internal/process/esm_loader:88:5)
    at async handleMainPromise (node:internal/modules/run_main:61:12)
[2022-09-09T12:41:52.571] [ERROR] archivoError - TypeError: Cannot read properties of undefined (reading 'url')
    at getNotImplementedRoute (file:///C:/Users/abogc/OneDrive/Desktop/Backend/Desafio_CompresionLog/routes/index.js:162:38)
    at file:///C:/Users/abogc/OneDrive/Desktop/Backend/Desafio_CompresionLog/server.js:92:16
    at ModuleJob.run (node:internal/modules/esm/module_job:195:25)
    at async Promise.all (index 0)
    at async ESMLoader.import (node:internal/modules/esm/loader:337:24)
    at async loadESM (node:internal/process/esm_loader:88:5)
    at async handleMainPromise (node:internal/modules/run_main:61:12)
[2022-09-09T12:41:52.613] [ERROR] archivoError - TypeError: Cannot read properties of undefined (reading 'url')
    at getNotImplementedRoute (file:///C:/Users/abogc/OneDrive/Desktop/Backend/Desafio_CompresionLog/routes/index.js:162:38)
    at file:///C:/Users/abogc/OneDrive/Desktop/Backend/Desafio_CompresionLog/server.js:92:16
    at ModuleJob.run (node:internal/modules/esm/module_job:195:25)
    at async Promise.all (index 0)
    at async ESMLoader.import (node:internal/modules/esm/loader:337:24)
    at async loadESM (node:internal/process/esm_loader:88:5)
    at async handleMainPromise (node:internal/modules/run_main:61:12)
[2022-09-09T12:41:52.813] [ERROR] archivoError - TypeError: Cannot read properties of undefined (reading 'url')
    at getNotImplementedRoute (file:///C:/Users/abogc/OneDrive/Desktop/Backend/Desafio_CompresionLog/routes/index.js:162:38)
    at file:///C:/Users/abogc/OneDrive/Desktop/Backend/Desafio_CompresionLog/server.js:92:16
    at ModuleJob.run (node:internal/modules/esm/module_job:195:25)
    at async Promise.all (index 0)
    at async ESMLoader.import (node:internal/modules/esm/loader:337:24)
    at async loadESM (node:internal/process/esm_loader:88:5)
    at async handleMainPromise (node:internal/modules/run_main:61:12)
[2022-09-09T12:41:52.876] [ERROR] archivoError - TypeError: Cannot read properties of undefined (reading 'url')
    at getNotImplementedRoute (file:///C:/Users/abogc/OneDrive/Desktop/Backend/Desafio_CompresionLog/routes/index.js:162:38)
    at file:///C:/Users/abogc/OneDrive/Desktop/Backend/Desafio_CompresionLog/server.js:92:16
    at ModuleJob.run (node:internal/modules/esm/module_job:195:25)
    at async Promise.all (index 0)
    at async ESMLoader.import (node:internal/modules/esm/loader:337:24)
    at async loadESM (node:internal/process/esm_loader:88:5)
    at async handleMainPromise (node:internal/modules/run_main:61:12)
[2022-09-09T12:41:54.016] [ERROR] archivoError - TypeError: Cannot read properties of undefined (reading 'url')
    at getNotImplementedRoute (file:///C:/Users/abogc/OneDrive/Desktop/Backend/Desafio_CompresionLog/routes/index.js:162:38)
    at file:///C:/Users/abogc/OneDrive/Desktop/Backend/Desafio_CompresionLog/server.js:92:16
    at ModuleJob.run (node:internal/modules/esm/module_job:195:25)
    at async Promise.all (index 0)
    at async ESMLoader.import (node:internal/modules/esm/loader:337:24)
    at async loadESM (node:internal/process/esm_loader:88:5)
    at async handleMainPromise (node:internal/modules/run_main:61:12)
[2022-09-09T12:41:54.042] [ERROR] archivoError - TypeError: Cannot read properties of undefined (reading 'url')
    at getNotImplementedRoute (file:///C:/Users/abogc/OneDrive/Desktop/Backend/Desafio_CompresionLog/routes/index.js:162:38)
    at file:///C:/Users/abogc/OneDrive/Desktop/Backend/Desafio_CompresionLog/server.js:92:16
    at ModuleJob.run (node:internal/modules/esm/module_job:195:25)
    at async Promise.all (index 0)
    at async ESMLoader.import (node:internal/modules/esm/loader:337:24)
    at async loadESM (node:internal/process/esm_loader:88:5)
    at async handleMainPromise (node:internal/modules/run_main:61:12)
[2022-09-09T12:41:54.278] [ERROR] archivoError - TypeError: Cannot read properties of undefined (reading 'url')
    at getNotImplementedRoute (file:///C:/Users/abogc/OneDrive/Desktop/Backend/Desafio_CompresionLog/routes/index.js:162:38)
    at file:///C:/Users/abogc/OneDrive/Desktop/Backend/Desafio_CompresionLog/server.js:92:16
    at ModuleJob.run (node:internal/modules/esm/module_job:195:25)
    at async Promise.all (index 0)
    at async ESMLoader.import (node:internal/modules/esm/loader:337:24)
    at async loadESM (node:internal/process/esm_loader:88:5)
    at async handleMainPromise (node:internal/modules/run_main:61:12)
[2022-09-09T12:41:54.368] [ERROR] archivoError - TypeError: Cannot read properties of undefined (reading 'url')
    at getNotImplementedRoute (file:///C:/Users/abogc/OneDrive/Desktop/Backend/Desafio_CompresionLog/routes/index.js:162:38)
    at file:///C:/Users/abogc/OneDrive/Desktop/Backend/Desafio_CompresionLog/server.js:92:16
    at ModuleJob.run (node:internal/modules/esm/module_job:195:25)
    at async Promise.all (index 0)
    at async ESMLoader.import (node:internal/modules/esm/loader:337:24)
    at async loadESM (node:internal/process/esm_loader:88:5)
    at async handleMainPromise (node:internal/modules/run_main:61:12)
[2022-09-09T12:41:55.439] [ERROR] archivoError - TypeError: Cannot read properties of undefined (reading 'url')
    at getNotImplementedRoute (file:///C:/Users/abogc/OneDrive/Desktop/Backend/Desafio_CompresionLog/routes/index.js:162:38)
    at file:///C:/Users/abogc/OneDrive/Desktop/Backend/Desafio_CompresionLog/server.js:92:16
    at ModuleJob.run (node:internal/modules/esm/module_job:195:25)
    at async Promise.all (index 0)
    at async ESMLoader.import (node:internal/modules/esm/loader:337:24)
    at async loadESM (node:internal/process/esm_loader:88:5)
    at async handleMainPromise (node:internal/modules/run_main:61:12)
[2022-09-09T12:41:55.462] [ERROR] archivoError - TypeError: Cannot read properties of undefined (reading 'url')
    at getNotImplementedRoute (file:///C:/Users/abogc/OneDrive/Desktop/Backend/Desafio_CompresionLog/routes/index.js:162:38)
    at file:///C:/Users/abogc/OneDrive/Desktop/Backend/Desafio_CompresionLog/server.js:92:16
    at ModuleJob.run (node:internal/modules/esm/module_job:195:25)
    at async Promise.all (index 0)
    at async ESMLoader.import (node:internal/modules/esm/loader:337:24)
    at async loadESM (node:internal/process/esm_loader:88:5)
    at async handleMainPromise (node:internal/modules/run_main:61:12)
[2022-09-09T12:41:55.692] [ERROR] archivoError - TypeError: Cannot read properties of undefined (reading 'url')
    at getNotImplementedRoute (file:///C:/Users/abogc/OneDrive/Desktop/Backend/Desafio_CompresionLog/routes/index.js:162:38)
    at file:///C:/Users/abogc/OneDrive/Desktop/Backend/Desafio_CompresionLog/server.js:92:16
    at ModuleJob.run (node:internal/modules/esm/module_job:195:25)
    at async Promise.all (index 0)
    at async ESMLoader.import (node:internal/modules/esm/loader:337:24)
    at async loadESM (node:internal/process/esm_loader:88:5)
    at async handleMainPromise (node:internal/modules/run_main:61:12)
[2022-09-09T12:41:55.799] [ERROR] archivoError - TypeError: Cannot read properties of undefined (reading 'url')
    at getNotImplementedRoute (file:///C:/Users/abogc/OneDrive/Desktop/Backend/Desafio_CompresionLog/routes/index.js:162:38)
    at file:///C:/Users/abogc/OneDrive/Desktop/Backend/Desafio_CompresionLog/server.js:92:16
    at ModuleJob.run (node:internal/modules/esm/module_job:195:25)
    at async Promise.all (index 0)
    at async ESMLoader.import (node:internal/modules/esm/loader:337:24)
    at async loadESM (node:internal/process/esm_loader:88:5)
    at async handleMainPromise (node:internal/modules/run_main:61:12)
[2022-09-09T12:41:56.966] [ERROR] archivoError - TypeError: Cannot read properties of undefined (reading 'url')
    at getNotImplementedRoute (file:///C:/Users/abogc/OneDrive/Desktop/Backend/Desafio_CompresionLog/routes/index.js:162:38)
    at file:///C:/Users/abogc/OneDrive/Desktop/Backend/Desafio_CompresionLog/server.js:92:16
    at ModuleJob.run (node:internal/modules/esm/module_job:195:25)
    at async Promise.all (index 0)
    at async ESMLoader.import (node:internal/modules/esm/loader:337:24)
    at async loadESM (node:internal/process/esm_loader:88:5)
    at async handleMainPromise (node:internal/modules/run_main:61:12)
[2022-09-09T12:41:56.962] [ERROR] archivoError - TypeError: Cannot read properties of undefined (reading 'url')
    at getNotImplementedRoute (file:///C:/Users/abogc/OneDrive/Desktop/Backend/Desafio_CompresionLog/routes/index.js:162:38)
    at file:///C:/Users/abogc/OneDrive/Desktop/Backend/Desafio_CompresionLog/server.js:92:16
    at ModuleJob.run (node:internal/modules/esm/module_job:195:25)
    at async Promise.all (index 0)
    at async ESMLoader.import (node:internal/modules/esm/loader:337:24)
    at async loadESM (node:internal/process/esm_loader:88:5)
    at async handleMainPromise (node:internal/modules/run_main:61:12)
[2022-09-09T12:41:57.203] [ERROR] archivoError - TypeError: Cannot read properties of undefined (reading 'url')
    at getNotImplementedRoute (file:///C:/Users/abogc/OneDrive/Desktop/Backend/Desafio_CompresionLog/routes/index.js:162:38)
    at file:///C:/Users/abogc/OneDrive/Desktop/Backend/Desafio_CompresionLog/server.js:92:16
    at ModuleJob.run (node:internal/modules/esm/module_job:195:25)
    at async Promise.all (index 0)
    at async ESMLoader.import (node:internal/modules/esm/loader:337:24)
    at async loadESM (node:internal/process/esm_loader:88:5)
    at async handleMainPromise (node:internal/modules/run_main:61:12)
[2022-09-09T12:41:57.504] [ERROR] archivoError - TypeError: Cannot read properties of undefined (reading 'url')
    at getNotImplementedRoute (file:///C:/Users/abogc/OneDrive/Desktop/Backend/Desafio_CompresionLog/routes/index.js:162:38)
    at file:///C:/Users/abogc/OneDrive/Desktop/Backend/Desafio_CompresionLog/server.js:92:16
    at ModuleJob.run (node:internal/modules/esm/module_job:195:25)
    at async Promise.all (index 0)
    at async ESMLoader.import (node:internal/modules/esm/loader:337:24)
    at async loadESM (node:internal/process/esm_loader:88:5)
    at async handleMainPromise (node:internal/modules/run_main:61:12)
[2022-09-09T12:41:58.429] [ERROR] archivoError - TypeError: Cannot read properties of undefined (reading 'url')
    at getNotImplementedRoute (file:///C:/Users/abogc/OneDrive/Desktop/Backend/Desafio_CompresionLog/routes/index.js:162:38)
    at file:///C:/Users/abogc/OneDrive/Desktop/Backend/Desafio_CompresionLog/server.js:92:16
    at ModuleJob.run (node:internal/modules/esm/module_job:195:25)
    at async Promise.all (index 0)
    at async ESMLoader.import (node:internal/modules/esm/loader:337:24)
    at async loadESM (node:internal/process/esm_loader:88:5)
    at async handleMainPromise (node:internal/modules/run_main:61:12)
[2022-09-09T12:41:58.425] [ERROR] archivoError - TypeError: Cannot read properties of undefined (reading 'url')
    at getNotImplementedRoute (file:///C:/Users/abogc/OneDrive/Desktop/Backend/Desafio_CompresionLog/routes/index.js:162:38)
    at file:///C:/Users/abogc/OneDrive/Desktop/Backend/Desafio_CompresionLog/server.js:92:16
    at ModuleJob.run (node:internal/modules/esm/module_job:195:25)
    at async Promise.all (index 0)
    at async ESMLoader.import (node:internal/modules/esm/loader:337:24)
    at async loadESM (node:internal/process/esm_loader:88:5)
    at async handleMainPromise (node:internal/modules/run_main:61:12)
[2022-09-09T12:41:58.728] [ERROR] archivoError - TypeError: Cannot read properties of undefined (reading 'url')
    at getNotImplementedRoute (file:///C:/Users/abogc/OneDrive/Desktop/Backend/Desafio_CompresionLog/routes/index.js:162:38)
    at file:///C:/Users/abogc/OneDrive/Desktop/Backend/Desafio_CompresionLog/server.js:92:16
    at ModuleJob.run (node:internal/modules/esm/module_job:195:25)
    at async Promise.all (index 0)
    at async ESMLoader.import (node:internal/modules/esm/loader:337:24)
    at async loadESM (node:internal/process/esm_loader:88:5)
    at async handleMainPromise (node:internal/modules/run_main:61:12)
[2022-09-09T12:41:58.969] [ERROR] archivoError - TypeError: Cannot read properties of undefined (reading 'url')
    at getNotImplementedRoute (file:///C:/Users/abogc/OneDrive/Desktop/Backend/Desafio_CompresionLog/routes/index.js:162:38)
    at file:///C:/Users/abogc/OneDrive/Desktop/Backend/Desafio_CompresionLog/server.js:92:16
    at ModuleJob.run (node:internal/modules/esm/module_job:195:25)
    at async Promise.all (index 0)
    at async ESMLoader.import (node:internal/modules/esm/loader:337:24)
    at async loadESM (node:internal/process/esm_loader:88:5)
    at async handleMainPromise (node:internal/modules/run_main:61:12)
[2022-09-09T12:41:59.921] [ERROR] archivoError - TypeError: Cannot read properties of undefined (reading 'url')
    at getNotImplementedRoute (file:///C:/Users/abogc/OneDrive/Desktop/Backend/Desafio_CompresionLog/routes/index.js:162:38)
    at file:///C:/Users/abogc/OneDrive/Desktop/Backend/Desafio_CompresionLog/server.js:92:16
    at ModuleJob.run (node:internal/modules/esm/module_job:195:25)
    at async Promise.all (index 0)
    at async ESMLoader.import (node:internal/modules/esm/loader:337:24)
    at async loadESM (node:internal/process/esm_loader:88:5)
    at async handleMainPromise (node:internal/modules/run_main:61:12)
[2022-09-09T12:41:59.964] [ERROR] archivoError - TypeError: Cannot read properties of undefined (reading 'url')
    at getNotImplementedRoute (file:///C:/Users/abogc/OneDrive/Desktop/Backend/Desafio_CompresionLog/routes/index.js:162:38)
    at file:///C:/Users/abogc/OneDrive/Desktop/Backend/Desafio_CompresionLog/server.js:92:16
    at ModuleJob.run (node:internal/modules/esm/module_job:195:25)
    at async Promise.all (index 0)
    at async ESMLoader.import (node:internal/modules/esm/loader:337:24)
    at async loadESM (node:internal/process/esm_loader:88:5)
    at async handleMainPromise (node:internal/modules/run_main:61:12)
[2022-09-09T12:42:00.266] [ERROR] archivoError - TypeError: Cannot read properties of undefined (reading 'url')
    at getNotImplementedRoute (file:///C:/Users/abogc/OneDrive/Desktop/Backend/Desafio_CompresionLog/routes/index.js:162:38)
    at file:///C:/Users/abogc/OneDrive/Desktop/Backend/Desafio_CompresionLog/server.js:92:16
    at ModuleJob.run (node:internal/modules/esm/module_job:195:25)
    at async Promise.all (index 0)
    at async ESMLoader.import (node:internal/modules/esm/loader:337:24)
    at async loadESM (node:internal/process/esm_loader:88:5)
    at async handleMainPromise (node:internal/modules/run_main:61:12)
[2022-09-09T12:42:00.456] [ERROR] archivoError - TypeError: Cannot read properties of undefined (reading 'url')
    at getNotImplementedRoute (file:///C:/Users/abogc/OneDrive/Desktop/Backend/Desafio_CompresionLog/routes/index.js:162:38)
    at file:///C:/Users/abogc/OneDrive/Desktop/Backend/Desafio_CompresionLog/server.js:92:16
    at ModuleJob.run (node:internal/modules/esm/module_job:195:25)
    at async Promise.all (index 0)
    at async ESMLoader.import (node:internal/modules/esm/loader:337:24)
    at async loadESM (node:internal/process/esm_loader:88:5)
    at async handleMainPromise (node:internal/modules/run_main:61:12)
[2022-09-09T12:42:01.578] [ERROR] archivoError - TypeError: Cannot read properties of undefined (reading 'url')
    at getNotImplementedRoute (file:///C:/Users/abogc/OneDrive/Desktop/Backend/Desafio_CompresionLog/routes/index.js:162:38)
    at file:///C:/Users/abogc/OneDrive/Desktop/Backend/Desafio_CompresionLog/server.js:92:16
    at ModuleJob.run (node:internal/modules/esm/module_job:195:25)
    at async Promise.all (index 0)
    at async ESMLoader.import (node:internal/modules/esm/loader:337:24)
    at async loadESM (node:internal/process/esm_loader:88:5)
    at async handleMainPromise (node:internal/modules/run_main:61:12)
[2022-09-09T12:42:01.589] [ERROR] archivoError - TypeError: Cannot read properties of undefined (reading 'url')
    at getNotImplementedRoute (file:///C:/Users/abogc/OneDrive/Desktop/Backend/Desafio_CompresionLog/routes/index.js:162:38)
    at file:///C:/Users/abogc/OneDrive/Desktop/Backend/Desafio_CompresionLog/server.js:92:16
    at ModuleJob.run (node:internal/modules/esm/module_job:195:25)
    at async Promise.all (index 0)
    at async ESMLoader.import (node:internal/modules/esm/loader:337:24)
    at async loadESM (node:internal/process/esm_loader:88:5)
    at async handleMainPromise (node:internal/modules/run_main:61:12)
[2022-09-09T12:42:01.865] [ERROR] archivoError - TypeError: Cannot read properties of undefined (reading 'url')
    at getNotImplementedRoute (file:///C:/Users/abogc/OneDrive/Desktop/Backend/Desafio_CompresionLog/routes/index.js:162:38)
    at file:///C:/Users/abogc/OneDrive/Desktop/Backend/Desafio_CompresionLog/server.js:92:16
    at ModuleJob.run (node:internal/modules/esm/module_job:195:25)
    at async Promise.all (index 0)
    at async ESMLoader.import (node:internal/modules/esm/loader:337:24)
    at async loadESM (node:internal/process/esm_loader:88:5)
    at async handleMainPromise (node:internal/modules/run_main:61:12)
[2022-09-09T12:42:02.056] [ERROR] archivoError - TypeError: Cannot read properties of undefined (reading 'url')
    at getNotImplementedRoute (file:///C:/Users/abogc/OneDrive/Desktop/Backend/Desafio_CompresionLog/routes/index.js:162:38)
    at file:///C:/Users/abogc/OneDrive/Desktop/Backend/Desafio_CompresionLog/server.js:92:16
    at ModuleJob.run (node:internal/modules/esm/module_job:195:25)
    at async Promise.all (index 0)
    at async ESMLoader.import (node:internal/modules/esm/loader:337:24)
    at async loadESM (node:internal/process/esm_loader:88:5)
    at async handleMainPromise (node:internal/modules/run_main:61:12)
[2022-09-09T12:42:03.070] [ERROR] archivoError - TypeError: Cannot read properties of undefined (reading 'url')
    at getNotImplementedRoute (file:///C:/Users/abogc/OneDrive/Desktop/Backend/Desafio_CompresionLog/routes/index.js:162:38)
    at file:///C:/Users/abogc/OneDrive/Desktop/Backend/Desafio_CompresionLog/server.js:92:16
    at ModuleJob.run (node:internal/modules/esm/module_job:195:25)
    at async Promise.all (index 0)
    at async ESMLoader.import (node:internal/modules/esm/loader:337:24)
    at async loadESM (node:internal/process/esm_loader:88:5)
    at async handleMainPromise (node:internal/modules/run_main:61:12)
[2022-09-09T12:42:03.082] [ERROR] archivoError - TypeError: Cannot read properties of undefined (reading 'url')
    at getNotImplementedRoute (file:///C:/Users/abogc/OneDrive/Desktop/Backend/Desafio_CompresionLog/routes/index.js:162:38)
    at file:///C:/Users/abogc/OneDrive/Desktop/Backend/Desafio_CompresionLog/server.js:92:16
    at ModuleJob.run (node:internal/modules/esm/module_job:195:25)
    at async Promise.all (index 0)
    at async ESMLoader.import (node:internal/modules/esm/loader:337:24)
    at async loadESM (node:internal/process/esm_loader:88:5)
    at async handleMainPromise (node:internal/modules/run_main:61:12)
[2022-09-09T12:42:03.295] [ERROR] archivoError - TypeError: Cannot read properties of undefined (reading 'url')
    at getNotImplementedRoute (file:///C:/Users/abogc/OneDrive/Desktop/Backend/Desafio_CompresionLog/routes/index.js:162:38)
    at file:///C:/Users/abogc/OneDrive/Desktop/Backend/Desafio_CompresionLog/server.js:92:16
    at ModuleJob.run (node:internal/modules/esm/module_job:195:25)
    at async Promise.all (index 0)
    at async ESMLoader.import (node:internal/modules/esm/loader:337:24)
    at async loadESM (node:internal/process/esm_loader:88:5)
    at async handleMainPromise (node:internal/modules/run_main:61:12)
[2022-09-09T12:42:03.461] [ERROR] archivoError - TypeError: Cannot read properties of undefined (reading 'url')
    at getNotImplementedRoute (file:///C:/Users/abogc/OneDrive/Desktop/Backend/Desafio_CompresionLog/routes/index.js:162:38)
    at file:///C:/Users/abogc/OneDrive/Desktop/Backend/Desafio_CompresionLog/server.js:92:16
    at ModuleJob.run (node:internal/modules/esm/module_job:195:25)
    at async Promise.all (index 0)
    at async ESMLoader.import (node:internal/modules/esm/loader:337:24)
    at async loadESM (node:internal/process/esm_loader:88:5)
    at async handleMainPromise (node:internal/modules/run_main:61:12)
[2022-09-09T12:42:04.483] [ERROR] archivoError - TypeError: Cannot read properties of undefined (reading 'url')
    at getNotImplementedRoute (file:///C:/Users/abogc/OneDrive/Desktop/Backend/Desafio_CompresionLog/routes/index.js:162:38)
    at file:///C:/Users/abogc/OneDrive/Desktop/Backend/Desafio_CompresionLog/server.js:92:16
    at ModuleJob.run (node:internal/modules/esm/module_job:195:25)
    at async Promise.all (index 0)
    at async ESMLoader.import (node:internal/modules/esm/loader:337:24)
    at async loadESM (node:internal/process/esm_loader:88:5)
    at async handleMainPromise (node:internal/modules/run_main:61:12)
[2022-09-09T12:42:04.480] [ERROR] archivoError - TypeError: Cannot read properties of undefined (reading 'url')
    at getNotImplementedRoute (file:///C:/Users/abogc/OneDrive/Desktop/Backend/Desafio_CompresionLog/routes/index.js:162:38)
    at file:///C:/Users/abogc/OneDrive/Desktop/Backend/Desafio_CompresionLog/server.js:92:16
    at ModuleJob.run (node:internal/modules/esm/module_job:195:25)
    at async Promise.all (index 0)
    at async ESMLoader.import (node:internal/modules/esm/loader:337:24)
    at async loadESM (node:internal/process/esm_loader:88:5)
    at async handleMainPromise (node:internal/modules/run_main:61:12)
[2022-09-09T12:42:04.700] [ERROR] archivoError - TypeError: Cannot read properties of undefined (reading 'url')
    at getNotImplementedRoute (file:///C:/Users/abogc/OneDrive/Desktop/Backend/Desafio_CompresionLog/routes/index.js:162:38)
    at file:///C:/Users/abogc/OneDrive/Desktop/Backend/Desafio_CompresionLog/server.js:92:16
    at ModuleJob.run (node:internal/modules/esm/module_job:195:25)
    at async Promise.all (index 0)
    at async ESMLoader.import (node:internal/modules/esm/loader:337:24)
    at async loadESM (node:internal/process/esm_loader:88:5)
    at async handleMainPromise (node:internal/modules/run_main:61:12)
[2022-09-09T12:42:05.086] [ERROR] archivoError - TypeError: Cannot read properties of undefined (reading 'url')
    at getNotImplementedRoute (file:///C:/Users/abogc/OneDrive/Desktop/Backend/Desafio_CompresionLog/routes/index.js:162:38)
    at file:///C:/Users/abogc/OneDrive/Desktop/Backend/Desafio_CompresionLog/server.js:92:16
    at ModuleJob.run (node:internal/modules/esm/module_job:195:25)
    at async Promise.all (index 0)
    at async ESMLoader.import (node:internal/modules/esm/loader:337:24)
    at async loadESM (node:internal/process/esm_loader:88:5)
    at async handleMainPromise (node:internal/modules/run_main:61:12)
[2022-09-09T12:42:05.994] [ERROR] archivoError - TypeError: Cannot read properties of undefined (reading 'url')
    at getNotImplementedRoute (file:///C:/Users/abogc/OneDrive/Desktop/Backend/Desafio_CompresionLog/routes/index.js:162:38)
    at file:///C:/Users/abogc/OneDrive/Desktop/Backend/Desafio_CompresionLog/server.js:92:16
    at ModuleJob.run (node:internal/modules/esm/module_job:195:25)
    at async Promise.all (index 0)
    at async ESMLoader.import (node:internal/modules/esm/loader:337:24)
    at async loadESM (node:internal/process/esm_loader:88:5)
    at async handleMainPromise (node:internal/modules/run_main:61:12)
[2022-09-09T12:42:06.052] [ERROR] archivoError - TypeError: Cannot read properties of undefined (reading 'url')
    at getNotImplementedRoute (file:///C:/Users/abogc/OneDrive/Desktop/Backend/Desafio_CompresionLog/routes/index.js:162:38)
    at file:///C:/Users/abogc/OneDrive/Desktop/Backend/Desafio_CompresionLog/server.js:92:16
    at ModuleJob.run (node:internal/modules/esm/module_job:195:25)
    at async Promise.all (index 0)
    at async ESMLoader.import (node:internal/modules/esm/loader:337:24)
    at async loadESM (node:internal/process/esm_loader:88:5)
    at async handleMainPromise (node:internal/modules/run_main:61:12)
[2022-09-09T12:42:06.277] [ERROR] archivoError - TypeError: Cannot read properties of undefined (reading 'url')
    at getNotImplementedRoute (file:///C:/Users/abogc/OneDrive/Desktop/Backend/Desafio_CompresionLog/routes/index.js:162:38)
    at file:///C:/Users/abogc/OneDrive/Desktop/Backend/Desafio_CompresionLog/server.js:92:16
    at ModuleJob.run (node:internal/modules/esm/module_job:195:25)
    at async Promise.all (index 0)
    at async ESMLoader.import (node:internal/modules/esm/loader:337:24)
    at async loadESM (node:internal/process/esm_loader:88:5)
    at async handleMainPromise (node:internal/modules/run_main:61:12)
[2022-09-09T12:42:06.519] [ERROR] archivoError - TypeError: Cannot read properties of undefined (reading 'url')
    at getNotImplementedRoute (file:///C:/Users/abogc/OneDrive/Desktop/Backend/Desafio_CompresionLog/routes/index.js:162:38)
    at file:///C:/Users/abogc/OneDrive/Desktop/Backend/Desafio_CompresionLog/server.js:92:16
    at ModuleJob.run (node:internal/modules/esm/module_job:195:25)
    at async Promise.all (index 0)
    at async ESMLoader.import (node:internal/modules/esm/loader:337:24)
    at async loadESM (node:internal/process/esm_loader:88:5)
    at async handleMainPromise (node:internal/modules/run_main:61:12)
[2022-09-09T12:42:07.520] [ERROR] archivoError - TypeError: Cannot read properties of undefined (reading 'url')
    at getNotImplementedRoute (file:///C:/Users/abogc/OneDrive/Desktop/Backend/Desafio_CompresionLog/routes/index.js:162:38)
    at file:///C:/Users/abogc/OneDrive/Desktop/Backend/Desafio_CompresionLog/server.js:92:16
    at ModuleJob.run (node:internal/modules/esm/module_job:195:25)
    at async Promise.all (index 0)
    at async ESMLoader.import (node:internal/modules/esm/loader:337:24)
    at async loadESM (node:internal/process/esm_loader:88:5)
    at async handleMainPromise (node:internal/modules/run_main:61:12)
[2022-09-09T12:42:07.543] [ERROR] archivoError - TypeError: Cannot read properties of undefined (reading 'url')
    at getNotImplementedRoute (file:///C:/Users/abogc/OneDrive/Desktop/Backend/Desafio_CompresionLog/routes/index.js:162:38)
    at file:///C:/Users/abogc/OneDrive/Desktop/Backend/Desafio_CompresionLog/server.js:92:16
    at ModuleJob.run (node:internal/modules/esm/module_job:195:25)
    at async Promise.all (index 0)
    at async ESMLoader.import (node:internal/modules/esm/loader:337:24)
    at async loadESM (node:internal/process/esm_loader:88:5)
    at async handleMainPromise (node:internal/modules/run_main:61:12)
[2022-09-09T12:42:07.803] [ERROR] archivoError - TypeError: Cannot read properties of undefined (reading 'url')
    at getNotImplementedRoute (file:///C:/Users/abogc/OneDrive/Desktop/Backend/Desafio_CompresionLog/routes/index.js:162:38)
    at file:///C:/Users/abogc/OneDrive/Desktop/Backend/Desafio_CompresionLog/server.js:92:16
    at ModuleJob.run (node:internal/modules/esm/module_job:195:25)
    at async Promise.all (index 0)
    at async ESMLoader.import (node:internal/modules/esm/loader:337:24)
    at async loadESM (node:internal/process/esm_loader:88:5)
    at async handleMainPromise (node:internal/modules/run_main:61:12)
[2022-09-09T12:42:07.953] [ERROR] archivoError - TypeError: Cannot read properties of undefined (reading 'url')
    at getNotImplementedRoute (file:///C:/Users/abogc/OneDrive/Desktop/Backend/Desafio_CompresionLog/routes/index.js:162:38)
    at file:///C:/Users/abogc/OneDrive/Desktop/Backend/Desafio_CompresionLog/server.js:92:16
    at ModuleJob.run (node:internal/modules/esm/module_job:195:25)
    at async Promise.all (index 0)
    at async ESMLoader.import (node:internal/modules/esm/loader:337:24)
    at async loadESM (node:internal/process/esm_loader:88:5)
    at async handleMainPromise (node:internal/modules/run_main:61:12)
[2022-09-09T12:42:08.918] [ERROR] archivoError - TypeError: Cannot read properties of undefined (reading 'url')
    at getNotImplementedRoute (file:///C:/Users/abogc/OneDrive/Desktop/Backend/Desafio_CompresionLog/routes/index.js:162:38)
    at file:///C:/Users/abogc/OneDrive/Desktop/Backend/Desafio_CompresionLog/server.js:92:16
    at ModuleJob.run (node:internal/modules/esm/module_job:195:25)
    at async Promise.all (index 0)
    at async ESMLoader.import (node:internal/modules/esm/loader:337:24)
    at async loadESM (node:internal/process/esm_loader:88:5)
    at async handleMainPromise (node:internal/modules/run_main:61:12)
[2022-09-09T12:42:08.922] [ERROR] archivoError - TypeError: Cannot read properties of undefined (reading 'url')
    at getNotImplementedRoute (file:///C:/Users/abogc/OneDrive/Desktop/Backend/Desafio_CompresionLog/routes/index.js:162:38)
    at file:///C:/Users/abogc/OneDrive/Desktop/Backend/Desafio_CompresionLog/server.js:92:16
    at ModuleJob.run (node:internal/modules/esm/module_job:195:25)
    at async Promise.all (index 0)
    at async ESMLoader.import (node:internal/modules/esm/loader:337:24)
    at async loadESM (node:internal/process/esm_loader:88:5)
    at async handleMainPromise (node:internal/modules/run_main:61:12)
[2022-09-09T12:42:09.176] [ERROR] archivoError - TypeError: Cannot read properties of undefined (reading 'url')
    at getNotImplementedRoute (file:///C:/Users/abogc/OneDrive/Desktop/Backend/Desafio_CompresionLog/routes/index.js:162:38)
    at file:///C:/Users/abogc/OneDrive/Desktop/Backend/Desafio_CompresionLog/server.js:92:16
    at ModuleJob.run (node:internal/modules/esm/module_job:195:25)
    at async Promise.all (index 0)
    at async ESMLoader.import (node:internal/modules/esm/loader:337:24)
    at async loadESM (node:internal/process/esm_loader:88:5)
    at async handleMainPromise (node:internal/modules/run_main:61:12)
[2022-09-09T12:42:09.367] [ERROR] archivoError - TypeError: Cannot read properties of undefined (reading 'url')
    at getNotImplementedRoute (file:///C:/Users/abogc/OneDrive/Desktop/Backend/Desafio_CompresionLog/routes/index.js:162:38)
    at file:///C:/Users/abogc/OneDrive/Desktop/Backend/Desafio_CompresionLog/server.js:92:16
    at ModuleJob.run (node:internal/modules/esm/module_job:195:25)
    at async Promise.all (index 0)
    at async ESMLoader.import (node:internal/modules/esm/loader:337:24)
    at async loadESM (node:internal/process/esm_loader:88:5)
    at async handleMainPromise (node:internal/modules/run_main:61:12)
[2022-09-09T12:42:10.454] [ERROR] archivoError - TypeError: Cannot read properties of undefined (reading 'url')
    at getNotImplementedRoute (file:///C:/Users/abogc/OneDrive/Desktop/Backend/Desafio_CompresionLog/routes/index.js:162:38)
    at file:///C:/Users/abogc/OneDrive/Desktop/Backend/Desafio_CompresionLog/server.js:92:16
    at ModuleJob.run (node:internal/modules/esm/module_job:195:25)
    at async Promise.all (index 0)
    at async ESMLoader.import (node:internal/modules/esm/loader:337:24)
    at async loadESM (node:internal/process/esm_loader:88:5)
    at async handleMainPromise (node:internal/modules/run_main:61:12)
[2022-09-09T12:42:10.497] [ERROR] archivoError - TypeError: Cannot read properties of undefined (reading 'url')
    at getNotImplementedRoute (file:///C:/Users/abogc/OneDrive/Desktop/Backend/Desafio_CompresionLog/routes/index.js:162:38)
    at file:///C:/Users/abogc/OneDrive/Desktop/Backend/Desafio_CompresionLog/server.js:92:16
    at ModuleJob.run (node:internal/modules/esm/module_job:195:25)
    at async Promise.all (index 0)
    at async ESMLoader.import (node:internal/modules/esm/loader:337:24)
    at async loadESM (node:internal/process/esm_loader:88:5)
    at async handleMainPromise (node:internal/modules/run_main:61:12)
[2022-09-09T12:42:10.715] [ERROR] archivoError - TypeError: Cannot read properties of undefined (reading 'url')
    at getNotImplementedRoute (file:///C:/Users/abogc/OneDrive/Desktop/Backend/Desafio_CompresionLog/routes/index.js:162:38)
    at file:///C:/Users/abogc/OneDrive/Desktop/Backend/Desafio_CompresionLog/server.js:92:16
    at ModuleJob.run (node:internal/modules/esm/module_job:195:25)
    at async Promise.all (index 0)
    at async ESMLoader.import (node:internal/modules/esm/loader:337:24)
    at async loadESM (node:internal/process/esm_loader:88:5)
    at async handleMainPromise (node:internal/modules/run_main:61:12)
[2022-09-09T12:42:11.033] [ERROR] archivoError - TypeError: Cannot read properties of undefined (reading 'url')
    at getNotImplementedRoute (file:///C:/Users/abogc/OneDrive/Desktop/Backend/Desafio_CompresionLog/routes/index.js:162:38)
    at file:///C:/Users/abogc/OneDrive/Desktop/Backend/Desafio_CompresionLog/server.js:92:16
    at ModuleJob.run (node:internal/modules/esm/module_job:195:25)
    at async Promise.all (index 0)
    at async ESMLoader.import (node:internal/modules/esm/loader:337:24)
    at async loadESM (node:internal/process/esm_loader:88:5)
    at async handleMainPromise (node:internal/modules/run_main:61:12)
