[2022-09-15T14:31:19.116] [WARN] archivoWarn - Ruta: /favicon.ico Método: GET no implementada
[2022-09-15T14:39:44.483] [WARN] archivoWarn - Ruta: /hola Método: GET no implementada
[2022-09-15T14:44:40.999] [WARN] archivoWarn - Ruta: /signin Método: GET no implementada
[2022-09-15T14:44:45.050] [WARN] archivoWarn - Ruta: /public/css/client.css Método: GET no implementada
[2022-09-16T09:01:13.123] [WARN] archivoWarn - Ruta: /public/css/client.css Método: GET no implementada
[2022-09-16T09:01:18.002] [WARN] archivoWarn - Ruta: /public/css/client.css Método: GET no implementada
[2022-09-16T09:01:22.449] [WARN] archivoWarn - Ruta: /public/css/client.css Método: GET no implementada
[2022-09-16T09:27:00.072] [WARN] archivoWarn - Ruta: /public/css/client.css Método: GET no implementada
[2022-09-16T11:10:14.693] [WARN] archivoWarn - Ruta: /public/css/client.css Método: GET no implementada
[2022-09-16T14:55:44.995] [WARN] archivoWarn - Ruta: /uploadProduct Método: GET no implementada
[2022-09-16T14:56:09.339] [WARN] archivoWarn - Ruta: /uploadProduct Método: GET no implementada
[2022-09-16T14:56:27.847] [WARN] archivoWarn - Ruta: /uploadProduct Método: GET no implementada
[2022-09-16T14:56:58.709] [WARN] archivoWarn - Ruta: /uploadProduct Método: GET no implementada
[2022-09-16T14:58:12.616] [WARN] archivoWarn - Ruta: /uploadProduct Método: GET no implementada
[2022-09-16T15:01:17.231] [WARN] archivoWarn - Ruta: /uploadProduct Método: GET no implementada
[2022-09-16T15:02:28.325] [WARN] archivoWarn - Ruta: /uploadProduct Método: GET no implementada
[2022-09-16T15:03:27.582] [WARN] archivoWarn - Ruta: /uploadProduct Método: GET no implementada
[2022-09-16T15:41:06.318] [WARN] archivoWarn - Ruta: /api/%7B%7Bthis.url%7D%7D Método: GET no implementada
[2022-09-16T15:41:36.502] [WARN] archivoWarn - Ruta: /api/%7B%7Bthis.url%7D%7D Método: GET no implementada
[2022-09-16T15:42:54.089] [WARN] archivoWarn - Ruta: /%7B%7Bthis.url%7D%7D Método: GET no implementada
[2022-09-16T16:40:24.730] [WARN] archivoWarn - Ruta: /cargarproductos Método: GET no implementada
[2022-09-16T16:40:33.101] [WARN] archivoWarn - Ruta: /api/cargarproductos Método: GET no implementada
[2022-09-16T16:40:40.709] [WARN] archivoWarn - Ruta: /api/cargarproductos Método: GET no implementada
[2022-09-16T16:40:50.781] [WARN] archivoWarn - Ruta: /api/cargarproductos Método: GET no implementada
[2022-09-16T16:40:52.155] [WARN] archivoWarn - Ruta: /api/cargarproductos Método: GET no implementada
[2022-09-16T16:41:32.766] [WARN] archivoWarn - Ruta: /api/cargarproductos Método: GET no implementada
[2022-09-16T16:41:37.536] [WARN] archivoWarn - Ruta: /cargarproductos Método: GET no implementada
[2022-09-16T16:42:27.430] [WARN] archivoWarn - Ruta: /api/cargarproductos Método: GET no implementada
[2022-09-16T16:42:44.506] [WARN] archivoWarn - Ruta: /api/cargarproductos Método: GET no implementada
[2022-09-16T16:43:11.344] [WARN] archivoWarn - Ruta: /%7B%7Bthis.url%7D%7D Método: GET no implementada
[2022-09-16T16:44:26.303] [WARN] archivoWarn - Ruta: /%7B%7Bthis.url%7D%7D Método: GET no implementada
[2022-09-16T16:45:26.537] [WARN] archivoWarn - Ruta: /%7B%7Bthis.url%7D%7D Método: GET no implementada
[2022-09-16T16:45:37.499] [WARN] archivoWarn - Ruta: /%7B%7Bthis.url%7D%7D Método: GET no implementada
[2022-09-16T16:45:53.170] [WARN] archivoWarn - Ruta: /%7B%7Bthis.url%7D%7D Método: GET no implementada
[2022-09-16T16:46:06.086] [WARN] archivoWarn - Ruta: /%7B%7Bthis.url%7D%7D Método: GET no implementada
[2022-09-16T16:46:20.632] [WARN] archivoWarn - Ruta: /%7B%7Bthis.url%7D%7D Método: GET no implementada
[2022-09-16T16:46:30.625] [WARN] archivoWarn - Ruta: /%7B%7Bthis.url%7D%7D Método: GET no implementada
[2022-09-16T16:47:46.920] [WARN] archivoWarn - Ruta: /%7B%7Bthis.url%7D%7D Método: GET no implementada
[2022-09-16T16:51:13.016] [WARN] archivoWarn - Ruta: /%7B%7Bthis.url%7D%7D Método: GET no implementada
[2022-09-16T16:54:22.161] [WARN] archivoWarn - Ruta: /%7B%7Bthis.url%7D%7D Método: GET no implementada
[2022-09-16T17:43:48.758] [WARN] archivoWarn - Ruta: /mostrarproductos Método: GET no implementada
[2022-09-16T17:43:52.987] [WARN] archivoWarn - Ruta: /mostrarproductos Método: GET no implementada
[2022-09-16T18:04:06.417] [WARN] archivoWarn - Ruta: /... Método: GET no implementada
[2022-09-18T11:11:05.818] [WARN] archivoWarn - Ruta: /api/productos%3E Método: GET no implementada
[2022-09-18T11:11:38.735] [WARN] archivoWarn - Ruta: /api/productos%3E Método: GET no implementada
[2022-09-18T11:12:09.323] [WARN] archivoWarn - Ruta: /prductos Método: GET no implementada
[2022-09-18T11:12:25.671] [WARN] archivoWarn - Ruta: /productos%3E Método: GET no implementada
[2022-09-18T11:12:40.883] [WARN] archivoWarn - Ruta: /productos%3E Método: GET no implementada
[2022-09-18T11:12:55.185] [WARN] archivoWarn - Ruta: /productos%3E Método: GET no implementada
[2022-09-18T11:13:11.195] [WARN] archivoWarn - Ruta: /%3E Método: GET no implementada
[2022-09-18T11:13:40.311] [WARN] archivoWarn - Ruta: /home%3E Método: GET no implementada
[2022-09-18T11:24:27.282] [WARN] archivoWarn - Ruta: /api/borrarproductos/6324e07b3130c0b688e61b35 Método: GET no implementada
[2022-09-18T11:25:03.012] [WARN] archivoWarn - Ruta: /api/borrarproductos/6324e07b3130c0b688e61b35 Método: GET no implementada
[2022-09-18T11:25:15.538] [WARN] archivoWarn - Ruta: /api/borrarproductos/6324e07b3130c0b688e61b35 Método: GET no implementada
[2022-09-18T11:25:58.762] [WARN] archivoWarn - Ruta: /api/borrarproductos/6324e07b3130c0b688e61b35 Método: GET no implementada
[2022-09-18T11:26:20.021] [WARN] archivoWarn - Ruta: /api/borrarproductos/6324e07b3130c0b688e61b35 Método: GET no implementada
[2022-09-18T11:28:22.717] [WARN] archivoWarn - Ruta: /api/borrarproductos/6324d35a797029446b5e57d6 Método: GET no implementada
[2022-09-18T11:30:11.119] [WARN] archivoWarn - Ruta: /api/borrarproductos/6324d35a797029446b5e57d6 Método: GET no implementada
[2022-09-18T11:30:25.877] [WARN] archivoWarn - Ruta: /api/borrarproductos/6324d35a797029446b5e57d6 Método: GET no implementada
[2022-09-18T11:30:39.753] [WARN] archivoWarn - Ruta: /api/borrarproductos/6324d35a797029446b5e57d6 Método: GET no implementada
[2022-09-18T11:31:46.063] [WARN] archivoWarn - Ruta: /api/borrarproductos/ Método: GET no implementada
[2022-09-18T11:32:15.968] [WARN] archivoWarn - Ruta: /api/borrarproductos/ Método: GET no implementada
[2022-09-18T11:34:18.379] [WARN] archivoWarn - Ruta: /api/borrarproductos/6324e07b3130c0b688e61b35 Método: GET no implementada
[2022-09-18T11:34:47.482] [WARN] archivoWarn - Ruta: /api/borrarproductos/6324e07b3130c0b688e61b35 Método: GET no implementada
[2022-09-18T11:34:59.139] [WARN] archivoWarn - Ruta: /api/borrarproductos/6324e07b3130c0b688e61b35 Método: GET no implementada
[2022-09-18T19:03:02.614] [WARN] archivoWarn - Ruta: /public/css/client.css Método: GET no implementada
[2022-09-18T19:06:13.838] [WARN] archivoWarn - Ruta: /public/css/client.css Método: GET no implementada
[2022-09-18T19:06:38.913] [WARN] archivoWarn - Ruta: /public/css/client.css Método: GET no implementada
[2022-09-18T19:06:59.983] [WARN] archivoWarn - Ruta: /public/css/client.css Método: GET no implementada
[2022-09-18T19:07:30.631] [WARN] archivoWarn - Ruta: /public/css/client.css Método: GET no implementada
[2022-09-18T20:30:58.793] [WARN] archivoWarn - Ruta: /public/css/client.css Método: GET no implementada
[2022-09-18T20:33:34.238] [WARN] archivoWarn - Ruta: /public/css/client.css Método: GET no implementada
[2022-09-18T20:38:48.112] [WARN] archivoWarn - Ruta: /public/css/client.css Método: GET no implementada
[2022-09-18T20:45:01.040] [WARN] archivoWarn - Ruta: /public/css/client.css Método: GET no implementada
[2022-09-20T16:03:13.662] [WARN] archivoWarn - Ruta: /favicon.ico Método: GET no implementada
[2022-09-20T16:03:29.301] [WARN] archivoWarn - Ruta: /public/css/client.css Método: GET no implementada
[2022-09-20T16:03:29.473] [WARN] archivoWarn - Ruta: /favicon.ico Método: GET no implementada
[2022-09-20T16:04:08.741] [WARN] archivoWarn - Ruta: /favicon.ico Método: GET no implementada
[2022-09-20T16:04:11.520] [WARN] archivoWarn - Ruta: /public/css/client.css Método: GET no implementada
[2022-09-20T16:04:11.640] [WARN] archivoWarn - Ruta: /favicon.ico Método: GET no implementada
[2022-09-20T16:04:48.366] [WARN] archivoWarn - Ruta: /favicon.ico Método: GET no implementada
[2022-09-20T16:04:57.097] [WARN] archivoWarn - Ruta: /favicon.ico Método: GET no implementada
[2022-09-20T16:05:08.755] [WARN] archivoWarn - Ruta: /favicon.ico Método: GET no implementada
[2022-09-20T16:05:11.794] [WARN] archivoWarn - Ruta: /favicon.ico Método: GET no implementada
[2022-09-20T16:05:13.501] [WARN] archivoWarn - Ruta: /favicon.ico Método: GET no implementada
[2022-09-20T16:05:22.233] [WARN] archivoWarn - Ruta: /favicon.ico Método: GET no implementada
[2022-09-20T16:05:34.320] [WARN] archivoWarn - Ruta: /favicon.ico Método: GET no implementada
[2022-09-20T16:05:59.663] [WARN] archivoWarn - Ruta: /favicon.ico Método: GET no implementada
[2022-09-20T16:44:34.271] [WARN] archivoWarn - Ruta: /favicon.ico Método: GET no implementada
[2022-09-20T21:47:52.836] [WARN] archivoWarn - Ruta: /favicon.ico Método: GET no implementada
[2022-09-20T21:47:54.801] [WARN] archivoWarn - Ruta: /public/css/client.css Método: GET no implementada
[2022-09-20T21:47:54.885] [WARN] archivoWarn - Ruta: /favicon.ico Método: GET no implementada
[2022-09-20T21:52:58.977] [WARN] archivoWarn - Ruta: /favicon.ico Método: GET no implementada
[2022-09-20T21:52:59.551] [WARN] archivoWarn - Ruta: /public/css/client.css Método: GET no implementada
[2022-09-20T21:52:59.614] [WARN] archivoWarn - Ruta: /favicon.ico Método: GET no implementada
[2022-09-20T21:54:37.381] [WARN] archivoWarn - Ruta: /favicon.ico Método: GET no implementada
[2022-09-20T21:57:07.153] [WARN] archivoWarn - Ruta: /favicon.ico Método: GET no implementada
[2022-09-25T11:59:35.978] [WARN] archivoWarn - Ruta: /favicon.ico Método: GET no implementada
[2022-09-25T11:59:46.911] [WARN] archivoWarn - Ruta: /favicon.ico Método: GET no implementada
[2022-09-25T11:59:49.286] [WARN] archivoWarn - Ruta: /favicon.ico Método: GET no implementada
[2022-09-25T11:59:50.038] [WARN] archivoWarn - Ruta: /public/css/client.css Método: GET no implementada
[2022-09-25T11:59:50.175] [WARN] archivoWarn - Ruta: /favicon.ico Método: GET no implementada
[2022-09-25T11:59:52.567] [WARN] archivoWarn - Ruta: /favicon.ico Método: GET no implementada
[2022-09-25T12:01:39.114] [WARN] archivoWarn - Ruta: /favicon.ico Método: GET no implementada
[2022-09-25T12:01:40.533] [WARN] archivoWarn - Ruta: /public/css/client.css Método: GET no implementada
[2022-09-25T12:01:40.608] [WARN] archivoWarn - Ruta: /favicon.ico Método: GET no implementada
[2022-09-25T12:01:45.112] [WARN] archivoWarn - Ruta: /favicon.ico Método: GET no implementada
[2022-09-25T12:04:01.805] [WARN] archivoWarn - Ruta: /favicon.ico Método: GET no implementada
[2022-09-25T12:04:06.515] [WARN] archivoWarn - Ruta: /favicon.ico Método: GET no implementada
[2022-09-25T12:04:08.053] [WARN] archivoWarn - Ruta: /public/css/client.css Método: GET no implementada
[2022-09-25T12:04:08.140] [WARN] archivoWarn - Ruta: /favicon.ico Método: GET no implementada
[2022-09-25T12:09:14.265] [WARN] archivoWarn - Ruta: /public/css/client.css Método: GET no implementada
[2022-09-25T12:09:14.421] [WARN] archivoWarn - Ruta: /favicon.ico Método: GET no implementada
[2022-09-25T12:09:18.584] [WARN] archivoWarn - Ruta: /favicon.ico Método: GET no implementada
[2022-09-25T12:09:23.903] [WARN] archivoWarn - Ruta: /favicon.ico Método: GET no implementada
[2022-09-25T12:09:25.501] [WARN] archivoWarn - Ruta: /favicon.ico Método: GET no implementada
[2022-09-25T12:09:27.375] [WARN] archivoWarn - Ruta: /public/css/client.css Método: GET no implementada
[2022-09-25T12:09:27.449] [WARN] archivoWarn - Ruta: /favicon.ico Método: GET no implementada
[2022-09-25T12:15:17.427] [WARN] archivoWarn - Ruta: /favicon.ico Método: GET no implementada
[2022-09-25T12:15:26.241] [WARN] archivoWarn - Ruta: /favicon.ico Método: GET no implementada
[2022-09-25T12:15:28.608] [WARN] archivoWarn - Ruta: /favicon.ico Método: GET no implementada
[2022-09-25T12:20:03.588] [WARN] archivoWarn - Ruta: /public/css/client.css Método: GET no implementada
[2022-09-25T12:21:25.963] [WARN] archivoWarn - Ruta: /favicon.ico Método: GET no implementada
[2022-09-25T12:21:41.232] [WARN] archivoWarn - Ruta: /favicon.ico Método: GET no implementada
[2022-09-25T12:21:43.434] [WARN] archivoWarn - Ruta: /public/css/client.css Método: GET no implementada
[2022-09-25T12:21:43.513] [WARN] archivoWarn - Ruta: /favicon.ico Método: GET no implementada
[2022-09-25T12:23:42.463] [WARN] archivoWarn - Ruta: /favicon.ico Método: GET no implementada
[2022-09-25T12:24:01.912] [WARN] archivoWarn - Ruta: /favicon.ico Método: GET no implementada
[2022-09-25T12:24:36.499] [WARN] archivoWarn - Ruta: /favicon.ico Método: GET no implementada
[2022-09-25T12:25:21.581] [WARN] archivoWarn - Ruta: /favicon.ico Método: GET no implementada
[2022-09-25T12:30:29.135] [WARN] archivoWarn - Ruta: /favicon.ico Método: GET no implementada
[2022-09-25T12:30:37.479] [WARN] archivoWarn - Ruta: /favicon.ico Método: GET no implementada
[2022-09-25T12:30:43.561] [WARN] archivoWarn - Ruta: /favicon.ico Método: GET no implementada
[2022-09-25T12:30:45.524] [WARN] archivoWarn - Ruta: /favicon.ico Método: GET no implementada
[2022-09-25T12:33:40.503] [WARN] archivoWarn - Ruta: /favicon.ico Método: GET no implementada
[2022-09-25T12:35:46.479] [WARN] archivoWarn - Ruta: /favicon.ico Método: GET no implementada
[2022-09-25T12:37:01.471] [WARN] archivoWarn - Ruta: /favicon.ico Método: GET no implementada
[2022-09-25T12:37:09.837] [WARN] archivoWarn - Ruta: /favicon.ico Método: GET no implementada
[2022-09-25T12:37:15.291] [WARN] archivoWarn - Ruta: /favicon.ico Método: GET no implementada
[2022-09-25T12:37:16.712] [WARN] archivoWarn - Ruta: /favicon.ico Método: GET no implementada
[2022-09-25T12:37:32.384] [WARN] archivoWarn - Ruta: /favicon.ico Método: GET no implementada
[2022-09-25T12:37:39.808] [WARN] archivoWarn - Ruta: /favicon.ico Método: GET no implementada
[2022-09-25T12:37:41.351] [WARN] archivoWarn - Ruta: /favicon.ico Método: GET no implementada
[2022-09-25T12:38:35.840] [WARN] archivoWarn - Ruta: /favicon.ico Método: GET no implementada
[2022-09-25T12:39:01.689] [WARN] archivoWarn - Ruta: /favicon.ico Método: GET no implementada
[2022-09-25T12:39:03.518] [WARN] archivoWarn - Ruta: /favicon.ico Método: GET no implementada
[2022-09-25T12:43:12.079] [WARN] archivoWarn - Ruta: /favicon.ico Método: GET no implementada
[2022-09-25T12:43:29.955] [WARN] archivoWarn - Ruta: /favicon.ico Método: GET no implementada
[2022-09-25T12:50:18.475] [WARN] archivoWarn - Ruta: /favicon.ico Método: GET no implementada
[2022-09-25T12:51:28.160] [WARN] archivoWarn - Ruta: /favicon.ico Método: GET no implementada
[2022-09-25T12:52:46.685] [WARN] archivoWarn - Ruta: /favicon.ico Método: GET no implementada
[2022-09-25T12:53:52.370] [WARN] archivoWarn - Ruta: /favicon.ico Método: GET no implementada
[2022-09-25T18:37:23.252] [WARN] archivoWarn - Ruta: /favicon.ico Método: GET no implementada
[2022-09-25T18:37:34.514] [WARN] archivoWarn - Ruta: /favicon.ico Método: GET no implementada
[2022-09-25T18:37:41.186] [WARN] archivoWarn - Ruta: /favicon.ico Método: GET no implementada
[2022-09-25T18:37:46.278] [WARN] archivoWarn - Ruta: /favicon.ico Método: GET no implementada
[2022-09-25T18:37:50.055] [WARN] archivoWarn - Ruta: /favicon.ico Método: GET no implementada
[2022-09-25T18:38:54.577] [WARN] archivoWarn - Ruta: /favicon.ico Método: GET no implementada
[2022-09-25T18:40:51.322] [WARN] archivoWarn - Ruta: /favicon.ico Método: GET no implementada
[2022-09-25T18:41:04.875] [WARN] archivoWarn - Ruta: /favicon.ico Método: GET no implementada
[2022-09-25T18:41:36.957] [WARN] archivoWarn - Ruta: /favicon.ico Método: GET no implementada
[2022-09-25T18:41:43.928] [WARN] archivoWarn - Ruta: /favicon.ico Método: GET no implementada
[2022-09-25T18:41:50.611] [WARN] archivoWarn - Ruta: /favicon.ico Método: GET no implementada
[2022-10-01T14:27:18.260] [WARN] archivoWarn - Ruta: /favicon.ico Método: GET no implementada
[2022-10-01T14:36:01.067] [WARN] archivoWarn - Ruta: /favicon.ico Método: GET no implementada
[2022-10-01T14:37:29.432] [WARN] archivoWarn - Ruta: /favicon.ico Método: GET no implementada
[2022-10-01T14:37:40.407] [WARN] archivoWarn - Ruta: /favicon.ico Método: GET no implementada
[2022-10-01T14:39:52.366] [WARN] archivoWarn - Ruta: /api/cargarproductos Método: GET no implementada
[2022-10-01T14:39:52.597] [WARN] archivoWarn - Ruta: /favicon.ico Método: GET no implementada
[2022-10-01T14:40:04.502] [WARN] archivoWarn - Ruta: /favicon.ico Método: GET no implementada
[2022-10-01T14:40:09.387] [WARN] archivoWarn - Ruta: /api/cargarproductos Método: GET no implementada
[2022-10-01T14:40:10.203] [WARN] archivoWarn - Ruta: /favicon.ico Método: GET no implementada
[2022-10-01T14:44:42.026] [WARN] archivoWarn - Ruta: /favicon.ico Método: GET no implementada
[2022-10-01T14:44:51.525] [WARN] archivoWarn - Ruta: /favicon.ico Método: GET no implementada
[2022-10-01T14:45:33.227] [WARN] archivoWarn - Ruta: /favicon.ico Método: GET no implementada
[2022-10-01T14:45:40.560] [WARN] archivoWarn - Ruta: /favicon.ico Método: GET no implementada
[2022-10-01T14:45:59.868] [WARN] archivoWarn - Ruta: /favicon.ico Método: GET no implementada
[2022-10-01T14:46:08.154] [WARN] archivoWarn - Ruta: /favicon.ico Método: GET no implementada
[2022-10-01T14:46:57.904] [WARN] archivoWarn - Ruta: /favicon.ico Método: GET no implementada
[2022-10-01T14:47:06.639] [WARN] archivoWarn - Ruta: /favicon.ico Método: GET no implementada
[2022-10-01T14:47:26.467] [WARN] archivoWarn - Ruta: /favicon.ico Método: GET no implementada
[2022-10-01T14:47:30.709] [WARN] archivoWarn - Ruta: /favicon.ico Método: GET no implementada
[2022-10-01T14:47:31.833] [WARN] archivoWarn - Ruta: /public/css/client.css Método: GET no implementada
[2022-10-01T14:47:32.021] [WARN] archivoWarn - Ruta: /favicon.ico Método: GET no implementada
[2022-10-01T14:47:34.970] [WARN] archivoWarn - Ruta: /favicon.ico Método: GET no implementada
[2022-10-01T14:47:43.540] [WARN] archivoWarn - Ruta: /favicon.ico Método: GET no implementada
[2022-10-01T14:47:51.262] [WARN] archivoWarn - Ruta: /favicon.ico Método: GET no implementada
[2022-10-01T14:48:18.368] [WARN] archivoWarn - Ruta: /favicon.ico Método: GET no implementada
[2022-10-01T14:49:52.903] [WARN] archivoWarn - Ruta: /favicon.ico Método: GET no implementada
[2022-10-01T14:50:01.821] [WARN] archivoWarn - Ruta: /favicon.ico Método: GET no implementada
[2022-10-01T14:50:47.447] [WARN] archivoWarn - Ruta: /favicon.ico Método: GET no implementada
[2022-10-01T14:50:55.347] [WARN] archivoWarn - Ruta: /favicon.ico Método: GET no implementada
[2022-10-01T14:51:03.004] [WARN] archivoWarn - Ruta: /favicon.ico Método: GET no implementada
[2022-10-01T17:29:49.731] [WARN] archivoWarn - Ruta: /favicon.ico Método: GET no implementada
[2022-10-01T17:30:30.499] [WARN] archivoWarn - Ruta: /favicon.ico Método: GET no implementada
[2022-10-01T17:30:37.450] [WARN] archivoWarn - Ruta: /favicon.ico Método: GET no implementada
[2022-10-01T17:30:43.100] [WARN] archivoWarn - Ruta: /favicon.ico Método: GET no implementada
[2022-10-01T17:31:02.207] [WARN] archivoWarn - Ruta: /favicon.ico Método: GET no implementada
[2022-10-01T17:31:07.767] [WARN] archivoWarn - Ruta: /favicon.ico Método: GET no implementada
[2022-10-01T17:31:31.716] [WARN] archivoWarn - Ruta: /favicon.ico Método: GET no implementada
[2022-10-01T17:33:47.019] [WARN] archivoWarn - Ruta: /favicon.ico Método: GET no implementada
[2022-10-01T17:33:56.989] [WARN] archivoWarn - Ruta: /favicon.ico Método: GET no implementada
[2022-10-01T17:36:10.155] [WARN] archivoWarn - Ruta: /favicon.ico Método: GET no implementada
[2022-10-01T17:36:17.442] [WARN] archivoWarn - Ruta: /favicon.ico Método: GET no implementada
[2022-10-01T17:36:59.665] [WARN] archivoWarn - Ruta: /favicon.ico Método: GET no implementada
[2022-10-01T17:37:06.251] [WARN] archivoWarn - Ruta: /favicon.ico Método: GET no implementada
[2022-10-01T17:37:55.879] [WARN] archivoWarn - Ruta: /favicon.ico Método: GET no implementada
[2022-10-01T17:38:02.206] [WARN] archivoWarn - Ruta: /favicon.ico Método: GET no implementada
[2022-10-01T17:38:45.778] [WARN] archivoWarn - Ruta: /favicon.ico Método: GET no implementada
[2022-10-01T17:40:54.654] [WARN] archivoWarn - Ruta: /favicon.ico Método: GET no implementada
[2022-10-01T17:42:05.522] [WARN] archivoWarn - Ruta: /favicon.ico Método: GET no implementada
[2022-10-01T17:42:13.677] [WARN] archivoWarn - Ruta: /favicon.ico Método: GET no implementada
[2022-10-01T17:42:45.964] [WARN] archivoWarn - Ruta: /favicon.ico Método: GET no implementada
[2022-10-01T17:42:57.469] [WARN] archivoWarn - Ruta: /favicon.ico Método: GET no implementada
[2022-10-01T17:49:41.850] [WARN] archivoWarn - Ruta: /favicon.ico Método: GET no implementada
[2022-10-01T17:49:53.056] [WARN] archivoWarn - Ruta: /favicon.ico Método: GET no implementada
[2022-10-01T17:50:18.033] [WARN] archivoWarn - Ruta: /favicon.ico Método: GET no implementada
[2022-10-01T17:50:24.321] [WARN] archivoWarn - Ruta: /favicon.ico Método: GET no implementada
[2022-10-01T17:51:18.515] [WARN] archivoWarn - Ruta: /favicon.ico Método: GET no implementada
[2022-10-01T17:52:11.156] [WARN] archivoWarn - Ruta: /favicon.ico Método: GET no implementada
[2022-10-01T17:54:18.192] [WARN] archivoWarn - Ruta: /favicon.ico Método: GET no implementada
[2022-10-01T17:55:18.030] [WARN] archivoWarn - Ruta: /favicon.ico Método: GET no implementada
[2022-10-01T17:55:24.578] [WARN] archivoWarn - Ruta: /favicon.ico Método: GET no implementada
[2022-10-01T17:55:52.968] [WARN] archivoWarn - Ruta: /favicon.ico Método: GET no implementada
[2022-10-01T17:55:59.468] [WARN] archivoWarn - Ruta: /favicon.ico Método: GET no implementada
[2022-10-01T17:56:09.385] [WARN] archivoWarn - Ruta: /favicon.ico Método: GET no implementada
[2022-10-01T17:56:36.854] [WARN] archivoWarn - Ruta: /favicon.ico Método: GET no implementada
[2022-10-01T17:56:58.875] [WARN] archivoWarn - Ruta: /favicon.ico Método: GET no implementada
[2022-10-02T06:45:16.183] [WARN] archivoWarn - Ruta: /favicon.ico Método: GET no implementada
[2022-10-02T06:46:23.039] [WARN] archivoWarn - Ruta: /favicon.ico Método: GET no implementada
[2022-10-02T06:46:31.863] [WARN] archivoWarn - Ruta: /favicon.ico Método: GET no implementada
[2022-10-02T06:59:36.978] [WARN] archivoWarn - Ruta: /favicon.ico Método: GET no implementada
[2022-10-02T06:59:44.551] [WARN] archivoWarn - Ruta: /favicon.ico Método: GET no implementada
[2022-10-02T07:00:00.203] [WARN] archivoWarn - Ruta: /favicon.ico Método: GET no implementada
[2022-10-02T07:00:04.175] [WARN] archivoWarn - Ruta: /favicon.ico Método: GET no implementada
[2022-10-02T07:00:09.416] [WARN] archivoWarn - Ruta: /favicon.ico Método: GET no implementada
[2022-10-02T07:05:00.333] [WARN] archivoWarn - Ruta: /favicon.ico Método: GET no implementada
[2022-10-02T07:11:43.561] [WARN] archivoWarn - Ruta: /favicon.ico Método: GET no implementada
[2022-10-02T07:11:53.387] [WARN] archivoWarn - Ruta: /favicon.ico Método: GET no implementada
[2022-10-02T07:11:55.466] [WARN] archivoWarn - Ruta: /favicon.ico Método: GET no implementada
[2022-10-02T07:14:15.134] [WARN] archivoWarn - Ruta: /favicon.ico Método: GET no implementada
[2022-10-02T07:14:22.965] [WARN] archivoWarn - Ruta: /favicon.ico Método: GET no implementada
[2022-10-02T07:14:36.957] [WARN] archivoWarn - Ruta: /favicon.ico Método: GET no implementada
[2022-10-02T07:19:03.802] [WARN] archivoWarn - Ruta: /favicon.ico Método: GET no implementada
[2022-10-02T07:19:11.702] [WARN] archivoWarn - Ruta: /favicon.ico Método: GET no implementada
[2022-10-02T07:19:13.561] [WARN] archivoWarn - Ruta: /favicon.ico Método: GET no implementada
[2022-10-02T07:19:56.183] [WARN] archivoWarn - Ruta: /favicon.ico Método: GET no implementada
[2022-10-02T07:20:04.307] [WARN] archivoWarn - Ruta: /favicon.ico Método: GET no implementada
[2022-10-02T07:20:06.512] [WARN] archivoWarn - Ruta: /favicon.ico Método: GET no implementada
[2022-10-02T07:23:51.076] [WARN] archivoWarn - Ruta: /favicon.ico Método: GET no implementada
[2022-10-02T07:23:59.589] [WARN] archivoWarn - Ruta: /favicon.ico Método: GET no implementada
[2022-10-02T07:24:02.260] [WARN] archivoWarn - Ruta: /favicon.ico Método: GET no implementada
[2022-10-02T07:30:18.472] [WARN] archivoWarn - Ruta: /favicon.ico Método: GET no implementada
[2022-10-02T07:30:26.859] [WARN] archivoWarn - Ruta: /favicon.ico Método: GET no implementada
[2022-10-02T07:30:28.684] [WARN] archivoWarn - Ruta: /favicon.ico Método: GET no implementada
[2022-10-02T07:30:33.060] [WARN] archivoWarn - Ruta: /public/css/client.css Método: GET no implementada
[2022-10-02T07:30:33.146] [WARN] archivoWarn - Ruta: /favicon.ico Método: GET no implementada
[2022-10-02T07:35:46.076] [WARN] archivoWarn - Ruta: /favicon.ico Método: GET no implementada
[2022-10-02T07:35:55.218] [WARN] archivoWarn - Ruta: /favicon.ico Método: GET no implementada
[2022-10-02T07:36:06.008] [WARN] archivoWarn - Ruta: /favicon.ico Método: GET no implementada
[2022-10-02T07:38:23.828] [WARN] archivoWarn - Ruta: /public/css/client.css Método: GET no implementada
[2022-10-02T07:38:23.933] [WARN] archivoWarn - Ruta: /favicon.ico Método: GET no implementada
[2022-10-02T07:46:26.072] [WARN] archivoWarn - Ruta: /favicon.ico Método: GET no implementada
[2022-10-02T07:46:28.290] [WARN] archivoWarn - Ruta: /public/css/client.css Método: GET no implementada
[2022-10-02T07:46:28.358] [WARN] archivoWarn - Ruta: /favicon.ico Método: GET no implementada
[2022-10-02T07:49:53.481] [WARN] archivoWarn - Ruta: /favicon.ico Método: GET no implementada
[2022-10-02T07:50:02.929] [WARN] archivoWarn - Ruta: /favicon.ico Método: GET no implementada
[2022-10-02T07:50:09.185] [WARN] archivoWarn - Ruta: /favicon.ico Método: GET no implementada
[2022-10-02T07:50:57.289] [WARN] archivoWarn - Ruta: /favicon.ico Método: GET no implementada
[2022-10-02T07:51:03.748] [WARN] archivoWarn - Ruta: /favicon.ico Método: GET no implementada
[2022-10-02T07:51:08.632] [WARN] archivoWarn - Ruta: /favicon.ico Método: GET no implementada
[2022-10-02T07:51:36.022] [WARN] archivoWarn - Ruta: /favicon.ico Método: GET no implementada
[2022-10-02T07:57:38.481] [WARN] archivoWarn - Ruta: /favicon.ico Método: GET no implementada
[2022-10-02T07:57:43.734] [WARN] archivoWarn - Ruta: /favicon.ico Método: GET no implementada
[2022-10-02T07:59:51.910] [WARN] archivoWarn - Ruta: /favicon.ico Método: GET no implementada
[2022-10-02T08:00:01.603] [WARN] archivoWarn - Ruta: /favicon.ico Método: GET no implementada
[2022-10-02T08:01:36.984] [WARN] archivoWarn - Ruta: /favicon.ico Método: GET no implementada
[2022-10-02T08:01:50.658] [WARN] archivoWarn - Ruta: /favicon.ico Método: GET no implementada
[2022-10-02T08:04:46.889] [WARN] archivoWarn - Ruta: /favicon.ico Método: GET no implementada
[2022-10-02T08:04:59.041] [WARN] archivoWarn - Ruta: /favicon.ico Método: GET no implementada
[2022-10-02T08:09:11.004] [WARN] archivoWarn - Ruta: /favicon.ico Método: GET no implementada
[2022-10-02T08:09:17.161] [WARN] archivoWarn - Ruta: /favicon.ico Método: GET no implementada
[2022-10-02T08:09:24.040] [WARN] archivoWarn - Ruta: /favicon.ico Método: GET no implementada
[2022-10-02T08:09:32.820] [WARN] archivoWarn - Ruta: /favicon.ico Método: GET no implementada
[2022-10-02T08:10:19.252] [WARN] archivoWarn - Ruta: /favicon.ico Método: GET no implementada
[2022-10-02T08:11:17.291] [WARN] archivoWarn - Ruta: /favicon.ico Método: GET no implementada
[2022-10-02T08:11:27.148] [WARN] archivoWarn - Ruta: /favicon.ico Método: GET no implementada
[2022-10-02T08:11:32.007] [WARN] archivoWarn - Ruta: /favicon.ico Método: GET no implementada
[2022-10-02T08:12:40.954] [WARN] archivoWarn - Ruta: /favicon.ico Método: GET no implementada
[2022-10-02T08:12:50.492] [WARN] archivoWarn - Ruta: /favicon.ico Método: GET no implementada
[2022-10-02T08:12:55.324] [WARN] archivoWarn - Ruta: /favicon.ico Método: GET no implementada
[2022-10-02T08:13:16.441] [WARN] archivoWarn - Ruta: /favicon.ico Método: GET no implementada
[2022-10-02T08:13:17.764] [WARN] archivoWarn - Ruta: /favicon.ico Método: GET no implementada
[2022-10-02T08:13:24.329] [WARN] archivoWarn - Ruta: /favicon.ico Método: GET no implementada
[2022-10-02T08:13:28.301] [WARN] archivoWarn - Ruta: /favicon.ico Método: GET no implementada
[2022-10-02T08:13:58.840] [WARN] archivoWarn - Ruta: /favicon.ico Método: GET no implementada
[2022-10-02T08:14:08.976] [WARN] archivoWarn - Ruta: /favicon.ico Método: GET no implementada
[2022-10-02T08:14:13.671] [WARN] archivoWarn - Ruta: /favicon.ico Método: GET no implementada
[2022-10-02T08:24:33.431] [WARN] archivoWarn - Ruta: /favicon.ico Método: GET no implementada
[2022-10-02T08:24:40.023] [WARN] archivoWarn - Ruta: /favicon.ico Método: GET no implementada
[2022-10-02T08:24:45.975] [WARN] archivoWarn - Ruta: /favicon.ico Método: GET no implementada
[2022-10-02T10:40:54.814] [WARN] archivoWarn - Ruta: /favicon.ico Método: GET no implementada
[2022-10-02T10:41:07.532] [WARN] archivoWarn - Ruta: /favicon.ico Método: GET no implementada
[2022-10-02T10:41:23.680] [WARN] archivoWarn - Ruta: /favicon.ico Método: GET no implementada
[2022-10-02T10:41:55.552] [WARN] archivoWarn - Ruta: /favicon.ico Método: GET no implementada
[2022-10-02T10:41:56.714] [WARN] archivoWarn - Ruta: /favicon.ico Método: GET no implementada
[2022-10-02T10:42:07.961] [WARN] archivoWarn - Ruta: /favicon.ico Método: GET no implementada
[2022-10-02T10:43:56.333] [WARN] archivoWarn - Ruta: /favicon.ico Método: GET no implementada
[2022-10-02T10:44:10.922] [WARN] archivoWarn - Ruta: /favicon.ico Método: GET no implementada
[2022-10-02T10:44:19.523] [WARN] archivoWarn - Ruta: /favicon.ico Método: GET no implementada
[2022-10-02T10:46:17.876] [WARN] archivoWarn - Ruta: /favicon.ico Método: GET no implementada
[2022-10-02T10:46:25.537] [WARN] archivoWarn - Ruta: /favicon.ico Método: GET no implementada
[2022-10-02T10:46:45.599] [WARN] archivoWarn - Ruta: /favicon.ico Método: GET no implementada
[2022-10-02T10:48:06.454] [WARN] archivoWarn - Ruta: /favicon.ico Método: GET no implementada
[2022-10-02T10:48:14.009] [WARN] archivoWarn - Ruta: /favicon.ico Método: GET no implementada
[2022-10-02T10:48:17.791] [WARN] archivoWarn - Ruta: /favicon.ico Método: GET no implementada
[2022-10-02T11:02:58.339] [WARN] archivoWarn - Ruta: /favicon.ico Método: GET no implementada
[2022-10-02T11:03:09.400] [WARN] archivoWarn - Ruta: /favicon.ico Método: GET no implementada
[2022-10-02T11:03:10.622] [WARN] archivoWarn - Ruta: /public/css/client.css Método: GET no implementada
[2022-10-02T11:03:11.086] [WARN] archivoWarn - Ruta: /favicon.ico Método: GET no implementada
[2022-10-02T11:03:13.306] [WARN] archivoWarn - Ruta: /favicon.ico Método: GET no implementada
[2022-10-02T11:03:18.836] [WARN] archivoWarn - Ruta: /favicon.ico Método: GET no implementada
[2022-10-02T11:03:20.352] [WARN] archivoWarn - Ruta: /favicon.ico Método: GET no implementada
[2022-10-02T11:03:23.431] [WARN] archivoWarn - Ruta: /favicon.ico Método: GET no implementada
[2022-10-02T11:03:24.823] [WARN] archivoWarn - Ruta: /favicon.ico Método: GET no implementada
[2022-10-02T11:03:26.533] [WARN] archivoWarn - Ruta: /favicon.ico Método: GET no implementada
[2022-10-02T11:03:27.556] [WARN] archivoWarn - Ruta: /favicon.ico Método: GET no implementada
[2022-10-02T11:10:16.576] [WARN] archivoWarn - Ruta: /public/css/client.css Método: GET no implementada
[2022-10-02T11:10:16.681] [WARN] archivoWarn - Ruta: /favicon.ico Método: GET no implementada
[2022-10-02T11:24:58.523] [WARN] archivoWarn - Ruta: /favicon.ico Método: GET no implementada
[2022-10-02T11:28:45.696] [WARN] archivoWarn - Ruta: /public/css/client.css Método: GET no implementada
[2022-10-02T11:28:45.811] [WARN] archivoWarn - Ruta: /favicon.ico Método: GET no implementada
[2022-10-02T11:29:54.778] [WARN] archivoWarn - Ruta: /favicon.ico Método: GET no implementada
[2022-10-02T11:31:59.570] [WARN] archivoWarn - Ruta: /favicon.ico Método: GET no implementada
[2022-10-02T11:33:26.403] [WARN] archivoWarn - Ruta: /favicon.ico Método: GET no implementada
[2022-10-02T11:33:28.936] [WARN] archivoWarn - Ruta: /public/css/client.css Método: GET no implementada
[2022-10-02T11:33:29.218] [WARN] archivoWarn - Ruta: /favicon.ico Método: GET no implementada
[2022-10-02T12:27:03.938] [WARN] archivoWarn - Ruta: /favicon.ico Método: GET no implementada
[2022-10-02T12:27:11.857] [WARN] archivoWarn - Ruta: /favicon.ico Método: GET no implementada
[2022-10-02T12:27:19.907] [WARN] archivoWarn - Ruta: /productos Método: GET no implementada
[2022-10-02T12:27:20.076] [WARN] archivoWarn - Ruta: /favicon.ico Método: GET no implementada
[2022-10-02T12:28:10.303] [WARN] archivoWarn - Ruta: /favicon.ico Método: GET no implementada
[2022-10-02T12:28:16.497] [WARN] archivoWarn - Ruta: /favicon.ico Método: GET no implementada
[2022-10-02T12:28:21.241] [WARN] archivoWarn - Ruta: /favicon.ico Método: GET no implementada
[2022-10-02T12:29:07.306] [WARN] archivoWarn - Ruta: /favicon.ico Método: GET no implementada
[2022-10-02T12:29:08.857] [WARN] archivoWarn - Ruta: /favicon.ico Método: GET no implementada
[2022-10-02T12:29:27.007] [WARN] archivoWarn - Ruta: /favicon.ico Método: GET no implementada
[2022-10-02T12:29:30.248] [WARN] archivoWarn - Ruta: /favicon.ico Método: GET no implementada
[2022-10-02T12:29:30.901] [WARN] archivoWarn - Ruta: /favicon.ico Método: GET no implementada
[2022-10-02T12:29:43.839] [WARN] archivoWarn - Ruta: /favicon.ico Método: GET no implementada
[2022-10-02T12:29:48.921] [WARN] archivoWarn - Ruta: /favicon.ico Método: GET no implementada
[2022-10-02T12:29:51.585] [WARN] archivoWarn - Ruta: /productos Método: GET no implementada
[2022-10-02T12:29:51.754] [WARN] archivoWarn - Ruta: /favicon.ico Método: GET no implementada
[2022-10-02T12:33:00.131] [WARN] archivoWarn - Ruta: /favicon.ico Método: GET no implementada
[2022-10-02T12:33:08.488] [WARN] archivoWarn - Ruta: /favicon.ico Método: GET no implementada
[2022-10-02T12:33:13.102] [WARN] archivoWarn - Ruta: /favicon.ico Método: GET no implementada
[2022-10-02T12:33:32.011] [WARN] archivoWarn - Ruta: /favicon.ico Método: GET no implementada
[2022-10-02T13:36:33.732] [WARN] archivoWarn - Ruta: /favicon.ico Método: GET no implementada
[2022-10-02T13:36:41.569] [WARN] archivoWarn - Ruta: /favicon.ico Método: GET no implementada
[2022-10-02T13:36:47.832] [WARN] archivoWarn - Ruta: /favicon.ico Método: GET no implementada
[2022-10-02T13:36:53.411] [WARN] archivoWarn - Ruta: /favicon.ico Método: GET no implementada
[2022-10-02T13:36:55.393] [WARN] archivoWarn - Ruta: /favicon.ico Método: GET no implementada
[2022-10-02T13:37:01.455] [WARN] archivoWarn - Ruta: /favicon.ico Método: GET no implementada
[2022-10-02T13:37:08.002] [WARN] archivoWarn - Ruta: /favicon.ico Método: GET no implementada
[2022-10-02T13:38:54.728] [WARN] archivoWarn - Ruta: /favicon.ico Método: GET no implementada
[2022-10-02T13:38:56.814] [WARN] archivoWarn - Ruta: /favicon.ico Método: GET no implementada
[2022-10-02T13:39:03.441] [WARN] archivoWarn - Ruta: /favicon.ico Método: GET no implementada
[2022-10-02T13:39:07.975] [WARN] archivoWarn - Ruta: /favicon.ico Método: GET no implementada
[2022-10-02T13:39:18.686] [WARN] archivoWarn - Ruta: /favicon.ico Método: GET no implementada
[2022-10-02T13:39:20.510] [WARN] archivoWarn - Ruta: /favicon.ico Método: GET no implementada
[2022-10-02T13:40:09.324] [WARN] archivoWarn - Ruta: /favicon.ico Método: GET no implementada
[2022-10-02T13:40:14.405] [WARN] archivoWarn - Ruta: /favicon.ico Método: GET no implementada
[2022-10-02T13:48:15.074] [WARN] archivoWarn - Ruta: /favicon.ico Método: GET no implementada
[2022-10-02T13:48:42.667] [WARN] archivoWarn - Ruta: /favicon.ico Método: GET no implementada
[2022-10-02T13:48:52.445] [WARN] archivoWarn - Ruta: /favicon.ico Método: GET no implementada
[2022-10-02T13:49:30.424] [WARN] archivoWarn - Ruta: /favicon.ico Método: GET no implementada
[2022-10-02T13:49:47.042] [WARN] archivoWarn - Ruta: /favicon.ico Método: GET no implementada
[2022-10-02T13:49:59.217] [WARN] archivoWarn - Ruta: /api/productos/633074144d15aaf67d5648c9 Método: GET no implementada
[2022-10-02T13:49:59.305] [WARN] archivoWarn - Ruta: /favicon.ico Método: GET no implementada
[2022-10-02T13:50:05.867] [WARN] archivoWarn - Ruta: /favicon.ico Método: GET no implementada
[2022-10-02T13:50:14.351] [WARN] archivoWarn - Ruta: /api/productos Método: GET no implementada
[2022-10-02T13:50:14.539] [WARN] archivoWarn - Ruta: /favicon.ico Método: GET no implementada
[2022-10-02T13:51:44.224] [WARN] archivoWarn - Ruta: /favicon.ico Método: GET no implementada
[2022-10-02T14:43:59.824] [WARN] archivoWarn - Ruta: /favicon.ico Método: GET no implementada
[2022-10-02T14:44:06.670] [WARN] archivoWarn - Ruta: /favicon.ico Método: GET no implementada
[2022-10-02T14:45:42.508] [WARN] archivoWarn - Ruta: /favicon.ico Método: GET no implementada
[2022-10-02T14:45:48.426] [WARN] archivoWarn - Ruta: /favicon.ico Método: GET no implementada
[2022-10-02T14:46:34.731] [WARN] archivoWarn - Ruta: /favicon.ico Método: GET no implementada
[2022-10-02T14:46:43.520] [WARN] archivoWarn - Ruta: /favicon.ico Método: GET no implementada
[2022-10-02T14:46:47.201] [WARN] archivoWarn - Ruta: /public/css/client.css Método: GET no implementada
[2022-10-02T14:46:47.272] [WARN] archivoWarn - Ruta: /favicon.ico Método: GET no implementada
[2022-10-02T14:46:51.388] [WARN] archivoWarn - Ruta: /favicon.ico Método: GET no implementada
[2022-10-02T14:46:57.413] [WARN] archivoWarn - Ruta: /favicon.ico Método: GET no implementada
[2022-10-02T14:47:02.283] [WARN] archivoWarn - Ruta: /favicon.ico Método: GET no implementada
[2022-10-02T14:47:16.651] [WARN] archivoWarn - Ruta: /favicon.ico Método: GET no implementada
[2022-10-02T14:47:32.084] [WARN] archivoWarn - Ruta: /favicon.ico Método: GET no implementada
[2022-10-02T14:47:51.057] [WARN] archivoWarn - Ruta: /cargarproductos Método: GET no implementada
[2022-10-02T14:47:51.246] [WARN] archivoWarn - Ruta: /favicon.ico Método: GET no implementada
[2022-10-02T14:47:58.254] [WARN] archivoWarn - Ruta: /favicon.ico Método: GET no implementada
[2022-10-02T14:50:04.453] [WARN] archivoWarn - Ruta: /favicon.ico Método: GET no implementada
[2022-10-02T14:50:15.042] [WARN] archivoWarn - Ruta: /favicon.ico Método: GET no implementada
[2022-10-02T14:50:54.127] [WARN] archivoWarn - Ruta: /favicon.ico Método: GET no implementada
[2022-10-02T14:50:57.745] [WARN] archivoWarn - Ruta: /favicon.ico Método: GET no implementada
[2022-10-02T14:51:02.398] [WARN] archivoWarn - Ruta: /favicon.ico Método: GET no implementada
[2022-10-02T14:51:09.467] [WARN] archivoWarn - Ruta: /favicon.ico Método: GET no implementada
[2022-10-02T14:51:30.809] [WARN] archivoWarn - Ruta: /favicon.ico Método: GET no implementada
[2022-10-02T14:51:33.812] [WARN] archivoWarn - Ruta: /favicon.ico Método: GET no implementada
[2022-10-02T14:52:39.248] [WARN] archivoWarn - Ruta: /favicon.ico Método: GET no implementada
[2022-10-02T14:52:46.278] [WARN] archivoWarn - Ruta: /favicon.ico Método: GET no implementada
[2022-10-02T14:52:55.656] [WARN] archivoWarn - Ruta: /favicon.ico Método: GET no implementada
[2022-10-02T14:53:37.663] [WARN] archivoWarn - Ruta: /favicon.ico Método: GET no implementada
[2022-10-02T14:53:42.159] [WARN] archivoWarn - Ruta: /favicon.ico Método: GET no implementada
[2022-10-02T14:54:06.930] [WARN] archivoWarn - Ruta: /favicon.ico Método: GET no implementada
[2022-10-02T14:54:14.199] [WARN] archivoWarn - Ruta: /favicon.ico Método: GET no implementada
[2022-10-02T14:54:21.389] [WARN] archivoWarn - Ruta: /favicon.ico Método: GET no implementada
[2022-10-02T14:54:35.005] [WARN] archivoWarn - Ruta: /favicon.ico Método: GET no implementada
[2022-10-02T14:54:40.841] [WARN] archivoWarn - Ruta: /favicon.ico Método: GET no implementada
[2022-10-02T14:54:49.976] [WARN] archivoWarn - Ruta: /favicon.ico Método: GET no implementada
[2022-10-02T14:54:52.077] [WARN] archivoWarn - Ruta: /favicon.ico Método: GET no implementada
[2022-10-02T19:16:35.210] [WARN] archivoWarn - Ruta: /favicon.ico Método: GET no implementada
[2022-10-02T19:17:42.769] [WARN] archivoWarn - Ruta: /favicon.ico Método: GET no implementada
[2022-10-02T19:18:01.463] [WARN] archivoWarn - Ruta: /favicon.ico Método: GET no implementada
[2022-10-02T19:18:05.070] [WARN] archivoWarn - Ruta: /favicon.ico Método: GET no implementada
[2022-10-02T19:18:07.037] [WARN] archivoWarn - Ruta: /favicon.ico Método: GET no implementada
[2022-10-02T19:18:09.928] [WARN] archivoWarn - Ruta: /favicon.ico Método: GET no implementada
[2022-10-02T19:18:11.053] [WARN] archivoWarn - Ruta: /favicon.ico Método: GET no implementada
[2022-10-02T19:18:11.789] [WARN] archivoWarn - Ruta: /favicon.ico Método: GET no implementada
[2022-10-02T19:25:36.129] [WARN] archivoWarn - Ruta: /favicon.ico Método: GET no implementada
[2022-10-02T19:25:41.054] [WARN] archivoWarn - Ruta: /favicon.ico Método: GET no implementada
[2022-10-02T19:26:09.909] [WARN] archivoWarn - Ruta: /favicon.ico Método: GET no implementada
[2022-10-02T19:26:18.107] [WARN] archivoWarn - Ruta: /favicon.ico Método: GET no implementada
[2022-10-02T19:26:19.214] [WARN] archivoWarn - Ruta: /favicon.ico Método: GET no implementada
[2022-10-02T19:26:20.038] [WARN] archivoWarn - Ruta: /favicon.ico Método: GET no implementada
[2022-10-02T19:26:27.038] [WARN] archivoWarn - Ruta: /favicon.ico Método: GET no implementada
[2022-10-02T19:26:31.330] [WARN] archivoWarn - Ruta: /favicon.ico Método: GET no implementada
[2022-10-02T19:38:16.926] [WARN] archivoWarn - Ruta: /logout Método: GET no implementada
[2022-10-02T19:38:16.936] [WARN] archivoWarn - Ruta: /login Método: GET no implementada
[2022-10-02T19:38:16.943] [WARN] archivoWarn - Ruta: /login Método: GET no implementada
[2022-10-02T19:38:16.948] [WARN] archivoWarn - Ruta: /login Método: GET no implementada
[2022-10-02T19:38:16.952] [WARN] archivoWarn - Ruta: /login Método: GET no implementada
[2022-10-02T19:38:16.957] [WARN] archivoWarn - Ruta: /login Método: GET no implementada
[2022-10-02T19:38:16.962] [WARN] archivoWarn - Ruta: /login Método: GET no implementada
[2022-10-02T19:38:16.967] [WARN] archivoWarn - Ruta: /login Método: GET no implementada
[2022-10-02T19:38:16.972] [WARN] archivoWarn - Ruta: /login Método: GET no implementada
[2022-10-02T19:38:16.977] [WARN] archivoWarn - Ruta: /login Método: GET no implementada
[2022-10-02T19:38:16.981] [WARN] archivoWarn - Ruta: /login Método: GET no implementada
[2022-10-02T19:38:16.985] [WARN] archivoWarn - Ruta: /login Método: GET no implementada
[2022-10-02T19:38:16.989] [WARN] archivoWarn - Ruta: /login Método: GET no implementada
[2022-10-02T19:38:16.994] [WARN] archivoWarn - Ruta: /login Método: GET no implementada
[2022-10-02T19:38:16.999] [WARN] archivoWarn - Ruta: /login Método: GET no implementada
[2022-10-02T19:38:17.003] [WARN] archivoWarn - Ruta: /login Método: GET no implementada
[2022-10-02T19:38:17.007] [WARN] archivoWarn - Ruta: /login Método: GET no implementada
[2022-10-02T19:38:17.011] [WARN] archivoWarn - Ruta: /login Método: GET no implementada
[2022-10-02T19:38:17.015] [WARN] archivoWarn - Ruta: /login Método: GET no implementada
[2022-10-02T19:38:17.019] [WARN] archivoWarn - Ruta: /login Método: GET no implementada
[2022-10-02T19:38:18.207] [WARN] archivoWarn - Ruta: /login Método: GET no implementada
[2022-10-02T19:38:18.211] [WARN] archivoWarn - Ruta: /login Método: GET no implementada
[2022-10-02T19:38:18.216] [WARN] archivoWarn - Ruta: /login Método: GET no implementada
[2022-10-02T19:38:18.219] [WARN] archivoWarn - Ruta: /login Método: GET no implementada
[2022-10-02T19:38:18.225] [WARN] archivoWarn - Ruta: /login Método: GET no implementada
[2022-10-02T19:38:18.228] [WARN] archivoWarn - Ruta: /login Método: GET no implementada
[2022-10-02T19:38:18.232] [WARN] archivoWarn - Ruta: /login Método: GET no implementada
[2022-10-02T19:38:18.236] [WARN] archivoWarn - Ruta: /login Método: GET no implementada
[2022-10-02T19:38:18.241] [WARN] archivoWarn - Ruta: /login Método: GET no implementada
[2022-10-02T19:38:18.245] [WARN] archivoWarn - Ruta: /login Método: GET no implementada
[2022-10-02T19:38:18.249] [WARN] archivoWarn - Ruta: /login Método: GET no implementada
[2022-10-02T19:38:18.253] [WARN] archivoWarn - Ruta: /login Método: GET no implementada
[2022-10-02T19:38:18.257] [WARN] archivoWarn - Ruta: /login Método: GET no implementada
[2022-10-02T19:38:18.261] [WARN] archivoWarn - Ruta: /login Método: GET no implementada
[2022-10-02T19:38:18.265] [WARN] archivoWarn - Ruta: /login Método: GET no implementada
[2022-10-02T19:38:18.268] [WARN] archivoWarn - Ruta: /login Método: GET no implementada
[2022-10-02T19:38:18.272] [WARN] archivoWarn - Ruta: /login Método: GET no implementada
[2022-10-02T19:38:18.277] [WARN] archivoWarn - Ruta: /login Método: GET no implementada
[2022-10-02T19:38:18.281] [WARN] archivoWarn - Ruta: /login Método: GET no implementada
[2022-10-02T19:38:18.285] [WARN] archivoWarn - Ruta: /login Método: GET no implementada
[2022-10-02T19:38:23.313] [WARN] archivoWarn - Ruta: /login Método: GET no implementada
[2022-10-02T19:38:23.319] [WARN] archivoWarn - Ruta: /login Método: GET no implementada
[2022-10-02T19:38:23.326] [WARN] archivoWarn - Ruta: /login Método: GET no implementada
[2022-10-02T19:38:23.330] [WARN] archivoWarn - Ruta: /login Método: GET no implementada
[2022-10-02T19:38:23.334] [WARN] archivoWarn - Ruta: /login Método: GET no implementada
[2022-10-02T19:38:23.338] [WARN] archivoWarn - Ruta: /login Método: GET no implementada
[2022-10-02T19:38:23.341] [WARN] archivoWarn - Ruta: /login Método: GET no implementada
[2022-10-02T19:38:23.345] [WARN] archivoWarn - Ruta: /login Método: GET no implementada
[2022-10-02T19:38:23.348] [WARN] archivoWarn - Ruta: /login Método: GET no implementada
[2022-10-02T19:38:23.352] [WARN] archivoWarn - Ruta: /login Método: GET no implementada
[2022-10-02T19:38:23.356] [WARN] archivoWarn - Ruta: /login Método: GET no implementada
[2022-10-02T19:38:23.359] [WARN] archivoWarn - Ruta: /login Método: GET no implementada
[2022-10-02T19:38:23.363] [WARN] archivoWarn - Ruta: /login Método: GET no implementada
[2022-10-02T19:38:23.370] [WARN] archivoWarn - Ruta: /login Método: GET no implementada
[2022-10-02T19:38:23.374] [WARN] archivoWarn - Ruta: /login Método: GET no implementada
[2022-10-02T19:38:23.377] [WARN] archivoWarn - Ruta: /login Método: GET no implementada
[2022-10-02T19:38:23.381] [WARN] archivoWarn - Ruta: /login Método: GET no implementada
[2022-10-02T19:38:23.386] [WARN] archivoWarn - Ruta: /login Método: GET no implementada
[2022-10-02T19:38:23.389] [WARN] archivoWarn - Ruta: /login Método: GET no implementada
[2022-10-02T19:38:23.393] [WARN] archivoWarn - Ruta: /login Método: GET no implementada
[2022-10-02T19:38:53.429] [WARN] archivoWarn - Ruta: /login Método: GET no implementada
[2022-10-02T19:38:53.437] [WARN] archivoWarn - Ruta: /login Método: GET no implementada
[2022-10-02T19:38:53.440] [WARN] archivoWarn - Ruta: /login Método: GET no implementada
[2022-10-02T19:38:53.444] [WARN] archivoWarn - Ruta: /login Método: GET no implementada
[2022-10-02T19:38:53.449] [WARN] archivoWarn - Ruta: /login Método: GET no implementada
[2022-10-02T19:38:53.453] [WARN] archivoWarn - Ruta: /login Método: GET no implementada
[2022-10-02T19:38:53.457] [WARN] archivoWarn - Ruta: /login Método: GET no implementada
[2022-10-02T19:38:53.461] [WARN] archivoWarn - Ruta: /login Método: GET no implementada
[2022-10-02T19:38:53.465] [WARN] archivoWarn - Ruta: /login Método: GET no implementada
[2022-10-02T19:38:53.468] [WARN] archivoWarn - Ruta: /login Método: GET no implementada
[2022-10-02T19:38:53.472] [WARN] archivoWarn - Ruta: /login Método: GET no implementada
[2022-10-02T19:38:53.476] [WARN] archivoWarn - Ruta: /login Método: GET no implementada
[2022-10-02T19:38:53.481] [WARN] archivoWarn - Ruta: /login Método: GET no implementada
[2022-10-02T19:38:53.485] [WARN] archivoWarn - Ruta: /login Método: GET no implementada
[2022-10-02T19:38:53.489] [WARN] archivoWarn - Ruta: /login Método: GET no implementada
[2022-10-02T19:38:53.492] [WARN] archivoWarn - Ruta: /login Método: GET no implementada
[2022-10-02T19:38:53.496] [WARN] archivoWarn - Ruta: /login Método: GET no implementada
[2022-10-02T19:38:53.506] [WARN] archivoWarn - Ruta: /login Método: GET no implementada
[2022-10-02T19:38:53.510] [WARN] archivoWarn - Ruta: /login Método: GET no implementada
[2022-10-02T19:38:53.516] [WARN] archivoWarn - Ruta: /login Método: GET no implementada
[2022-10-02T19:39:53.546] [WARN] archivoWarn - Ruta: /login Método: GET no implementada
[2022-10-02T19:39:53.554] [WARN] archivoWarn - Ruta: /login Método: GET no implementada
[2022-10-02T19:39:53.560] [WARN] archivoWarn - Ruta: /login Método: GET no implementada
[2022-10-02T19:39:53.566] [WARN] archivoWarn - Ruta: /login Método: GET no implementada
[2022-10-02T19:39:53.570] [WARN] archivoWarn - Ruta: /login Método: GET no implementada
[2022-10-02T19:39:53.574] [WARN] archivoWarn - Ruta: /login Método: GET no implementada
[2022-10-02T19:39:53.578] [WARN] archivoWarn - Ruta: /login Método: GET no implementada
[2022-10-02T19:39:53.583] [WARN] archivoWarn - Ruta: /login Método: GET no implementada
[2022-10-02T19:39:53.587] [WARN] archivoWarn - Ruta: /login Método: GET no implementada
[2022-10-02T19:39:53.591] [WARN] archivoWarn - Ruta: /login Método: GET no implementada
[2022-10-02T19:39:53.594] [WARN] archivoWarn - Ruta: /login Método: GET no implementada
[2022-10-02T19:39:53.598] [WARN] archivoWarn - Ruta: /login Método: GET no implementada
[2022-10-02T19:39:53.602] [WARN] archivoWarn - Ruta: /login Método: GET no implementada
[2022-10-02T19:39:53.605] [WARN] archivoWarn - Ruta: /login Método: GET no implementada
[2022-10-02T19:39:53.609] [WARN] archivoWarn - Ruta: /login Método: GET no implementada
[2022-10-02T19:39:53.612] [WARN] archivoWarn - Ruta: /login Método: GET no implementada
[2022-10-02T19:39:53.616] [WARN] archivoWarn - Ruta: /login Método: GET no implementada
[2022-10-02T19:39:53.620] [WARN] archivoWarn - Ruta: /login Método: GET no implementada
[2022-10-02T19:39:53.624] [WARN] archivoWarn - Ruta: /login Método: GET no implementada
[2022-10-02T19:39:53.627] [WARN] archivoWarn - Ruta: /login Método: GET no implementada
[2022-10-02T19:41:38.491] [WARN] archivoWarn - Ruta: /login Método: GET no implementada
[2022-10-02T19:41:38.497] [WARN] archivoWarn - Ruta: /login Método: GET no implementada
[2022-10-02T19:41:38.502] [WARN] archivoWarn - Ruta: /login Método: GET no implementada
[2022-10-02T19:41:38.505] [WARN] archivoWarn - Ruta: /login Método: GET no implementada
[2022-10-02T19:41:38.510] [WARN] archivoWarn - Ruta: /login Método: GET no implementada
[2022-10-02T19:41:38.515] [WARN] archivoWarn - Ruta: /login Método: GET no implementada
[2022-10-02T19:41:38.518] [WARN] archivoWarn - Ruta: /login Método: GET no implementada
[2022-10-02T19:41:38.522] [WARN] archivoWarn - Ruta: /login Método: GET no implementada
[2022-10-02T19:41:38.525] [WARN] archivoWarn - Ruta: /login Método: GET no implementada
[2022-10-02T19:41:38.530] [WARN] archivoWarn - Ruta: /login Método: GET no implementada
[2022-10-02T19:41:38.533] [WARN] archivoWarn - Ruta: /login Método: GET no implementada
[2022-10-02T19:41:38.536] [WARN] archivoWarn - Ruta: /login Método: GET no implementada
[2022-10-02T19:41:38.540] [WARN] archivoWarn - Ruta: /login Método: GET no implementada
[2022-10-02T19:41:38.545] [WARN] archivoWarn - Ruta: /login Método: GET no implementada
[2022-10-02T19:41:38.548] [WARN] archivoWarn - Ruta: /login Método: GET no implementada
[2022-10-02T19:41:38.552] [WARN] archivoWarn - Ruta: /login Método: GET no implementada
[2022-10-02T19:41:38.556] [WARN] archivoWarn - Ruta: /login Método: GET no implementada
[2022-10-02T19:41:38.561] [WARN] archivoWarn - Ruta: /login Método: GET no implementada
[2022-10-02T19:41:38.565] [WARN] archivoWarn - Ruta: /login Método: GET no implementada
[2022-10-02T19:41:38.569] [WARN] archivoWarn - Ruta: /login Método: GET no implementada
[2022-10-02T19:41:39.483] [WARN] archivoWarn - Ruta: /login Método: GET no implementada
[2022-10-02T19:41:39.489] [WARN] archivoWarn - Ruta: /login Método: GET no implementada
[2022-10-02T19:41:39.496] [WARN] archivoWarn - Ruta: /login Método: GET no implementada
[2022-10-02T19:41:39.501] [WARN] archivoWarn - Ruta: /login Método: GET no implementada
[2022-10-02T19:41:39.510] [WARN] archivoWarn - Ruta: /login Método: GET no implementada
[2022-10-02T19:41:39.515] [WARN] archivoWarn - Ruta: /login Método: GET no implementada
[2022-10-02T19:41:39.519] [WARN] archivoWarn - Ruta: /login Método: GET no implementada
[2022-10-02T19:41:39.524] [WARN] archivoWarn - Ruta: /login Método: GET no implementada
[2022-10-02T19:41:39.529] [WARN] archivoWarn - Ruta: /login Método: GET no implementada
[2022-10-02T19:41:39.533] [WARN] archivoWarn - Ruta: /login Método: GET no implementada
[2022-10-02T19:41:39.537] [WARN] archivoWarn - Ruta: /login Método: GET no implementada
[2022-10-02T19:41:39.541] [WARN] archivoWarn - Ruta: /login Método: GET no implementada
[2022-10-02T19:41:39.545] [WARN] archivoWarn - Ruta: /login Método: GET no implementada
[2022-10-02T19:41:39.549] [WARN] archivoWarn - Ruta: /login Método: GET no implementada
[2022-10-02T19:41:39.554] [WARN] archivoWarn - Ruta: /login Método: GET no implementada
[2022-10-02T19:41:39.560] [WARN] archivoWarn - Ruta: /login Método: GET no implementada
[2022-10-02T19:41:39.565] [WARN] archivoWarn - Ruta: /login Método: GET no implementada
[2022-10-02T19:41:39.570] [WARN] archivoWarn - Ruta: /login Método: GET no implementada
[2022-10-02T19:41:39.573] [WARN] archivoWarn - Ruta: /login Método: GET no implementada
[2022-10-02T19:41:39.578] [WARN] archivoWarn - Ruta: /login Método: GET no implementada
[2022-10-02T19:43:59.718] [WARN] archivoWarn - Ruta: /login Método: GET no implementada
[2022-10-02T19:43:59.728] [WARN] archivoWarn - Ruta: /login Método: GET no implementada
[2022-10-02T19:43:59.733] [WARN] archivoWarn - Ruta: /login Método: GET no implementada
[2022-10-02T19:43:59.737] [WARN] archivoWarn - Ruta: /login Método: GET no implementada
[2022-10-02T19:43:59.741] [WARN] archivoWarn - Ruta: /login Método: GET no implementada
[2022-10-02T19:43:59.746] [WARN] archivoWarn - Ruta: /login Método: GET no implementada
[2022-10-02T19:43:59.750] [WARN] archivoWarn - Ruta: /login Método: GET no implementada
[2022-10-02T19:43:59.754] [WARN] archivoWarn - Ruta: /login Método: GET no implementada
[2022-10-02T19:43:59.759] [WARN] archivoWarn - Ruta: /login Método: GET no implementada
[2022-10-02T19:43:59.763] [WARN] archivoWarn - Ruta: /login Método: GET no implementada
[2022-10-02T19:43:59.767] [WARN] archivoWarn - Ruta: /login Método: GET no implementada
[2022-10-02T19:43:59.772] [WARN] archivoWarn - Ruta: /login Método: GET no implementada
[2022-10-02T19:43:59.777] [WARN] archivoWarn - Ruta: /login Método: GET no implementada
[2022-10-02T19:43:59.781] [WARN] archivoWarn - Ruta: /login Método: GET no implementada
[2022-10-02T19:43:59.785] [WARN] archivoWarn - Ruta: /login Método: GET no implementada
[2022-10-02T19:43:59.789] [WARN] archivoWarn - Ruta: /login Método: GET no implementada
[2022-10-02T19:43:59.793] [WARN] archivoWarn - Ruta: /login Método: GET no implementada
[2022-10-02T19:43:59.799] [WARN] archivoWarn - Ruta: /login Método: GET no implementada
[2022-10-02T19:43:59.802] [WARN] archivoWarn - Ruta: /login Método: GET no implementada
[2022-10-02T19:43:59.806] [WARN] archivoWarn - Ruta: /login Método: GET no implementada
[2022-10-02T19:44:00.517] [WARN] archivoWarn - Ruta: /login Método: GET no implementada
[2022-10-02T19:44:00.523] [WARN] archivoWarn - Ruta: /login Método: GET no implementada
[2022-10-02T19:44:00.529] [WARN] archivoWarn - Ruta: /login Método: GET no implementada
[2022-10-02T19:44:00.533] [WARN] archivoWarn - Ruta: /login Método: GET no implementada
[2022-10-02T19:44:00.538] [WARN] archivoWarn - Ruta: /login Método: GET no implementada
[2022-10-02T19:44:00.542] [WARN] archivoWarn - Ruta: /login Método: GET no implementada
[2022-10-02T19:44:00.547] [WARN] archivoWarn - Ruta: /login Método: GET no implementada
[2022-10-02T19:44:00.551] [WARN] archivoWarn - Ruta: /login Método: GET no implementada
[2022-10-02T19:44:00.555] [WARN] archivoWarn - Ruta: /login Método: GET no implementada
[2022-10-02T19:44:00.558] [WARN] archivoWarn - Ruta: /login Método: GET no implementada
[2022-10-02T19:44:00.562] [WARN] archivoWarn - Ruta: /login Método: GET no implementada
[2022-10-02T19:44:00.566] [WARN] archivoWarn - Ruta: /login Método: GET no implementada
[2022-10-02T19:44:00.572] [WARN] archivoWarn - Ruta: /login Método: GET no implementada
[2022-10-02T19:44:00.576] [WARN] archivoWarn - Ruta: /login Método: GET no implementada
[2022-10-02T19:44:00.580] [WARN] archivoWarn - Ruta: /login Método: GET no implementada
[2022-10-02T19:44:00.584] [WARN] archivoWarn - Ruta: /login Método: GET no implementada
[2022-10-02T19:44:00.587] [WARN] archivoWarn - Ruta: /login Método: GET no implementada
[2022-10-02T19:44:00.590] [WARN] archivoWarn - Ruta: /login Método: GET no implementada
[2022-10-02T19:44:00.594] [WARN] archivoWarn - Ruta: /login Método: GET no implementada
[2022-10-02T19:44:00.598] [WARN] archivoWarn - Ruta: /login Método: GET no implementada
[2022-10-02T19:44:03.132] [WARN] archivoWarn - Ruta: /favicon.ico Método: GET no implementada
[2022-10-02T19:44:03.135] [WARN] archivoWarn - Ruta: /login Método: GET no implementada
[2022-10-02T19:44:03.137] [WARN] archivoWarn - Ruta: /login Método: GET no implementada
[2022-10-02T19:44:03.140] [WARN] archivoWarn - Ruta: /login Método: GET no implementada
[2022-10-02T19:44:03.145] [WARN] archivoWarn - Ruta: /login Método: GET no implementada
[2022-10-02T19:44:03.148] [WARN] archivoWarn - Ruta: /login Método: GET no implementada
[2022-10-02T19:44:03.150] [WARN] archivoWarn - Ruta: /login Método: GET no implementada
[2022-10-02T19:44:03.152] [WARN] archivoWarn - Ruta: /login Método: GET no implementada
[2022-10-02T19:44:03.155] [WARN] archivoWarn - Ruta: /login Método: GET no implementada
[2022-10-02T19:44:03.157] [WARN] archivoWarn - Ruta: /login Método: GET no implementada
[2022-10-02T19:44:03.161] [WARN] archivoWarn - Ruta: /login Método: GET no implementada
[2022-10-02T19:44:03.164] [WARN] archivoWarn - Ruta: /login Método: GET no implementada
[2022-10-02T19:44:03.166] [WARN] archivoWarn - Ruta: /login Método: GET no implementada
[2022-10-02T19:44:03.169] [WARN] archivoWarn - Ruta: /login Método: GET no implementada
[2022-10-02T19:44:03.171] [WARN] archivoWarn - Ruta: /login Método: GET no implementada
[2022-10-02T19:44:03.174] [WARN] archivoWarn - Ruta: /login Método: GET no implementada
[2022-10-02T19:44:03.177] [WARN] archivoWarn - Ruta: /login Método: GET no implementada
[2022-10-02T19:44:03.179] [WARN] archivoWarn - Ruta: /login Método: GET no implementada
[2022-10-02T19:44:03.182] [WARN] archivoWarn - Ruta: /login Método: GET no implementada
[2022-10-02T19:44:03.186] [WARN] archivoWarn - Ruta: /login Método: GET no implementada
[2022-10-02T19:44:03.188] [WARN] archivoWarn - Ruta: /login Método: GET no implementada
[2022-10-02T19:44:03.350] [WARN] archivoWarn - Ruta: /favicon.ico Método: GET no implementada
[2022-10-02T19:44:03.352] [WARN] archivoWarn - Ruta: /login Método: GET no implementada
[2022-10-02T19:44:03.355] [WARN] archivoWarn - Ruta: /login Método: GET no implementada
[2022-10-02T19:44:03.357] [WARN] archivoWarn - Ruta: /login Método: GET no implementada
[2022-10-02T19:44:03.361] [WARN] archivoWarn - Ruta: /login Método: GET no implementada
[2022-10-02T19:44:03.365] [WARN] archivoWarn - Ruta: /login Método: GET no implementada
[2022-10-02T19:44:03.367] [WARN] archivoWarn - Ruta: /login Método: GET no implementada
[2022-10-02T19:44:03.369] [WARN] archivoWarn - Ruta: /login Método: GET no implementada
[2022-10-02T19:44:03.371] [WARN] archivoWarn - Ruta: /login Método: GET no implementada
[2022-10-02T19:44:03.373] [WARN] archivoWarn - Ruta: /login Método: GET no implementada
[2022-10-02T19:44:03.375] [WARN] archivoWarn - Ruta: /login Método: GET no implementada
[2022-10-02T19:44:03.377] [WARN] archivoWarn - Ruta: /login Método: GET no implementada
[2022-10-02T19:44:03.379] [WARN] archivoWarn - Ruta: /login Método: GET no implementada
[2022-10-02T19:44:03.382] [WARN] archivoWarn - Ruta: /login Método: GET no implementada
[2022-10-02T19:44:03.384] [WARN] archivoWarn - Ruta: /login Método: GET no implementada
[2022-10-02T19:44:03.386] [WARN] archivoWarn - Ruta: /login Método: GET no implementada
[2022-10-02T19:44:03.388] [WARN] archivoWarn - Ruta: /login Método: GET no implementada
[2022-10-02T19:44:03.390] [WARN] archivoWarn - Ruta: /login Método: GET no implementada
[2022-10-02T19:44:03.392] [WARN] archivoWarn - Ruta: /login Método: GET no implementada
[2022-10-02T19:44:03.394] [WARN] archivoWarn - Ruta: /login Método: GET no implementada
[2022-10-02T19:44:03.396] [WARN] archivoWarn - Ruta: /login Método: GET no implementada
[2022-10-02T19:44:11.015] [WARN] archivoWarn - Ruta: /favicon.ico Método: GET no implementada
[2022-10-02T19:44:17.538] [WARN] archivoWarn - Ruta: /favicon.ico Método: GET no implementada
[2022-10-02T19:44:18.173] [WARN] archivoWarn - Ruta: /favicon.ico Método: GET no implementada
[2022-10-02T19:44:18.177] [WARN] archivoWarn - Ruta: /login Método: GET no implementada
[2022-10-02T19:44:18.181] [WARN] archivoWarn - Ruta: /login Método: GET no implementada
[2022-10-02T19:44:18.184] [WARN] archivoWarn - Ruta: /login Método: GET no implementada
[2022-10-02T19:44:18.186] [WARN] archivoWarn - Ruta: /login Método: GET no implementada
[2022-10-02T19:44:18.189] [WARN] archivoWarn - Ruta: /login Método: GET no implementada
[2022-10-02T19:44:18.192] [WARN] archivoWarn - Ruta: /login Método: GET no implementada
[2022-10-02T19:44:18.195] [WARN] archivoWarn - Ruta: /login Método: GET no implementada
[2022-10-02T19:44:18.199] [WARN] archivoWarn - Ruta: /login Método: GET no implementada
[2022-10-02T19:44:18.202] [WARN] archivoWarn - Ruta: /login Método: GET no implementada
[2022-10-02T19:44:18.204] [WARN] archivoWarn - Ruta: /login Método: GET no implementada
[2022-10-02T19:44:18.207] [WARN] archivoWarn - Ruta: /login Método: GET no implementada
[2022-10-02T19:44:18.210] [WARN] archivoWarn - Ruta: /login Método: GET no implementada
[2022-10-02T19:44:18.213] [WARN] archivoWarn - Ruta: /login Método: GET no implementada
[2022-10-02T19:44:18.216] [WARN] archivoWarn - Ruta: /login Método: GET no implementada
[2022-10-02T19:44:18.218] [WARN] archivoWarn - Ruta: /login Método: GET no implementada
[2022-10-02T19:44:18.222] [WARN] archivoWarn - Ruta: /login Método: GET no implementada
[2022-10-02T19:44:18.225] [WARN] archivoWarn - Ruta: /login Método: GET no implementada
[2022-10-02T19:44:18.228] [WARN] archivoWarn - Ruta: /login Método: GET no implementada
[2022-10-02T19:44:18.230] [WARN] archivoWarn - Ruta: /login Método: GET no implementada
[2022-10-02T19:44:18.233] [WARN] archivoWarn - Ruta: /login Método: GET no implementada
[2022-10-02T19:44:23.051] [WARN] archivoWarn - Ruta: /public/css/client.css Método: GET no implementada
[2022-10-02T19:44:23.065] [WARN] archivoWarn - Ruta: /login Método: GET no implementada
[2022-10-02T19:44:23.069] [WARN] archivoWarn - Ruta: /login Método: GET no implementada
[2022-10-02T19:44:23.072] [WARN] archivoWarn - Ruta: /login Método: GET no implementada
[2022-10-02T19:44:23.076] [WARN] archivoWarn - Ruta: /login Método: GET no implementada
[2022-10-02T19:44:23.079] [WARN] archivoWarn - Ruta: /login Método: GET no implementada
[2022-10-02T19:44:23.082] [WARN] archivoWarn - Ruta: /login Método: GET no implementada
[2022-10-02T19:44:23.084] [WARN] archivoWarn - Ruta: /login Método: GET no implementada
[2022-10-02T19:44:23.087] [WARN] archivoWarn - Ruta: /login Método: GET no implementada
[2022-10-02T19:44:23.090] [WARN] archivoWarn - Ruta: /login Método: GET no implementada
[2022-10-02T19:44:23.093] [WARN] archivoWarn - Ruta: /login Método: GET no implementada
[2022-10-02T19:44:23.096] [WARN] archivoWarn - Ruta: /login Método: GET no implementada
[2022-10-02T19:44:23.098] [WARN] archivoWarn - Ruta: /login Método: GET no implementada
[2022-10-02T19:44:23.101] [WARN] archivoWarn - Ruta: /login Método: GET no implementada
[2022-10-02T19:44:23.103] [WARN] archivoWarn - Ruta: /login Método: GET no implementada
[2022-10-02T19:44:23.107] [WARN] archivoWarn - Ruta: /login Método: GET no implementada
[2022-10-02T19:44:23.111] [WARN] archivoWarn - Ruta: /login Método: GET no implementada
[2022-10-02T19:44:23.114] [WARN] archivoWarn - Ruta: /login Método: GET no implementada
[2022-10-02T19:44:23.116] [WARN] archivoWarn - Ruta: /login Método: GET no implementada
[2022-10-02T19:44:23.118] [WARN] archivoWarn - Ruta: /login Método: GET no implementada
[2022-10-02T19:44:23.121] [WARN] archivoWarn - Ruta: /login Método: GET no implementada
[2022-10-02T19:44:23.205] [WARN] archivoWarn - Ruta: /favicon.ico Método: GET no implementada
[2022-10-02T19:44:23.210] [WARN] archivoWarn - Ruta: /login Método: GET no implementada
[2022-10-02T19:44:23.215] [WARN] archivoWarn - Ruta: /login Método: GET no implementada
[2022-10-02T19:44:23.219] [WARN] archivoWarn - Ruta: /login Método: GET no implementada
[2022-10-02T19:44:23.222] [WARN] archivoWarn - Ruta: /login Método: GET no implementada
[2022-10-02T19:44:23.225] [WARN] archivoWarn - Ruta: /login Método: GET no implementada
[2022-10-02T19:44:23.228] [WARN] archivoWarn - Ruta: /login Método: GET no implementada
[2022-10-02T19:44:23.230] [WARN] archivoWarn - Ruta: /login Método: GET no implementada
[2022-10-02T19:44:23.233] [WARN] archivoWarn - Ruta: /login Método: GET no implementada
[2022-10-02T19:44:23.236] [WARN] archivoWarn - Ruta: /login Método: GET no implementada
[2022-10-02T19:44:23.239] [WARN] archivoWarn - Ruta: /login Método: GET no implementada
[2022-10-02T19:44:23.242] [WARN] archivoWarn - Ruta: /login Método: GET no implementada
[2022-10-02T19:44:23.244] [WARN] archivoWarn - Ruta: /login Método: GET no implementada
[2022-10-02T19:44:23.247] [WARN] archivoWarn - Ruta: /login Método: GET no implementada
[2022-10-02T19:44:23.249] [WARN] archivoWarn - Ruta: /login Método: GET no implementada
[2022-10-02T19:44:23.252] [WARN] archivoWarn - Ruta: /login Método: GET no implementada
[2022-10-02T19:44:23.254] [WARN] archivoWarn - Ruta: /login Método: GET no implementada
[2022-10-02T19:44:23.257] [WARN] archivoWarn - Ruta: /login Método: GET no implementada
[2022-10-02T19:44:23.259] [WARN] archivoWarn - Ruta: /login Método: GET no implementada
[2022-10-02T19:44:23.262] [WARN] archivoWarn - Ruta: /login Método: GET no implementada
[2022-10-02T19:44:23.264] [WARN] archivoWarn - Ruta: /login Método: GET no implementada
[2022-10-02T19:44:26.374] [WARN] archivoWarn - Ruta: /favicon.ico Método: GET no implementada
[2022-10-02T19:44:26.378] [WARN] archivoWarn - Ruta: /login Método: GET no implementada
[2022-10-02T19:44:26.381] [WARN] archivoWarn - Ruta: /login Método: GET no implementada
[2022-10-02T19:44:26.384] [WARN] archivoWarn - Ruta: /login Método: GET no implementada
[2022-10-02T19:44:26.387] [WARN] archivoWarn - Ruta: /login Método: GET no implementada
[2022-10-02T19:44:26.390] [WARN] archivoWarn - Ruta: /login Método: GET no implementada
[2022-10-02T19:44:26.392] [WARN] archivoWarn - Ruta: /login Método: GET no implementada
[2022-10-02T19:44:26.395] [WARN] archivoWarn - Ruta: /login Método: GET no implementada
[2022-10-02T19:44:26.397] [WARN] archivoWarn - Ruta: /login Método: GET no implementada
[2022-10-02T19:44:26.400] [WARN] archivoWarn - Ruta: /login Método: GET no implementada
[2022-10-02T19:44:26.405] [WARN] archivoWarn - Ruta: /login Método: GET no implementada
[2022-10-02T19:44:26.408] [WARN] archivoWarn - Ruta: /login Método: GET no implementada
[2022-10-02T19:44:26.410] [WARN] archivoWarn - Ruta: /login Método: GET no implementada
[2022-10-02T19:44:26.413] [WARN] archivoWarn - Ruta: /login Método: GET no implementada
[2022-10-02T19:44:26.415] [WARN] archivoWarn - Ruta: /login Método: GET no implementada
[2022-10-02T19:44:26.419] [WARN] archivoWarn - Ruta: /login Método: GET no implementada
[2022-10-02T19:44:26.422] [WARN] archivoWarn - Ruta: /login Método: GET no implementada
[2022-10-02T19:44:26.426] [WARN] archivoWarn - Ruta: /login Método: GET no implementada
[2022-10-02T19:44:26.430] [WARN] archivoWarn - Ruta: /login Método: GET no implementada
[2022-10-02T19:44:26.433] [WARN] archivoWarn - Ruta: /login Método: GET no implementada
[2022-10-02T19:44:26.436] [WARN] archivoWarn - Ruta: /login Método: GET no implementada
[2022-10-02T19:44:38.561] [WARN] archivoWarn - Ruta: /favicon.ico Método: GET no implementada
[2022-10-02T19:44:41.132] [WARN] archivoWarn - Ruta: /favicon.ico Método: GET no implementada
[2022-10-02T19:44:47.633] [WARN] archivoWarn - Ruta: /favicon.ico Método: GET no implementada
[2022-10-02T19:44:50.565] [WARN] archivoWarn - Ruta: /favicon.ico Método: GET no implementada
[2022-10-02T19:44:52.917] [WARN] archivoWarn - Ruta: /favicon.ico Método: GET no implementada
[2022-10-02T19:44:55.814] [WARN] archivoWarn - Ruta: /favicon.ico Método: GET no implementada
[2022-10-02T19:44:56.270] [WARN] archivoWarn - Ruta: /favicon.ico Método: GET no implementada
[2022-10-02T19:44:58.540] [WARN] archivoWarn - Ruta: /logout Método: GET no implementada
[2022-10-02T19:44:59.809] [WARN] archivoWarn - Ruta: /favicon.ico Método: GET no implementada
[2022-10-02T19:45:03.032] [WARN] archivoWarn - Ruta: /logout Método: GET no implementada
[2022-10-02T19:45:04.601] [WARN] archivoWarn - Ruta: /favicon.ico Método: GET no implementada
[2022-10-02T19:51:03.785] [WARN] archivoWarn - Ruta: /favicon.ico Método: GET no implementada
[2022-10-02T19:51:03.792] [WARN] archivoWarn - Ruta: /login Método: GET no implementada
[2022-10-02T19:51:03.797] [WARN] archivoWarn - Ruta: /login Método: GET no implementada
[2022-10-02T19:51:03.801] [WARN] archivoWarn - Ruta: /login Método: GET no implementada
[2022-10-02T19:51:03.804] [WARN] archivoWarn - Ruta: /login Método: GET no implementada
[2022-10-02T19:51:03.809] [WARN] archivoWarn - Ruta: /login Método: GET no implementada
[2022-10-02T19:51:03.813] [WARN] archivoWarn - Ruta: /login Método: GET no implementada
[2022-10-02T19:51:03.816] [WARN] archivoWarn - Ruta: /login Método: GET no implementada
[2022-10-02T19:51:03.821] [WARN] archivoWarn - Ruta: /login Método: GET no implementada
[2022-10-02T19:51:03.825] [WARN] archivoWarn - Ruta: /login Método: GET no implementada
[2022-10-02T19:51:03.830] [WARN] archivoWarn - Ruta: /login Método: GET no implementada
[2022-10-02T19:51:03.834] [WARN] archivoWarn - Ruta: /login Método: GET no implementada
[2022-10-02T19:51:03.837] [WARN] archivoWarn - Ruta: /login Método: GET no implementada
[2022-10-02T19:51:03.840] [WARN] archivoWarn - Ruta: /login Método: GET no implementada
[2022-10-02T19:51:03.843] [WARN] archivoWarn - Ruta: /login Método: GET no implementada
[2022-10-02T19:51:03.846] [WARN] archivoWarn - Ruta: /login Método: GET no implementada
[2022-10-02T19:51:03.849] [WARN] archivoWarn - Ruta: /login Método: GET no implementada
[2022-10-02T19:51:03.853] [WARN] archivoWarn - Ruta: /login Método: GET no implementada
[2022-10-02T19:51:03.856] [WARN] archivoWarn - Ruta: /login Método: GET no implementada
[2022-10-02T19:51:03.859] [WARN] archivoWarn - Ruta: /login Método: GET no implementada
[2022-10-02T19:51:03.862] [WARN] archivoWarn - Ruta: /login Método: GET no implementada
[2022-10-02T19:51:12.387] [WARN] archivoWarn - Ruta: /favicon.ico Método: GET no implementada
[2022-10-02T19:51:12.392] [WARN] archivoWarn - Ruta: /login Método: GET no implementada
[2022-10-02T19:51:12.395] [WARN] archivoWarn - Ruta: /login Método: GET no implementada
[2022-10-02T19:51:12.398] [WARN] archivoWarn - Ruta: /login Método: GET no implementada
[2022-10-02T19:51:12.403] [WARN] archivoWarn - Ruta: /login Método: GET no implementada
[2022-10-02T19:51:12.406] [WARN] archivoWarn - Ruta: /login Método: GET no implementada
[2022-10-02T19:51:12.408] [WARN] archivoWarn - Ruta: /login Método: GET no implementada
[2022-10-02T19:51:12.411] [WARN] archivoWarn - Ruta: /login Método: GET no implementada
[2022-10-02T19:51:12.413] [WARN] archivoWarn - Ruta: /login Método: GET no implementada
[2022-10-02T19:51:12.417] [WARN] archivoWarn - Ruta: /login Método: GET no implementada
[2022-10-02T19:51:12.420] [WARN] archivoWarn - Ruta: /login Método: GET no implementada
[2022-10-02T19:51:12.422] [WARN] archivoWarn - Ruta: /login Método: GET no implementada
[2022-10-02T19:51:12.425] [WARN] archivoWarn - Ruta: /login Método: GET no implementada
[2022-10-02T19:51:12.427] [WARN] archivoWarn - Ruta: /login Método: GET no implementada
[2022-10-02T19:51:12.430] [WARN] archivoWarn - Ruta: /login Método: GET no implementada
[2022-10-02T19:51:12.433] [WARN] archivoWarn - Ruta: /login Método: GET no implementada
[2022-10-02T19:51:12.437] [WARN] archivoWarn - Ruta: /login Método: GET no implementada
[2022-10-02T19:51:12.440] [WARN] archivoWarn - Ruta: /login Método: GET no implementada
[2022-10-02T19:51:12.442] [WARN] archivoWarn - Ruta: /login Método: GET no implementada
[2022-10-02T19:51:12.445] [WARN] archivoWarn - Ruta: /login Método: GET no implementada
[2022-10-02T19:51:12.447] [WARN] archivoWarn - Ruta: /login Método: GET no implementada
[2022-10-02T19:51:26.454] [WARN] archivoWarn - Ruta: /favicon.ico Método: GET no implementada
[2022-10-02T19:51:26.459] [WARN] archivoWarn - Ruta: /login Método: GET no implementada
[2022-10-02T19:51:26.462] [WARN] archivoWarn - Ruta: /login Método: GET no implementada
[2022-10-02T19:51:26.465] [WARN] archivoWarn - Ruta: /login Método: GET no implementada
[2022-10-02T19:51:26.468] [WARN] archivoWarn - Ruta: /login Método: GET no implementada
[2022-10-02T19:51:26.473] [WARN] archivoWarn - Ruta: /login Método: GET no implementada
[2022-10-02T19:51:26.476] [WARN] archivoWarn - Ruta: /login Método: GET no implementada
[2022-10-02T19:51:26.479] [WARN] archivoWarn - Ruta: /login Método: GET no implementada
[2022-10-02T19:51:26.482] [WARN] archivoWarn - Ruta: /login Método: GET no implementada
[2022-10-02T19:51:26.487] [WARN] archivoWarn - Ruta: /login Método: GET no implementada
[2022-10-02T19:51:26.490] [WARN] archivoWarn - Ruta: /login Método: GET no implementada
[2022-10-02T19:51:26.493] [WARN] archivoWarn - Ruta: /login Método: GET no implementada
[2022-10-02T19:51:26.496] [WARN] archivoWarn - Ruta: /login Método: GET no implementada
[2022-10-02T19:51:26.499] [WARN] archivoWarn - Ruta: /login Método: GET no implementada
[2022-10-02T19:51:26.502] [WARN] archivoWarn - Ruta: /login Método: GET no implementada
[2022-10-02T19:51:26.506] [WARN] archivoWarn - Ruta: /login Método: GET no implementada
[2022-10-02T19:51:26.509] [WARN] archivoWarn - Ruta: /login Método: GET no implementada
[2022-10-02T19:51:26.513] [WARN] archivoWarn - Ruta: /login Método: GET no implementada
[2022-10-02T19:51:26.515] [WARN] archivoWarn - Ruta: /login Método: GET no implementada
[2022-10-02T19:51:26.518] [WARN] archivoWarn - Ruta: /login Método: GET no implementada
[2022-10-02T19:51:26.521] [WARN] archivoWarn - Ruta: /login Método: GET no implementada
[2022-10-02T19:51:38.266] [WARN] archivoWarn - Ruta: /favicon.ico Método: GET no implementada
[2022-10-02T19:51:46.159] [WARN] archivoWarn - Ruta: /favicon.ico Método: GET no implementada
[2022-10-02T19:51:59.341] [WARN] archivoWarn - Ruta: /favicon.ico Método: GET no implementada
