[2022-09-13T15:42:39.996] [ERROR] archivoError - MongooseError: Can't call `openUri()` on an active connection with different connection strings. Make sure you aren't calling `mongoose.connect()` multiple times. See: https://mongoosejs.com/docs/connections.html#multiple_connections
    at NativeConnection.Connection.openUri (C:\Users\abogc\OneDrive\Desktop\Backend\ProyectoFinal_TerceraEntrega\node_modules\mongoose\lib\connection.js:716:13)
    at C:\Users\abogc\OneDrive\Desktop\Backend\ProyectoFinal_TerceraEntrega\node_modules\mongoose\lib\index.js:379:10
    at C:\Users\abogc\OneDrive\Desktop\Backend\ProyectoFinal_TerceraEntrega\node_modules\mongoose\lib\helpers\promiseOrCallback.js:32:5
    at new Promise (<anonymous>)
    at promiseOrCallback (C:\Users\abogc\OneDrive\Desktop\Backend\ProyectoFinal_TerceraEntrega\node_modules\mongoose\lib\helpers\promiseOrCallback.js:31:10)
    at Mongoose._promiseOrCallback (C:\Users\abogc\OneDrive\Desktop\Backend\ProyectoFinal_TerceraEntrega\node_modules\mongoose\lib\index.js:1224:10)
    at Mongoose.connect (C:\Users\abogc\OneDrive\Desktop\Backend\ProyectoFinal_TerceraEntrega\node_modules\mongoose\lib\index.js:378:20)
    at conectarDB (file:///C:/Users/abogc/OneDrive/Desktop/Backend/ProyectoFinal_TerceraEntrega/src/server.js:50:22)
    at file:///C:/Users/abogc/OneDrive/Desktop/Backend/ProyectoFinal_TerceraEntrega/src/server.js:78:3
[2022-09-15T14:44:32.875] [ERROR] archivoError - TypeError: Cannot read properties of undefined (reading 'firstName')
    at getHome (file:///C:/Users/abogc/OneDrive/Desktop/Backend/ProyectoFinal_TerceraEntrega/src/controllers/otherRoutesController.js:31:43)
    at Layer.handle [as handle_request] (C:\Users\abogc\OneDrive\Desktop\Backend\ProyectoFinal_TerceraEntrega\node_modules\express\lib\router\layer.js:95:5)
    at next (C:\Users\abogc\OneDrive\Desktop\Backend\ProyectoFinal_TerceraEntrega\node_modules\express\lib\router\route.js:144:13)
    at Route.dispatch (C:\Users\abogc\OneDrive\Desktop\Backend\ProyectoFinal_TerceraEntrega\node_modules\express\lib\router\route.js:114:3)
    at Layer.handle [as handle_request] (C:\Users\abogc\OneDrive\Desktop\Backend\ProyectoFinal_TerceraEntrega\node_modules\express\lib\router\layer.js:95:5)
    at C:\Users\abogc\OneDrive\Desktop\Backend\ProyectoFinal_TerceraEntrega\node_modules\express\lib\router\index.js:284:15
    at Function.process_params (C:\Users\abogc\OneDrive\Desktop\Backend\ProyectoFinal_TerceraEntrega\node_modules\express\lib\router\index.js:346:12)
    at next (C:\Users\abogc\OneDrive\Desktop\Backend\ProyectoFinal_TerceraEntrega\node_modules\express\lib\router\index.js:280:10)
    at Function.handle (C:\Users\abogc\OneDrive\Desktop\Backend\ProyectoFinal_TerceraEntrega\node_modules\express\lib\router\index.js:175:3)
    at router (C:\Users\abogc\OneDrive\Desktop\Backend\ProyectoFinal_TerceraEntrega\node_modules\express\lib\router\index.js:47:12)
[2022-09-16T13:30:52.197] [ERROR] archivoError - TypeError: Cannot read properties of undefined (reading 'firstName')
    at getHome (file:///C:/Users/abogc/OneDrive/Desktop/Backend/ProyectoFinal_TerceraEntrega/src/controllers/otherRoutesController.js:31:43)
    at Layer.handle [as handle_request] (C:\Users\abogc\OneDrive\Desktop\Backend\ProyectoFinal_TerceraEntrega\node_modules\express\lib\router\layer.js:95:5)
    at next (C:\Users\abogc\OneDrive\Desktop\Backend\ProyectoFinal_TerceraEntrega\node_modules\express\lib\router\route.js:144:13)
    at Route.dispatch (C:\Users\abogc\OneDrive\Desktop\Backend\ProyectoFinal_TerceraEntrega\node_modules\express\lib\router\route.js:114:3)
    at Layer.handle [as handle_request] (C:\Users\abogc\OneDrive\Desktop\Backend\ProyectoFinal_TerceraEntrega\node_modules\express\lib\router\layer.js:95:5)
    at C:\Users\abogc\OneDrive\Desktop\Backend\ProyectoFinal_TerceraEntrega\node_modules\express\lib\router\index.js:284:15
    at Function.process_params (C:\Users\abogc\OneDrive\Desktop\Backend\ProyectoFinal_TerceraEntrega\node_modules\express\lib\router\index.js:346:12)
    at next (C:\Users\abogc\OneDrive\Desktop\Backend\ProyectoFinal_TerceraEntrega\node_modules\express\lib\router\index.js:280:10)
    at Function.handle (C:\Users\abogc\OneDrive\Desktop\Backend\ProyectoFinal_TerceraEntrega\node_modules\express\lib\router\index.js:175:3)
    at router (C:\Users\abogc\OneDrive\Desktop\Backend\ProyectoFinal_TerceraEntrega\node_modules\express\lib\router\index.js:47:12)
[2022-09-16T13:31:21.783] [ERROR] archivoError - TypeError: Cannot read properties of undefined (reading 'firstName')
    at getHome (file:///C:/Users/abogc/OneDrive/Desktop/Backend/ProyectoFinal_TerceraEntrega/src/controllers/otherRoutesController.js:31:43)
    at Layer.handle [as handle_request] (C:\Users\abogc\OneDrive\Desktop\Backend\ProyectoFinal_TerceraEntrega\node_modules\express\lib\router\layer.js:95:5)
    at next (C:\Users\abogc\OneDrive\Desktop\Backend\ProyectoFinal_TerceraEntrega\node_modules\express\lib\router\route.js:144:13)
    at Route.dispatch (C:\Users\abogc\OneDrive\Desktop\Backend\ProyectoFinal_TerceraEntrega\node_modules\express\lib\router\route.js:114:3)
    at Layer.handle [as handle_request] (C:\Users\abogc\OneDrive\Desktop\Backend\ProyectoFinal_TerceraEntrega\node_modules\express\lib\router\layer.js:95:5)
    at C:\Users\abogc\OneDrive\Desktop\Backend\ProyectoFinal_TerceraEntrega\node_modules\express\lib\router\index.js:284:15
    at Function.process_params (C:\Users\abogc\OneDrive\Desktop\Backend\ProyectoFinal_TerceraEntrega\node_modules\express\lib\router\index.js:346:12)
    at next (C:\Users\abogc\OneDrive\Desktop\Backend\ProyectoFinal_TerceraEntrega\node_modules\express\lib\router\index.js:280:10)
    at Function.handle (C:\Users\abogc\OneDrive\Desktop\Backend\ProyectoFinal_TerceraEntrega\node_modules\express\lib\router\index.js:175:3)
    at router (C:\Users\abogc\OneDrive\Desktop\Backend\ProyectoFinal_TerceraEntrega\node_modules\express\lib\router\index.js:47:12)
[2022-09-16T15:28:54.853] [ERROR] archivoError - TypeError: Cannot read properties of undefined (reading 'firstName')
    at getHome (file:///C:/Users/abogc/OneDrive/Desktop/Backend/ProyectoFinal_TerceraEntrega/src/controllers/otherRoutesController.js:31:43)
    at Layer.handle [as handle_request] (C:\Users\abogc\OneDrive\Desktop\Backend\ProyectoFinal_TerceraEntrega\node_modules\express\lib\router\layer.js:95:5)
    at next (C:\Users\abogc\OneDrive\Desktop\Backend\ProyectoFinal_TerceraEntrega\node_modules\express\lib\router\route.js:144:13)
    at Route.dispatch (C:\Users\abogc\OneDrive\Desktop\Backend\ProyectoFinal_TerceraEntrega\node_modules\express\lib\router\route.js:114:3)
    at Layer.handle [as handle_request] (C:\Users\abogc\OneDrive\Desktop\Backend\ProyectoFinal_TerceraEntrega\node_modules\express\lib\router\layer.js:95:5)
    at C:\Users\abogc\OneDrive\Desktop\Backend\ProyectoFinal_TerceraEntrega\node_modules\express\lib\router\index.js:284:15
    at Function.process_params (C:\Users\abogc\OneDrive\Desktop\Backend\ProyectoFinal_TerceraEntrega\node_modules\express\lib\router\index.js:346:12)
    at next (C:\Users\abogc\OneDrive\Desktop\Backend\ProyectoFinal_TerceraEntrega\node_modules\express\lib\router\index.js:280:10)
    at Function.handle (C:\Users\abogc\OneDrive\Desktop\Backend\ProyectoFinal_TerceraEntrega\node_modules\express\lib\router\index.js:175:3)
    at router (C:\Users\abogc\OneDrive\Desktop\Backend\ProyectoFinal_TerceraEntrega\node_modules\express\lib\router\index.js:47:12)
[2022-09-16T15:29:01.772] [ERROR] archivoError - TypeError: Cannot read properties of undefined (reading 'firstName')
    at getHome (file:///C:/Users/abogc/OneDrive/Desktop/Backend/ProyectoFinal_TerceraEntrega/src/controllers/otherRoutesController.js:31:43)
    at Layer.handle [as handle_request] (C:\Users\abogc\OneDrive\Desktop\Backend\ProyectoFinal_TerceraEntrega\node_modules\express\lib\router\layer.js:95:5)
    at next (C:\Users\abogc\OneDrive\Desktop\Backend\ProyectoFinal_TerceraEntrega\node_modules\express\lib\router\route.js:144:13)
    at Route.dispatch (C:\Users\abogc\OneDrive\Desktop\Backend\ProyectoFinal_TerceraEntrega\node_modules\express\lib\router\route.js:114:3)
    at Layer.handle [as handle_request] (C:\Users\abogc\OneDrive\Desktop\Backend\ProyectoFinal_TerceraEntrega\node_modules\express\lib\router\layer.js:95:5)
    at C:\Users\abogc\OneDrive\Desktop\Backend\ProyectoFinal_TerceraEntrega\node_modules\express\lib\router\index.js:284:15
    at Function.process_params (C:\Users\abogc\OneDrive\Desktop\Backend\ProyectoFinal_TerceraEntrega\node_modules\express\lib\router\index.js:346:12)
    at next (C:\Users\abogc\OneDrive\Desktop\Backend\ProyectoFinal_TerceraEntrega\node_modules\express\lib\router\index.js:280:10)
    at Function.handle (C:\Users\abogc\OneDrive\Desktop\Backend\ProyectoFinal_TerceraEntrega\node_modules\express\lib\router\index.js:175:3)
    at router (C:\Users\abogc\OneDrive\Desktop\Backend\ProyectoFinal_TerceraEntrega\node_modules\express\lib\router\index.js:47:12)
[2022-09-16T16:57:58.999] [ERROR] archivoError - TypeError: Cannot read properties of undefined (reading 'firstName')
    at getHome (file:///C:/Users/abogc/OneDrive/Desktop/Backend/ProyectoFinal_TerceraEntrega/src/controllers/otherRoutesController.js:31:43)
    at Layer.handle [as handle_request] (C:\Users\abogc\OneDrive\Desktop\Backend\ProyectoFinal_TerceraEntrega\node_modules\express\lib\router\layer.js:95:5)
    at next (C:\Users\abogc\OneDrive\Desktop\Backend\ProyectoFinal_TerceraEntrega\node_modules\express\lib\router\route.js:144:13)
    at Route.dispatch (C:\Users\abogc\OneDrive\Desktop\Backend\ProyectoFinal_TerceraEntrega\node_modules\express\lib\router\route.js:114:3)
    at Layer.handle [as handle_request] (C:\Users\abogc\OneDrive\Desktop\Backend\ProyectoFinal_TerceraEntrega\node_modules\express\lib\router\layer.js:95:5)
    at C:\Users\abogc\OneDrive\Desktop\Backend\ProyectoFinal_TerceraEntrega\node_modules\express\lib\router\index.js:284:15
    at Function.process_params (C:\Users\abogc\OneDrive\Desktop\Backend\ProyectoFinal_TerceraEntrega\node_modules\express\lib\router\index.js:346:12)
    at next (C:\Users\abogc\OneDrive\Desktop\Backend\ProyectoFinal_TerceraEntrega\node_modules\express\lib\router\index.js:280:10)
    at Function.handle (C:\Users\abogc\OneDrive\Desktop\Backend\ProyectoFinal_TerceraEntrega\node_modules\express\lib\router\index.js:175:3)
    at router (C:\Users\abogc\OneDrive\Desktop\Backend\ProyectoFinal_TerceraEntrega\node_modules\express\lib\router\index.js:47:12)
[2022-09-16T16:58:02.998] [ERROR] archivoError - TypeError: Cannot read properties of undefined (reading 'firstName')
    at getHome (file:///C:/Users/abogc/OneDrive/Desktop/Backend/ProyectoFinal_TerceraEntrega/src/controllers/otherRoutesController.js:31:43)
    at Layer.handle [as handle_request] (C:\Users\abogc\OneDrive\Desktop\Backend\ProyectoFinal_TerceraEntrega\node_modules\express\lib\router\layer.js:95:5)
    at next (C:\Users\abogc\OneDrive\Desktop\Backend\ProyectoFinal_TerceraEntrega\node_modules\express\lib\router\route.js:144:13)
    at Route.dispatch (C:\Users\abogc\OneDrive\Desktop\Backend\ProyectoFinal_TerceraEntrega\node_modules\express\lib\router\route.js:114:3)
    at Layer.handle [as handle_request] (C:\Users\abogc\OneDrive\Desktop\Backend\ProyectoFinal_TerceraEntrega\node_modules\express\lib\router\layer.js:95:5)
    at C:\Users\abogc\OneDrive\Desktop\Backend\ProyectoFinal_TerceraEntrega\node_modules\express\lib\router\index.js:284:15
    at Function.process_params (C:\Users\abogc\OneDrive\Desktop\Backend\ProyectoFinal_TerceraEntrega\node_modules\express\lib\router\index.js:346:12)
    at next (C:\Users\abogc\OneDrive\Desktop\Backend\ProyectoFinal_TerceraEntrega\node_modules\express\lib\router\index.js:280:10)
    at Function.handle (C:\Users\abogc\OneDrive\Desktop\Backend\ProyectoFinal_TerceraEntrega\node_modules\express\lib\router\index.js:175:3)
    at router (C:\Users\abogc\OneDrive\Desktop\Backend\ProyectoFinal_TerceraEntrega\node_modules\express\lib\router\index.js:47:12)
[2022-09-16T17:46:01.897] [ERROR] archivoError - TypeError: Cannot read properties of undefined (reading 'firstName')
    at getHome (file:///C:/Users/abogc/OneDrive/Desktop/Backend/ProyectoFinal_TerceraEntrega/src/controllers/otherRoutesController.js:31:43)
    at Layer.handle [as handle_request] (C:\Users\abogc\OneDrive\Desktop\Backend\ProyectoFinal_TerceraEntrega\node_modules\express\lib\router\layer.js:95:5)
    at next (C:\Users\abogc\OneDrive\Desktop\Backend\ProyectoFinal_TerceraEntrega\node_modules\express\lib\router\route.js:144:13)
    at Route.dispatch (C:\Users\abogc\OneDrive\Desktop\Backend\ProyectoFinal_TerceraEntrega\node_modules\express\lib\router\route.js:114:3)
    at Layer.handle [as handle_request] (C:\Users\abogc\OneDrive\Desktop\Backend\ProyectoFinal_TerceraEntrega\node_modules\express\lib\router\layer.js:95:5)
    at C:\Users\abogc\OneDrive\Desktop\Backend\ProyectoFinal_TerceraEntrega\node_modules\express\lib\router\index.js:284:15
    at Function.process_params (C:\Users\abogc\OneDrive\Desktop\Backend\ProyectoFinal_TerceraEntrega\node_modules\express\lib\router\index.js:346:12)
    at next (C:\Users\abogc\OneDrive\Desktop\Backend\ProyectoFinal_TerceraEntrega\node_modules\express\lib\router\index.js:280:10)
    at Function.handle (C:\Users\abogc\OneDrive\Desktop\Backend\ProyectoFinal_TerceraEntrega\node_modules\express\lib\router\index.js:175:3)
    at router (C:\Users\abogc\OneDrive\Desktop\Backend\ProyectoFinal_TerceraEntrega\node_modules\express\lib\router\index.js:47:12)
[2022-09-16T17:46:05.900] [ERROR] archivoError - TypeError: Cannot read properties of undefined (reading 'firstName')
    at getHome (file:///C:/Users/abogc/OneDrive/Desktop/Backend/ProyectoFinal_TerceraEntrega/src/controllers/otherRoutesController.js:31:43)
    at Layer.handle [as handle_request] (C:\Users\abogc\OneDrive\Desktop\Backend\ProyectoFinal_TerceraEntrega\node_modules\express\lib\router\layer.js:95:5)
    at next (C:\Users\abogc\OneDrive\Desktop\Backend\ProyectoFinal_TerceraEntrega\node_modules\express\lib\router\route.js:144:13)
    at Route.dispatch (C:\Users\abogc\OneDrive\Desktop\Backend\ProyectoFinal_TerceraEntrega\node_modules\express\lib\router\route.js:114:3)
    at Layer.handle [as handle_request] (C:\Users\abogc\OneDrive\Desktop\Backend\ProyectoFinal_TerceraEntrega\node_modules\express\lib\router\layer.js:95:5)
    at C:\Users\abogc\OneDrive\Desktop\Backend\ProyectoFinal_TerceraEntrega\node_modules\express\lib\router\index.js:284:15
    at Function.process_params (C:\Users\abogc\OneDrive\Desktop\Backend\ProyectoFinal_TerceraEntrega\node_modules\express\lib\router\index.js:346:12)
    at next (C:\Users\abogc\OneDrive\Desktop\Backend\ProyectoFinal_TerceraEntrega\node_modules\express\lib\router\index.js:280:10)
    at Function.handle (C:\Users\abogc\OneDrive\Desktop\Backend\ProyectoFinal_TerceraEntrega\node_modules\express\lib\router\index.js:175:3)
    at router (C:\Users\abogc\OneDrive\Desktop\Backend\ProyectoFinal_TerceraEntrega\node_modules\express\lib\router\index.js:47:12)
[2022-09-16T17:46:15.459] [ERROR] archivoError - TypeError: Cannot read properties of undefined (reading 'firstName')
    at getHome (file:///C:/Users/abogc/OneDrive/Desktop/Backend/ProyectoFinal_TerceraEntrega/src/controllers/otherRoutesController.js:31:43)
    at Layer.handle [as handle_request] (C:\Users\abogc\OneDrive\Desktop\Backend\ProyectoFinal_TerceraEntrega\node_modules\express\lib\router\layer.js:95:5)
    at next (C:\Users\abogc\OneDrive\Desktop\Backend\ProyectoFinal_TerceraEntrega\node_modules\express\lib\router\route.js:144:13)
    at Route.dispatch (C:\Users\abogc\OneDrive\Desktop\Backend\ProyectoFinal_TerceraEntrega\node_modules\express\lib\router\route.js:114:3)
    at Layer.handle [as handle_request] (C:\Users\abogc\OneDrive\Desktop\Backend\ProyectoFinal_TerceraEntrega\node_modules\express\lib\router\layer.js:95:5)
    at C:\Users\abogc\OneDrive\Desktop\Backend\ProyectoFinal_TerceraEntrega\node_modules\express\lib\router\index.js:284:15
    at Function.process_params (C:\Users\abogc\OneDrive\Desktop\Backend\ProyectoFinal_TerceraEntrega\node_modules\express\lib\router\index.js:346:12)
    at next (C:\Users\abogc\OneDrive\Desktop\Backend\ProyectoFinal_TerceraEntrega\node_modules\express\lib\router\index.js:280:10)
    at Function.handle (C:\Users\abogc\OneDrive\Desktop\Backend\ProyectoFinal_TerceraEntrega\node_modules\express\lib\router\index.js:175:3)
    at router (C:\Users\abogc\OneDrive\Desktop\Backend\ProyectoFinal_TerceraEntrega\node_modules\express\lib\router\index.js:47:12)
[2022-09-16T19:58:35.519] [ERROR] archivoError - TypeError: Cannot read properties of undefined (reading 'firstName')
    at getHome (file:///C:/Users/abogc/OneDrive/Desktop/Backend/ProyectoFinal_TerceraEntrega/src/controllers/otherRoutesController.js:31:43)
    at Layer.handle [as handle_request] (C:\Users\abogc\OneDrive\Desktop\Backend\ProyectoFinal_TerceraEntrega\node_modules\express\lib\router\layer.js:95:5)
    at next (C:\Users\abogc\OneDrive\Desktop\Backend\ProyectoFinal_TerceraEntrega\node_modules\express\lib\router\route.js:144:13)
    at Route.dispatch (C:\Users\abogc\OneDrive\Desktop\Backend\ProyectoFinal_TerceraEntrega\node_modules\express\lib\router\route.js:114:3)
    at Layer.handle [as handle_request] (C:\Users\abogc\OneDrive\Desktop\Backend\ProyectoFinal_TerceraEntrega\node_modules\express\lib\router\layer.js:95:5)
    at C:\Users\abogc\OneDrive\Desktop\Backend\ProyectoFinal_TerceraEntrega\node_modules\express\lib\router\index.js:284:15
    at Function.process_params (C:\Users\abogc\OneDrive\Desktop\Backend\ProyectoFinal_TerceraEntrega\node_modules\express\lib\router\index.js:346:12)
    at next (C:\Users\abogc\OneDrive\Desktop\Backend\ProyectoFinal_TerceraEntrega\node_modules\express\lib\router\index.js:280:10)
    at Function.handle (C:\Users\abogc\OneDrive\Desktop\Backend\ProyectoFinal_TerceraEntrega\node_modules\express\lib\router\index.js:175:3)
    at router (C:\Users\abogc\OneDrive\Desktop\Backend\ProyectoFinal_TerceraEntrega\node_modules\express\lib\router\index.js:47:12)
[2022-09-16T19:58:39.522] [ERROR] archivoError - TypeError: Cannot read properties of undefined (reading 'firstName')
    at getHome (file:///C:/Users/abogc/OneDrive/Desktop/Backend/ProyectoFinal_TerceraEntrega/src/controllers/otherRoutesController.js:31:43)
    at Layer.handle [as handle_request] (C:\Users\abogc\OneDrive\Desktop\Backend\ProyectoFinal_TerceraEntrega\node_modules\express\lib\router\layer.js:95:5)
    at next (C:\Users\abogc\OneDrive\Desktop\Backend\ProyectoFinal_TerceraEntrega\node_modules\express\lib\router\route.js:144:13)
    at Route.dispatch (C:\Users\abogc\OneDrive\Desktop\Backend\ProyectoFinal_TerceraEntrega\node_modules\express\lib\router\route.js:114:3)
    at Layer.handle [as handle_request] (C:\Users\abogc\OneDrive\Desktop\Backend\ProyectoFinal_TerceraEntrega\node_modules\express\lib\router\layer.js:95:5)
    at C:\Users\abogc\OneDrive\Desktop\Backend\ProyectoFinal_TerceraEntrega\node_modules\express\lib\router\index.js:284:15
    at Function.process_params (C:\Users\abogc\OneDrive\Desktop\Backend\ProyectoFinal_TerceraEntrega\node_modules\express\lib\router\index.js:346:12)
    at next (C:\Users\abogc\OneDrive\Desktop\Backend\ProyectoFinal_TerceraEntrega\node_modules\express\lib\router\index.js:280:10)
    at Function.handle (C:\Users\abogc\OneDrive\Desktop\Backend\ProyectoFinal_TerceraEntrega\node_modules\express\lib\router\index.js:175:3)
    at router (C:\Users\abogc\OneDrive\Desktop\Backend\ProyectoFinal_TerceraEntrega\node_modules\express\lib\router\index.js:47:12)
[2022-09-16T19:59:00.575] [ERROR] archivoError - TypeError: Cannot read properties of undefined (reading 'firstName')
    at getHome (file:///C:/Users/abogc/OneDrive/Desktop/Backend/ProyectoFinal_TerceraEntrega/src/controllers/otherRoutesController.js:31:43)
    at Layer.handle [as handle_request] (C:\Users\abogc\OneDrive\Desktop\Backend\ProyectoFinal_TerceraEntrega\node_modules\express\lib\router\layer.js:95:5)
    at next (C:\Users\abogc\OneDrive\Desktop\Backend\ProyectoFinal_TerceraEntrega\node_modules\express\lib\router\route.js:144:13)
    at Route.dispatch (C:\Users\abogc\OneDrive\Desktop\Backend\ProyectoFinal_TerceraEntrega\node_modules\express\lib\router\route.js:114:3)
    at Layer.handle [as handle_request] (C:\Users\abogc\OneDrive\Desktop\Backend\ProyectoFinal_TerceraEntrega\node_modules\express\lib\router\layer.js:95:5)
    at C:\Users\abogc\OneDrive\Desktop\Backend\ProyectoFinal_TerceraEntrega\node_modules\express\lib\router\index.js:284:15
    at Function.process_params (C:\Users\abogc\OneDrive\Desktop\Backend\ProyectoFinal_TerceraEntrega\node_modules\express\lib\router\index.js:346:12)
    at next (C:\Users\abogc\OneDrive\Desktop\Backend\ProyectoFinal_TerceraEntrega\node_modules\express\lib\router\index.js:280:10)
    at Function.handle (C:\Users\abogc\OneDrive\Desktop\Backend\ProyectoFinal_TerceraEntrega\node_modules\express\lib\router\index.js:175:3)
    at router (C:\Users\abogc\OneDrive\Desktop\Backend\ProyectoFinal_TerceraEntrega\node_modules\express\lib\router\index.js:47:12)
[2022-09-18T10:45:08.094] [ERROR] archivoError - TypeError: Cannot read properties of undefined (reading 'firstName')
    at getHome (file:///C:/Users/abogc/OneDrive/Desktop/Backend/ProyectoFinal_TerceraEntrega/src/controllers/otherRoutesController.js:31:43)
    at Layer.handle [as handle_request] (C:\Users\abogc\OneDrive\Desktop\Backend\ProyectoFinal_TerceraEntrega\node_modules\express\lib\router\layer.js:95:5)
    at next (C:\Users\abogc\OneDrive\Desktop\Backend\ProyectoFinal_TerceraEntrega\node_modules\express\lib\router\route.js:144:13)
    at Route.dispatch (C:\Users\abogc\OneDrive\Desktop\Backend\ProyectoFinal_TerceraEntrega\node_modules\express\lib\router\route.js:114:3)
    at Layer.handle [as handle_request] (C:\Users\abogc\OneDrive\Desktop\Backend\ProyectoFinal_TerceraEntrega\node_modules\express\lib\router\layer.js:95:5)
    at C:\Users\abogc\OneDrive\Desktop\Backend\ProyectoFinal_TerceraEntrega\node_modules\express\lib\router\index.js:284:15
    at Function.process_params (C:\Users\abogc\OneDrive\Desktop\Backend\ProyectoFinal_TerceraEntrega\node_modules\express\lib\router\index.js:346:12)
    at next (C:\Users\abogc\OneDrive\Desktop\Backend\ProyectoFinal_TerceraEntrega\node_modules\express\lib\router\index.js:280:10)
    at Function.handle (C:\Users\abogc\OneDrive\Desktop\Backend\ProyectoFinal_TerceraEntrega\node_modules\express\lib\router\index.js:175:3)
    at router (C:\Users\abogc\OneDrive\Desktop\Backend\ProyectoFinal_TerceraEntrega\node_modules\express\lib\router\index.js:47:12)
[2022-09-18T11:17:52.789] [ERROR] archivoError - TypeError: Cannot read properties of undefined (reading 'firstName')
    at getHome (file:///C:/Users/abogc/OneDrive/Desktop/Backend/ProyectoFinal_TerceraEntrega/src/controllers/otherRoutesController.js:31:43)
    at Layer.handle [as handle_request] (C:\Users\abogc\OneDrive\Desktop\Backend\ProyectoFinal_TerceraEntrega\node_modules\express\lib\router\layer.js:95:5)
    at next (C:\Users\abogc\OneDrive\Desktop\Backend\ProyectoFinal_TerceraEntrega\node_modules\express\lib\router\route.js:144:13)
    at Route.dispatch (C:\Users\abogc\OneDrive\Desktop\Backend\ProyectoFinal_TerceraEntrega\node_modules\express\lib\router\route.js:114:3)
    at Layer.handle [as handle_request] (C:\Users\abogc\OneDrive\Desktop\Backend\ProyectoFinal_TerceraEntrega\node_modules\express\lib\router\layer.js:95:5)
    at C:\Users\abogc\OneDrive\Desktop\Backend\ProyectoFinal_TerceraEntrega\node_modules\express\lib\router\index.js:284:15
    at Function.process_params (C:\Users\abogc\OneDrive\Desktop\Backend\ProyectoFinal_TerceraEntrega\node_modules\express\lib\router\index.js:346:12)
    at next (C:\Users\abogc\OneDrive\Desktop\Backend\ProyectoFinal_TerceraEntrega\node_modules\express\lib\router\index.js:280:10)
    at Function.handle (C:\Users\abogc\OneDrive\Desktop\Backend\ProyectoFinal_TerceraEntrega\node_modules\express\lib\router\index.js:175:3)
    at router (C:\Users\abogc\OneDrive\Desktop\Backend\ProyectoFinal_TerceraEntrega\node_modules\express\lib\router\index.js:47:12)
[2022-09-18T11:17:56.777] [ERROR] archivoError - TypeError: Cannot read properties of undefined (reading 'firstName')
    at getHome (file:///C:/Users/abogc/OneDrive/Desktop/Backend/ProyectoFinal_TerceraEntrega/src/controllers/otherRoutesController.js:31:43)
    at Layer.handle [as handle_request] (C:\Users\abogc\OneDrive\Desktop\Backend\ProyectoFinal_TerceraEntrega\node_modules\express\lib\router\layer.js:95:5)
    at next (C:\Users\abogc\OneDrive\Desktop\Backend\ProyectoFinal_TerceraEntrega\node_modules\express\lib\router\route.js:144:13)
    at Route.dispatch (C:\Users\abogc\OneDrive\Desktop\Backend\ProyectoFinal_TerceraEntrega\node_modules\express\lib\router\route.js:114:3)
    at Layer.handle [as handle_request] (C:\Users\abogc\OneDrive\Desktop\Backend\ProyectoFinal_TerceraEntrega\node_modules\express\lib\router\layer.js:95:5)
    at C:\Users\abogc\OneDrive\Desktop\Backend\ProyectoFinal_TerceraEntrega\node_modules\express\lib\router\index.js:284:15
    at Function.process_params (C:\Users\abogc\OneDrive\Desktop\Backend\ProyectoFinal_TerceraEntrega\node_modules\express\lib\router\index.js:346:12)
    at next (C:\Users\abogc\OneDrive\Desktop\Backend\ProyectoFinal_TerceraEntrega\node_modules\express\lib\router\index.js:280:10)
    at Function.handle (C:\Users\abogc\OneDrive\Desktop\Backend\ProyectoFinal_TerceraEntrega\node_modules\express\lib\router\index.js:175:3)
    at router (C:\Users\abogc\OneDrive\Desktop\Backend\ProyectoFinal_TerceraEntrega\node_modules\express\lib\router\index.js:47:12)
[2022-09-18T11:30:05.940] [ERROR] archivoError - TypeError: Cannot read properties of undefined (reading 'firstName')
    at getHome (file:///C:/Users/abogc/OneDrive/Desktop/Backend/ProyectoFinal_TerceraEntrega/src/controllers/otherRoutesController.js:31:43)
    at Layer.handle [as handle_request] (C:\Users\abogc\OneDrive\Desktop\Backend\ProyectoFinal_TerceraEntrega\node_modules\express\lib\router\layer.js:95:5)
    at next (C:\Users\abogc\OneDrive\Desktop\Backend\ProyectoFinal_TerceraEntrega\node_modules\express\lib\router\route.js:144:13)
    at Route.dispatch (C:\Users\abogc\OneDrive\Desktop\Backend\ProyectoFinal_TerceraEntrega\node_modules\express\lib\router\route.js:114:3)
    at Layer.handle [as handle_request] (C:\Users\abogc\OneDrive\Desktop\Backend\ProyectoFinal_TerceraEntrega\node_modules\express\lib\router\layer.js:95:5)
    at C:\Users\abogc\OneDrive\Desktop\Backend\ProyectoFinal_TerceraEntrega\node_modules\express\lib\router\index.js:284:15
    at Function.process_params (C:\Users\abogc\OneDrive\Desktop\Backend\ProyectoFinal_TerceraEntrega\node_modules\express\lib\router\index.js:346:12)
    at next (C:\Users\abogc\OneDrive\Desktop\Backend\ProyectoFinal_TerceraEntrega\node_modules\express\lib\router\index.js:280:10)
    at Function.handle (C:\Users\abogc\OneDrive\Desktop\Backend\ProyectoFinal_TerceraEntrega\node_modules\express\lib\router\index.js:175:3)
    at router (C:\Users\abogc\OneDrive\Desktop\Backend\ProyectoFinal_TerceraEntrega\node_modules\express\lib\router\index.js:47:12)
[2022-09-18T19:10:42.309] [ERROR] archivoError - TypeError: Cannot read properties of undefined (reading 'firstName')
    at getHome (file:///C:/Users/abogc/OneDrive/Desktop/Backend/ProyectoFinal_TerceraEntrega/src/controllers/otherRoutesController.js:31:43)
    at Layer.handle [as handle_request] (C:\Users\abogc\OneDrive\Desktop\Backend\ProyectoFinal_TerceraEntrega\node_modules\express\lib\router\layer.js:95:5)
    at next (C:\Users\abogc\OneDrive\Desktop\Backend\ProyectoFinal_TerceraEntrega\node_modules\express\lib\router\route.js:144:13)
    at Route.dispatch (C:\Users\abogc\OneDrive\Desktop\Backend\ProyectoFinal_TerceraEntrega\node_modules\express\lib\router\route.js:114:3)
    at Layer.handle [as handle_request] (C:\Users\abogc\OneDrive\Desktop\Backend\ProyectoFinal_TerceraEntrega\node_modules\express\lib\router\layer.js:95:5)
    at C:\Users\abogc\OneDrive\Desktop\Backend\ProyectoFinal_TerceraEntrega\node_modules\express\lib\router\index.js:284:15
    at Function.process_params (C:\Users\abogc\OneDrive\Desktop\Backend\ProyectoFinal_TerceraEntrega\node_modules\express\lib\router\index.js:346:12)
    at next (C:\Users\abogc\OneDrive\Desktop\Backend\ProyectoFinal_TerceraEntrega\node_modules\express\lib\router\index.js:280:10)
    at methodOverride (C:\Users\abogc\OneDrive\Desktop\Backend\ProyectoFinal_TerceraEntrega\node_modules\method-override\index.js:79:5)
    at Layer.handle [as handle_request] (C:\Users\abogc\OneDrive\Desktop\Backend\ProyectoFinal_TerceraEntrega\node_modules\express\lib\router\layer.js:95:5)
[2022-09-18T19:12:29.104] [ERROR] archivoError - TypeError: Cannot read properties of undefined (reading 'firstName')
    at getHome (file:///C:/Users/abogc/OneDrive/Desktop/Backend/ProyectoFinal_TerceraEntrega/src/controllers/otherRoutesController.js:31:43)
    at Layer.handle [as handle_request] (C:\Users\abogc\OneDrive\Desktop\Backend\ProyectoFinal_TerceraEntrega\node_modules\express\lib\router\layer.js:95:5)
    at next (C:\Users\abogc\OneDrive\Desktop\Backend\ProyectoFinal_TerceraEntrega\node_modules\express\lib\router\route.js:144:13)
    at Route.dispatch (C:\Users\abogc\OneDrive\Desktop\Backend\ProyectoFinal_TerceraEntrega\node_modules\express\lib\router\route.js:114:3)
    at Layer.handle [as handle_request] (C:\Users\abogc\OneDrive\Desktop\Backend\ProyectoFinal_TerceraEntrega\node_modules\express\lib\router\layer.js:95:5)
    at C:\Users\abogc\OneDrive\Desktop\Backend\ProyectoFinal_TerceraEntrega\node_modules\express\lib\router\index.js:284:15
    at Function.process_params (C:\Users\abogc\OneDrive\Desktop\Backend\ProyectoFinal_TerceraEntrega\node_modules\express\lib\router\index.js:346:12)
    at next (C:\Users\abogc\OneDrive\Desktop\Backend\ProyectoFinal_TerceraEntrega\node_modules\express\lib\router\index.js:280:10)
    at methodOverride (C:\Users\abogc\OneDrive\Desktop\Backend\ProyectoFinal_TerceraEntrega\node_modules\method-override\index.js:79:5)
    at Layer.handle [as handle_request] (C:\Users\abogc\OneDrive\Desktop\Backend\ProyectoFinal_TerceraEntrega\node_modules\express\lib\router\layer.js:95:5)
[2022-09-20T21:54:37.402] [ERROR] archivoError - TypeError: Cannot read properties of undefined (reading 'firstName')
    at getHome (file:///C:/Users/abogc/OneDrive/Desktop/Backend/ProyectoFinal_TerceraEntrega/src/controllers/otherRoutesController.js:31:43)
    at Layer.handle [as handle_request] (C:\Users\abogc\OneDrive\Desktop\Backend\ProyectoFinal_TerceraEntrega\node_modules\express\lib\router\layer.js:95:5)
    at next (C:\Users\abogc\OneDrive\Desktop\Backend\ProyectoFinal_TerceraEntrega\node_modules\express\lib\router\route.js:144:13)
    at Route.dispatch (C:\Users\abogc\OneDrive\Desktop\Backend\ProyectoFinal_TerceraEntrega\node_modules\express\lib\router\route.js:114:3)
    at Layer.handle [as handle_request] (C:\Users\abogc\OneDrive\Desktop\Backend\ProyectoFinal_TerceraEntrega\node_modules\express\lib\router\layer.js:95:5)
    at C:\Users\abogc\OneDrive\Desktop\Backend\ProyectoFinal_TerceraEntrega\node_modules\express\lib\router\index.js:284:15
    at Function.process_params (C:\Users\abogc\OneDrive\Desktop\Backend\ProyectoFinal_TerceraEntrega\node_modules\express\lib\router\index.js:346:12)
    at next (C:\Users\abogc\OneDrive\Desktop\Backend\ProyectoFinal_TerceraEntrega\node_modules\express\lib\router\index.js:280:10)
    at methodOverride (C:\Users\abogc\OneDrive\Desktop\Backend\ProyectoFinal_TerceraEntrega\node_modules\method-override\index.js:79:5)
    at Layer.handle [as handle_request] (C:\Users\abogc\OneDrive\Desktop\Backend\ProyectoFinal_TerceraEntrega\node_modules\express\lib\router\layer.js:95:5)
[2022-09-25T12:20:03.603] [ERROR] archivoError - TypeError: Cannot read properties of undefined (reading 'EMAIL')
    at getLogIn (file:///C:/Users/abogc/OneDrive/Desktop/Backend/ProyectoFinal_TerceraEntrega/src/controllers/loginController.js:78:35)
    at Layer.handle [as handle_request] (C:\Users\abogc\OneDrive\Desktop\Backend\ProyectoFinal_TerceraEntrega\node_modules\express\lib\router\layer.js:95:5)
    at next (C:\Users\abogc\OneDrive\Desktop\Backend\ProyectoFinal_TerceraEntrega\node_modules\express\lib\router\route.js:144:13)
    at Route.dispatch (C:\Users\abogc\OneDrive\Desktop\Backend\ProyectoFinal_TerceraEntrega\node_modules\express\lib\router\route.js:114:3)
    at Layer.handle [as handle_request] (C:\Users\abogc\OneDrive\Desktop\Backend\ProyectoFinal_TerceraEntrega\node_modules\express\lib\router\layer.js:95:5)
    at C:\Users\abogc\OneDrive\Desktop\Backend\ProyectoFinal_TerceraEntrega\node_modules\express\lib\router\index.js:284:15
    at Function.process_params (C:\Users\abogc\OneDrive\Desktop\Backend\ProyectoFinal_TerceraEntrega\node_modules\express\lib\router\index.js:346:12)
    at next (C:\Users\abogc\OneDrive\Desktop\Backend\ProyectoFinal_TerceraEntrega\node_modules\express\lib\router\index.js:280:10)
    at methodOverride (C:\Users\abogc\OneDrive\Desktop\Backend\ProyectoFinal_TerceraEntrega\node_modules\method-override\index.js:79:5)
    at Layer.handle [as handle_request] (C:\Users\abogc\OneDrive\Desktop\Backend\ProyectoFinal_TerceraEntrega\node_modules\express\lib\router\layer.js:95:5)
[2022-09-25T12:24:01.975] [ERROR] archivoError - TypeError: Cannot read properties of undefined (reading 'firstName')
    at getHome (file:///C:/Users/abogc/OneDrive/Desktop/Backend/ProyectoFinal_TerceraEntrega/src/controllers/otherRoutesController.js:31:43)
    at Layer.handle [as handle_request] (C:\Users\abogc\OneDrive\Desktop\Backend\ProyectoFinal_TerceraEntrega\node_modules\express\lib\router\layer.js:95:5)
    at next (C:\Users\abogc\OneDrive\Desktop\Backend\ProyectoFinal_TerceraEntrega\node_modules\express\lib\router\route.js:144:13)
    at Route.dispatch (C:\Users\abogc\OneDrive\Desktop\Backend\ProyectoFinal_TerceraEntrega\node_modules\express\lib\router\route.js:114:3)
    at Layer.handle [as handle_request] (C:\Users\abogc\OneDrive\Desktop\Backend\ProyectoFinal_TerceraEntrega\node_modules\express\lib\router\layer.js:95:5)
    at C:\Users\abogc\OneDrive\Desktop\Backend\ProyectoFinal_TerceraEntrega\node_modules\express\lib\router\index.js:284:15
    at Function.process_params (C:\Users\abogc\OneDrive\Desktop\Backend\ProyectoFinal_TerceraEntrega\node_modules\express\lib\router\index.js:346:12)
    at next (C:\Users\abogc\OneDrive\Desktop\Backend\ProyectoFinal_TerceraEntrega\node_modules\express\lib\router\index.js:280:10)
    at methodOverride (C:\Users\abogc\OneDrive\Desktop\Backend\ProyectoFinal_TerceraEntrega\node_modules\method-override\index.js:79:5)
    at Layer.handle [as handle_request] (C:\Users\abogc\OneDrive\Desktop\Backend\ProyectoFinal_TerceraEntrega\node_modules\express\lib\router\layer.js:95:5)
