[2022-09-15T14:31:19.116] [WARN] archivoWarn - Ruta: /favicon.ico Método: GET no implementada
[2022-09-15T14:39:44.483] [WARN] archivoWarn - Ruta: /hola Método: GET no implementada
[2022-09-15T14:44:40.999] [WARN] archivoWarn - Ruta: /signin Método: GET no implementada
[2022-09-15T14:44:45.050] [WARN] archivoWarn - Ruta: /public/css/client.css Método: GET no implementada
[2022-09-16T09:01:13.123] [WARN] archivoWarn - Ruta: /public/css/client.css Método: GET no implementada
[2022-09-16T09:01:18.002] [WARN] archivoWarn - Ruta: /public/css/client.css Método: GET no implementada
[2022-09-16T09:01:22.449] [WARN] archivoWarn - Ruta: /public/css/client.css Método: GET no implementada
[2022-09-16T09:27:00.072] [WARN] archivoWarn - Ruta: /public/css/client.css Método: GET no implementada
[2022-09-16T11:10:14.693] [WARN] archivoWarn - Ruta: /public/css/client.css Método: GET no implementada
[2022-09-16T14:55:44.995] [WARN] archivoWarn - Ruta: /uploadProduct Método: GET no implementada
[2022-09-16T14:56:09.339] [WARN] archivoWarn - Ruta: /uploadProduct Método: GET no implementada
[2022-09-16T14:56:27.847] [WARN] archivoWarn - Ruta: /uploadProduct Método: GET no implementada
[2022-09-16T14:56:58.709] [WARN] archivoWarn - Ruta: /uploadProduct Método: GET no implementada
[2022-09-16T14:58:12.616] [WARN] archivoWarn - Ruta: /uploadProduct Método: GET no implementada
[2022-09-16T15:01:17.231] [WARN] archivoWarn - Ruta: /uploadProduct Método: GET no implementada
[2022-09-16T15:02:28.325] [WARN] archivoWarn - Ruta: /uploadProduct Método: GET no implementada
[2022-09-16T15:03:27.582] [WARN] archivoWarn - Ruta: /uploadProduct Método: GET no implementada
[2022-09-16T15:41:06.318] [WARN] archivoWarn - Ruta: /api/%7B%7Bthis.url%7D%7D Método: GET no implementada
[2022-09-16T15:41:36.502] [WARN] archivoWarn - Ruta: /api/%7B%7Bthis.url%7D%7D Método: GET no implementada
[2022-09-16T15:42:54.089] [WARN] archivoWarn - Ruta: /%7B%7Bthis.url%7D%7D Método: GET no implementada
[2022-09-16T16:40:24.730] [WARN] archivoWarn - Ruta: /cargarproductos Método: GET no implementada
[2022-09-16T16:40:33.101] [WARN] archivoWarn - Ruta: /api/cargarproductos Método: GET no implementada
[2022-09-16T16:40:40.709] [WARN] archivoWarn - Ruta: /api/cargarproductos Método: GET no implementada
[2022-09-16T16:40:50.781] [WARN] archivoWarn - Ruta: /api/cargarproductos Método: GET no implementada
[2022-09-16T16:40:52.155] [WARN] archivoWarn - Ruta: /api/cargarproductos Método: GET no implementada
[2022-09-16T16:41:32.766] [WARN] archivoWarn - Ruta: /api/cargarproductos Método: GET no implementada
[2022-09-16T16:41:37.536] [WARN] archivoWarn - Ruta: /cargarproductos Método: GET no implementada
[2022-09-16T16:42:27.430] [WARN] archivoWarn - Ruta: /api/cargarproductos Método: GET no implementada
[2022-09-16T16:42:44.506] [WARN] archivoWarn - Ruta: /api/cargarproductos Método: GET no implementada
[2022-09-16T16:43:11.344] [WARN] archivoWarn - Ruta: /%7B%7Bthis.url%7D%7D Método: GET no implementada
[2022-09-16T16:44:26.303] [WARN] archivoWarn - Ruta: /%7B%7Bthis.url%7D%7D Método: GET no implementada
[2022-09-16T16:45:26.537] [WARN] archivoWarn - Ruta: /%7B%7Bthis.url%7D%7D Método: GET no implementada
[2022-09-16T16:45:37.499] [WARN] archivoWarn - Ruta: /%7B%7Bthis.url%7D%7D Método: GET no implementada
[2022-09-16T16:45:53.170] [WARN] archivoWarn - Ruta: /%7B%7Bthis.url%7D%7D Método: GET no implementada
[2022-09-16T16:46:06.086] [WARN] archivoWarn - Ruta: /%7B%7Bthis.url%7D%7D Método: GET no implementada
[2022-09-16T16:46:20.632] [WARN] archivoWarn - Ruta: /%7B%7Bthis.url%7D%7D Método: GET no implementada
[2022-09-16T16:46:30.625] [WARN] archivoWarn - Ruta: /%7B%7Bthis.url%7D%7D Método: GET no implementada
[2022-09-16T16:47:46.920] [WARN] archivoWarn - Ruta: /%7B%7Bthis.url%7D%7D Método: GET no implementada
[2022-09-16T16:51:13.016] [WARN] archivoWarn - Ruta: /%7B%7Bthis.url%7D%7D Método: GET no implementada
[2022-09-16T16:54:22.161] [WARN] archivoWarn - Ruta: /%7B%7Bthis.url%7D%7D Método: GET no implementada
[2022-09-16T17:43:48.758] [WARN] archivoWarn - Ruta: /mostrarproductos Método: GET no implementada
[2022-09-16T17:43:52.987] [WARN] archivoWarn - Ruta: /mostrarproductos Método: GET no implementada
[2022-09-16T18:04:06.417] [WARN] archivoWarn - Ruta: /... Método: GET no implementada
[2022-09-18T11:11:05.818] [WARN] archivoWarn - Ruta: /api/productos%3E Método: GET no implementada
[2022-09-18T11:11:38.735] [WARN] archivoWarn - Ruta: /api/productos%3E Método: GET no implementada
[2022-09-18T11:12:09.323] [WARN] archivoWarn - Ruta: /prductos Método: GET no implementada
[2022-09-18T11:12:25.671] [WARN] archivoWarn - Ruta: /productos%3E Método: GET no implementada
[2022-09-18T11:12:40.883] [WARN] archivoWarn - Ruta: /productos%3E Método: GET no implementada
[2022-09-18T11:12:55.185] [WARN] archivoWarn - Ruta: /productos%3E Método: GET no implementada
[2022-09-18T11:13:11.195] [WARN] archivoWarn - Ruta: /%3E Método: GET no implementada
[2022-09-18T11:13:40.311] [WARN] archivoWarn - Ruta: /home%3E Método: GET no implementada
[2022-09-18T11:24:27.282] [WARN] archivoWarn - Ruta: /api/borrarproductos/6324e07b3130c0b688e61b35 Método: GET no implementada
[2022-09-18T11:25:03.012] [WARN] archivoWarn - Ruta: /api/borrarproductos/6324e07b3130c0b688e61b35 Método: GET no implementada
[2022-09-18T11:25:15.538] [WARN] archivoWarn - Ruta: /api/borrarproductos/6324e07b3130c0b688e61b35 Método: GET no implementada
[2022-09-18T11:25:58.762] [WARN] archivoWarn - Ruta: /api/borrarproductos/6324e07b3130c0b688e61b35 Método: GET no implementada
[2022-09-18T11:26:20.021] [WARN] archivoWarn - Ruta: /api/borrarproductos/6324e07b3130c0b688e61b35 Método: GET no implementada
[2022-09-18T11:28:22.717] [WARN] archivoWarn - Ruta: /api/borrarproductos/6324d35a797029446b5e57d6 Método: GET no implementada
[2022-09-18T11:30:11.119] [WARN] archivoWarn - Ruta: /api/borrarproductos/6324d35a797029446b5e57d6 Método: GET no implementada
[2022-09-18T11:30:25.877] [WARN] archivoWarn - Ruta: /api/borrarproductos/6324d35a797029446b5e57d6 Método: GET no implementada
[2022-09-18T11:30:39.753] [WARN] archivoWarn - Ruta: /api/borrarproductos/6324d35a797029446b5e57d6 Método: GET no implementada
[2022-09-18T11:31:46.063] [WARN] archivoWarn - Ruta: /api/borrarproductos/ Método: GET no implementada
[2022-09-18T11:32:15.968] [WARN] archivoWarn - Ruta: /api/borrarproductos/ Método: GET no implementada
[2022-09-18T11:34:18.379] [WARN] archivoWarn - Ruta: /api/borrarproductos/6324e07b3130c0b688e61b35 Método: GET no implementada
[2022-09-18T11:34:47.482] [WARN] archivoWarn - Ruta: /api/borrarproductos/6324e07b3130c0b688e61b35 Método: GET no implementada
[2022-09-18T11:34:59.139] [WARN] archivoWarn - Ruta: /api/borrarproductos/6324e07b3130c0b688e61b35 Método: GET no implementada
[2022-09-18T19:03:02.614] [WARN] archivoWarn - Ruta: /public/css/client.css Método: GET no implementada
[2022-09-18T19:06:13.838] [WARN] archivoWarn - Ruta: /public/css/client.css Método: GET no implementada
[2022-09-18T19:06:38.913] [WARN] archivoWarn - Ruta: /public/css/client.css Método: GET no implementada
[2022-09-18T19:06:59.983] [WARN] archivoWarn - Ruta: /public/css/client.css Método: GET no implementada
[2022-09-18T19:07:30.631] [WARN] archivoWarn - Ruta: /public/css/client.css Método: GET no implementada
[2022-09-18T20:30:58.793] [WARN] archivoWarn - Ruta: /public/css/client.css Método: GET no implementada
[2022-09-18T20:33:34.238] [WARN] archivoWarn - Ruta: /public/css/client.css Método: GET no implementada
[2022-09-18T20:38:48.112] [WARN] archivoWarn - Ruta: /public/css/client.css Método: GET no implementada
[2022-09-18T20:45:01.040] [WARN] archivoWarn - Ruta: /public/css/client.css Método: GET no implementada
[2022-09-20T16:03:13.662] [WARN] archivoWarn - Ruta: /favicon.ico Método: GET no implementada
[2022-09-20T16:03:29.301] [WARN] archivoWarn - Ruta: /public/css/client.css Método: GET no implementada
[2022-09-20T16:03:29.473] [WARN] archivoWarn - Ruta: /favicon.ico Método: GET no implementada
[2022-09-20T16:04:08.741] [WARN] archivoWarn - Ruta: /favicon.ico Método: GET no implementada
[2022-09-20T16:04:11.520] [WARN] archivoWarn - Ruta: /public/css/client.css Método: GET no implementada
[2022-09-20T16:04:11.640] [WARN] archivoWarn - Ruta: /favicon.ico Método: GET no implementada
[2022-09-20T16:04:48.366] [WARN] archivoWarn - Ruta: /favicon.ico Método: GET no implementada
[2022-09-20T16:04:57.097] [WARN] archivoWarn - Ruta: /favicon.ico Método: GET no implementada
[2022-09-20T16:05:08.755] [WARN] archivoWarn - Ruta: /favicon.ico Método: GET no implementada
[2022-09-20T16:05:11.794] [WARN] archivoWarn - Ruta: /favicon.ico Método: GET no implementada
[2022-09-20T16:05:13.501] [WARN] archivoWarn - Ruta: /favicon.ico Método: GET no implementada
[2022-09-20T16:05:22.233] [WARN] archivoWarn - Ruta: /favicon.ico Método: GET no implementada
[2022-09-20T16:05:34.320] [WARN] archivoWarn - Ruta: /favicon.ico Método: GET no implementada
[2022-09-20T16:05:59.663] [WARN] archivoWarn - Ruta: /favicon.ico Método: GET no implementada
[2022-09-20T16:44:34.271] [WARN] archivoWarn - Ruta: /favicon.ico Método: GET no implementada
[2022-09-20T21:47:52.836] [WARN] archivoWarn - Ruta: /favicon.ico Método: GET no implementada
[2022-09-20T21:47:54.801] [WARN] archivoWarn - Ruta: /public/css/client.css Método: GET no implementada
[2022-09-20T21:47:54.885] [WARN] archivoWarn - Ruta: /favicon.ico Método: GET no implementada
[2022-09-20T21:52:58.977] [WARN] archivoWarn - Ruta: /favicon.ico Método: GET no implementada
[2022-09-20T21:52:59.551] [WARN] archivoWarn - Ruta: /public/css/client.css Método: GET no implementada
[2022-09-20T21:52:59.614] [WARN] archivoWarn - Ruta: /favicon.ico Método: GET no implementada
[2022-09-20T21:54:37.381] [WARN] archivoWarn - Ruta: /favicon.ico Método: GET no implementada
[2022-09-20T21:57:07.153] [WARN] archivoWarn - Ruta: /favicon.ico Método: GET no implementada
[2022-09-25T11:59:35.978] [WARN] archivoWarn - Ruta: /favicon.ico Método: GET no implementada
[2022-09-25T11:59:46.911] [WARN] archivoWarn - Ruta: /favicon.ico Método: GET no implementada
[2022-09-25T11:59:49.286] [WARN] archivoWarn - Ruta: /favicon.ico Método: GET no implementada
[2022-09-25T11:59:50.038] [WARN] archivoWarn - Ruta: /public/css/client.css Método: GET no implementada
[2022-09-25T11:59:50.175] [WARN] archivoWarn - Ruta: /favicon.ico Método: GET no implementada
[2022-09-25T11:59:52.567] [WARN] archivoWarn - Ruta: /favicon.ico Método: GET no implementada
[2022-09-25T12:01:39.114] [WARN] archivoWarn - Ruta: /favicon.ico Método: GET no implementada
[2022-09-25T12:01:40.533] [WARN] archivoWarn - Ruta: /public/css/client.css Método: GET no implementada
[2022-09-25T12:01:40.608] [WARN] archivoWarn - Ruta: /favicon.ico Método: GET no implementada
[2022-09-25T12:01:45.112] [WARN] archivoWarn - Ruta: /favicon.ico Método: GET no implementada
[2022-09-25T12:04:01.805] [WARN] archivoWarn - Ruta: /favicon.ico Método: GET no implementada
[2022-09-25T12:04:06.515] [WARN] archivoWarn - Ruta: /favicon.ico Método: GET no implementada
[2022-09-25T12:04:08.053] [WARN] archivoWarn - Ruta: /public/css/client.css Método: GET no implementada
[2022-09-25T12:04:08.140] [WARN] archivoWarn - Ruta: /favicon.ico Método: GET no implementada
[2022-09-25T12:09:14.265] [WARN] archivoWarn - Ruta: /public/css/client.css Método: GET no implementada
[2022-09-25T12:09:14.421] [WARN] archivoWarn - Ruta: /favicon.ico Método: GET no implementada
[2022-09-25T12:09:18.584] [WARN] archivoWarn - Ruta: /favicon.ico Método: GET no implementada
[2022-09-25T12:09:23.903] [WARN] archivoWarn - Ruta: /favicon.ico Método: GET no implementada
[2022-09-25T12:09:25.501] [WARN] archivoWarn - Ruta: /favicon.ico Método: GET no implementada
[2022-09-25T12:09:27.375] [WARN] archivoWarn - Ruta: /public/css/client.css Método: GET no implementada
[2022-09-25T12:09:27.449] [WARN] archivoWarn - Ruta: /favicon.ico Método: GET no implementada
[2022-09-25T12:15:17.427] [WARN] archivoWarn - Ruta: /favicon.ico Método: GET no implementada
[2022-09-25T12:15:26.241] [WARN] archivoWarn - Ruta: /favicon.ico Método: GET no implementada
[2022-09-25T12:15:28.608] [WARN] archivoWarn - Ruta: /favicon.ico Método: GET no implementada
[2022-09-25T12:20:03.588] [WARN] archivoWarn - Ruta: /public/css/client.css Método: GET no implementada
[2022-09-25T12:21:25.963] [WARN] archivoWarn - Ruta: /favicon.ico Método: GET no implementada
[2022-09-25T12:21:41.232] [WARN] archivoWarn - Ruta: /favicon.ico Método: GET no implementada
[2022-09-25T12:21:43.434] [WARN] archivoWarn - Ruta: /public/css/client.css Método: GET no implementada
[2022-09-25T12:21:43.513] [WARN] archivoWarn - Ruta: /favicon.ico Método: GET no implementada
[2022-09-25T12:23:42.463] [WARN] archivoWarn - Ruta: /favicon.ico Método: GET no implementada
[2022-09-25T12:24:01.912] [WARN] archivoWarn - Ruta: /favicon.ico Método: GET no implementada
[2022-09-25T12:24:36.499] [WARN] archivoWarn - Ruta: /favicon.ico Método: GET no implementada
[2022-09-25T12:25:21.581] [WARN] archivoWarn - Ruta: /favicon.ico Método: GET no implementada
[2022-09-25T12:30:29.135] [WARN] archivoWarn - Ruta: /favicon.ico Método: GET no implementada
[2022-09-25T12:30:37.479] [WARN] archivoWarn - Ruta: /favicon.ico Método: GET no implementada
[2022-09-25T12:30:43.561] [WARN] archivoWarn - Ruta: /favicon.ico Método: GET no implementada
[2022-09-25T12:30:45.524] [WARN] archivoWarn - Ruta: /favicon.ico Método: GET no implementada
[2022-09-25T12:33:40.503] [WARN] archivoWarn - Ruta: /favicon.ico Método: GET no implementada
[2022-09-25T12:35:46.479] [WARN] archivoWarn - Ruta: /favicon.ico Método: GET no implementada
[2022-09-25T12:37:01.471] [WARN] archivoWarn - Ruta: /favicon.ico Método: GET no implementada
[2022-09-25T12:37:09.837] [WARN] archivoWarn - Ruta: /favicon.ico Método: GET no implementada
[2022-09-25T12:37:15.291] [WARN] archivoWarn - Ruta: /favicon.ico Método: GET no implementada
[2022-09-25T12:37:16.712] [WARN] archivoWarn - Ruta: /favicon.ico Método: GET no implementada
[2022-09-25T12:37:32.384] [WARN] archivoWarn - Ruta: /favicon.ico Método: GET no implementada
[2022-09-25T12:37:39.808] [WARN] archivoWarn - Ruta: /favicon.ico Método: GET no implementada
[2022-09-25T12:37:41.351] [WARN] archivoWarn - Ruta: /favicon.ico Método: GET no implementada
[2022-09-25T12:38:35.840] [WARN] archivoWarn - Ruta: /favicon.ico Método: GET no implementada
[2022-09-25T12:39:01.689] [WARN] archivoWarn - Ruta: /favicon.ico Método: GET no implementada
[2022-09-25T12:39:03.518] [WARN] archivoWarn - Ruta: /favicon.ico Método: GET no implementada
[2022-09-25T12:43:12.079] [WARN] archivoWarn - Ruta: /favicon.ico Método: GET no implementada
[2022-09-25T12:43:29.955] [WARN] archivoWarn - Ruta: /favicon.ico Método: GET no implementada
[2022-09-25T12:50:18.475] [WARN] archivoWarn - Ruta: /favicon.ico Método: GET no implementada
[2022-09-25T12:51:28.160] [WARN] archivoWarn - Ruta: /favicon.ico Método: GET no implementada
[2022-09-25T12:52:46.685] [WARN] archivoWarn - Ruta: /favicon.ico Método: GET no implementada
[2022-09-25T12:53:52.370] [WARN] archivoWarn - Ruta: /favicon.ico Método: GET no implementada
[2022-09-25T18:37:23.252] [WARN] archivoWarn - Ruta: /favicon.ico Método: GET no implementada
[2022-09-25T18:37:34.514] [WARN] archivoWarn - Ruta: /favicon.ico Método: GET no implementada
[2022-09-25T18:37:41.186] [WARN] archivoWarn - Ruta: /favicon.ico Método: GET no implementada
[2022-09-25T18:37:46.278] [WARN] archivoWarn - Ruta: /favicon.ico Método: GET no implementada
[2022-09-25T18:37:50.055] [WARN] archivoWarn - Ruta: /favicon.ico Método: GET no implementada
[2022-09-25T18:38:54.577] [WARN] archivoWarn - Ruta: /favicon.ico Método: GET no implementada
[2022-09-25T18:40:51.322] [WARN] archivoWarn - Ruta: /favicon.ico Método: GET no implementada
[2022-09-25T18:41:04.875] [WARN] archivoWarn - Ruta: /favicon.ico Método: GET no implementada
[2022-09-25T18:41:36.957] [WARN] archivoWarn - Ruta: /favicon.ico Método: GET no implementada
[2022-09-25T18:41:43.928] [WARN] archivoWarn - Ruta: /favicon.ico Método: GET no implementada
[2022-09-25T18:41:50.611] [WARN] archivoWarn - Ruta: /favicon.ico Método: GET no implementada
